2018-06-05 14:23:50,506 INFO 5: POS,0,C90C,4.09,1.08,0.01,100,x35

2018-06-05 14:23:50,508 INFO 6: POS,0,C90C,4.09,1.07,0.02,100,x36

2018-06-05 14:23:50,511 INFO 7: POS,0,C90C,4.09,1.09,0.02,100,x37

2018-06-05 14:23:50,513 INFO 8: POS,0,C90C,4.07,1.08,0.02,100,x38

2018-06-05 14:23:50,546 INFO 9: POS,0,C90C,4.08,1.08,0.01,100,x39

2018-06-05 14:23:50,646 INFO 10: POS,0,C90C,4.08,1.08,0.01,100,x3A

2018-06-05 14:23:50,746 INFO 11: POS,0,C90C,4.09,1.06,0.02,100,x3B

2018-06-05 14:23:50,846 INFO 12: POS,0,C90C,4.08,1.06,0.01,100,x3C

2018-06-05 14:23:50,946 INFO 13: POS,0,C90C,4.08,1.07,0.01,100,x3D

2018-06-05 14:23:51,046 INFO 14: POS,0,C90C,4.09,1.07,-0.01,100,x3E

2018-06-05 14:23:51,146 INFO 15: POS,0,C90C,4.09,1.07,-0.01,100,x3F

2018-06-05 14:23:51,246 INFO 16: POS,0,C90C,4.10,1.06,-0.01,100,x40

2018-06-05 14:23:51,346 INFO 17: POS,0,C90C,4.10,1.06,-0.01,100,x41

2018-06-05 14:23:51,446 INFO 18: POS,0,C90C,4.10,1.06,-0.00,100,x42

2018-06-05 14:23:51,546 INFO 19: POS,0,C90C,4.10,1.06,0.00,100,x43

2018-06-05 14:23:51,647 INFO 20: POS,0,C90C,4.09,1.06,0.01,100,x44

2018-06-05 14:23:51,747 INFO 21: POS,0,C90C,4.09,1.06,0.00,100,x45

2018-06-05 14:23:51,847 INFO 22: POS,0,C90C,4.10,1.05,-0.00,100,x46

2018-06-05 14:23:51,947 INFO 23: POS,0,C90C,4.09,1.05,-0.00,100,x47

2018-06-05 14:23:52,047 INFO 24: POS,0,C90C,4.08,1.05,0.00,100,x48

2018-06-05 14:23:52,147 INFO 25: POS,0,C90C,4.07,1.05,0.00,100,x49

2018-06-05 14:23:52,247 INFO 26: POS,0,C90C,4.07,1.05,0.00,100,x4A

2018-06-05 14:23:52,348 INFO 27: POS,0,C90C,4.08,1.06,-0.00,100,x4B

2018-06-05 14:23:52,447 INFO 28: POS,0,C90C,4.09,1.05,0.01,100,x4C

2018-06-05 14:23:52,547 INFO 29: POS,0,C90C,4.07,1.07,0.01,100,x4D

2018-06-05 14:23:52,647 INFO 30: POS,0,C90C,4.07,1.08,0.01,100,x4E

2018-06-05 14:23:52,747 INFO 31: POS,0,C90C,4.08,1.07,0.02,100,x4F

2018-06-05 14:23:52,847 INFO 32: POS,0,C90C,4.08,1.08,0.02,100,x50

2018-06-05 14:23:52,947 INFO 33: POS,0,C90C,4.09,1.07,0.02,100,x51

2018-06-05 14:23:53,047 INFO 34: POS,0,C90C,4.06,1.08,0.02,100,x52

2018-06-05 14:23:53,148 INFO 35: POS,0,C90C,4.03,1.16,-0.01,50,x53

2018-06-05 14:23:53,247 INFO 36: POS,0,C90C,4.05,1.14,-0.01,100,x54

2018-06-05 14:23:53,347 INFO 37: POS,0,C90C,4.06,1.12,-0.01,100,x55

2018-06-05 14:23:53,447 INFO 38: POS,0,C90C,4.07,1.12,-0.02,100,x56

2018-06-05 14:23:53,547 INFO 39: POS,0,C90C,4.07,1.11,-0.01,100,x57

2018-06-05 14:23:53,647 INFO 40: POS,0,C90C,4.08,1.10,0.00,100,x58

2018-06-05 14:23:53,747 INFO 41: POS,0,C90C,4.08,1.10,0.01,100,x59

2018-06-05 14:23:53,847 INFO 42: POS,0,C90C,4.08,1.09,0.02,100,x5A

2018-06-05 14:23:53,945 INFO 43: POS,0,C90C,4.07,1.09,0.01,100,x5B

2018-06-05 14:23:54,045 INFO 44: POS,0,C90C,4.09,1.07,0.01,100,x5C

2018-06-05 14:23:54,145 INFO 45: POS,0,C90C,4.08,1.08,0.01,100,x5D

2018-06-05 14:23:54,245 INFO 46: POS,0,C90C,4.08,1.08,0.01,100,x5E

2018-06-05 14:23:54,345 INFO 47: POS,0,C90C,4.07,1.08,0.01,100,x5F

2018-06-05 14:23:54,445 INFO 48: POS,0,C90C,4.07,1.08,0.02,100,x60

2018-06-05 14:23:54,545 INFO 49: POS,0,C90C,4.07,1.09,0.01,100,x61

2018-06-05 14:23:54,645 INFO 50: POS,0,C90C,4.06,1.09,0.01,100,x62

2018-06-05 14:23:54,745 INFO 51: POS,0,C90C,4.07,1.08,0.01,100,x63

2018-06-05 14:23:54,845 INFO 52: POS,0,C90C,4.07,1.09,0.01,100,x64

2018-06-05 14:23:54,945 INFO 53: POS,0,C90C,4.07,1.10,0.01,100,x65

2018-06-05 14:23:55,045 INFO 54: POS,0,C90C,4.07,1.11,0.01,100,x66

2018-06-05 14:23:55,145 INFO 55: POS,0,C90C,4.08,1.10,-0.01,100,x67

2018-06-05 14:23:55,245 INFO 56: POS,0,C90C,4.07,1.09,0.00,100,x68

2018-06-05 14:23:55,345 INFO 57: POS,0,C90C,4.07,1.09,0.01,100,x69

2018-06-05 14:23:55,445 INFO 58: POS,0,C90C,4.07,1.09,0.01,100,x6A

2018-06-05 14:23:55,545 INFO 59: POS,0,C90C,4.07,1.09,0.02,100,x6B

2018-06-05 14:23:55,647 INFO 60: POS,0,C90C,4.07,1.08,0.02,100,x6C

2018-06-05 14:23:55,747 INFO 61: POS,0,C90C,4.07,1.08,0.02,100,x6D

2018-06-05 14:23:55,847 INFO 62: POS,0,C90C,4.08,1.09,0.02,100,x6E

2018-06-05 14:23:55,947 INFO 63: POS,0,C90C,4.08,1.10,0.02,100,x6F

2018-06-05 14:23:56,047 INFO 64: POS,0,C90C,4.08,1.11,0.02,100,x70

2018-06-05 14:23:56,147 INFO 65: POS,0,C90C,4.08,1.11,0.02,100,x71

2018-06-05 14:23:56,247 INFO 66: POS,0,C90C,4.07,1.11,0.02,100,x72

2018-06-05 14:23:56,347 INFO 67: POS,0,C90C,4.09,1.10,0.02,100,x73

2018-06-05 14:23:56,447 INFO 68: POS,0,C90C,4.08,1.11,0.02,100,x74

2018-06-05 14:23:56,547 INFO 69: POS,0,C90C,4.09,1.11,0.01,100,x75

2018-06-05 14:23:56,647 INFO 70: POS,0,C90C,4.09,1.11,0.02,100,x76

2018-06-05 14:23:56,747 INFO 71: POS,0,C90C,4.06,1.12,0.02,100,x77

2018-06-05 14:23:56,847 INFO 72: POS,0,C90C,4.07,1.13,0.03,100,x78

2018-06-05 14:23:56,947 INFO 73: POS,0,C90C,4.08,1.11,0.03,100,x79

2018-06-05 14:23:57,047 INFO 74: POS,0,C90C,4.07,1.11,0.03,100,x7A

2018-06-05 14:23:57,147 INFO 75: POS,0,C90C,4.08,1.12,0.03,100,x7B

2018-06-05 14:23:57,247 INFO 76: POS,0,C90C,4.07,1.13,0.03,100,x7C

2018-06-05 14:23:57,347 INFO 77: POS,0,C90C,4.08,1.11,0.03,100,x7D

2018-06-05 14:23:57,447 INFO 78: POS,0,C90C,4.08,1.13,0.02,100,x7E

2018-06-05 14:23:57,547 INFO 79: POS,0,C90C,4.07,1.14,0.03,100,x7F

2018-06-05 14:23:57,647 INFO 80: POS,0,C90C,4.08,1.13,0.02,100,x80

2018-06-05 14:23:57,747 INFO 81: POS,0,C90C,4.08,1.12,0.03,100,x81

2018-06-05 14:23:57,847 INFO 82: POS,0,C90C,4.08,1.12,0.02,100,x82

2018-06-05 14:23:57,947 INFO 83: POS,0,C90C,4.09,1.12,0.03,100,x83

2018-06-05 14:23:58,047 INFO 84: POS,0,C90C,4.08,1.13,0.02,100,x84

2018-06-05 14:23:58,147 INFO 85: POS,0,C90C,4.08,1.12,0.02,100,x85

2018-06-05 14:23:58,248 INFO 86: POS,0,C90C,4.08,1.13,0.02,100,x86

2018-06-05 14:23:58,347 INFO 87: POS,0,C90C,4.08,1.13,0.02,100,x87

2018-06-05 14:23:58,448 INFO 88: POS,0,C90C,4.08,1.13,0.02,100,x88

2018-06-05 14:23:58,547 INFO 89: POS,0,C90C,4.03,1.11,0.06,50,x89

2018-06-05 14:23:58,647 INFO 90: POS,0,C90C,4.02,1.12,0.06,100,x8A

2018-06-05 14:23:58,748 INFO 91: POS,0,C90C,4.04,1.11,0.04,100,x8B

2018-06-05 14:23:58,847 INFO 92: POS,0,C90C,4.05,1.11,0.04,100,x8C

2018-06-05 14:23:58,945 INFO 93: POS,0,C90C,4.04,1.14,0.04,100,x8D

2018-06-05 14:23:59,045 INFO 94: POS,0,C90C,4.04,1.13,0.04,100,x8E

2018-06-05 14:23:59,145 INFO 95: POS,0,C90C,4.04,1.13,0.04,100,x8F

2018-06-05 14:23:59,245 INFO 96: POS,0,C90C,4.05,1.12,0.04,100,x90

2018-06-05 14:23:59,345 INFO 97: POS,0,C90C,4.06,1.12,0.03,100,x91

2018-06-05 14:23:59,445 INFO 98: POS,0,C90C,4.05,1.13,0.03,50,x92

2018-06-05 14:23:59,545 INFO 99: POS,0,C90C,4.06,1.14,0.02,100,x93

2018-06-05 14:23:59,645 INFO 100: POS,0,C90C,4.06,1.15,0.02,100,x94

2018-06-05 14:23:59,745 INFO 101: POS,0,C90C,4.06,1.15,0.03,100,x95

2018-06-05 14:23:59,845 INFO 102: POS,0,C90C,4.07,1.15,0.03,100,x96

2018-06-05 14:23:59,945 INFO 103: POS,0,C90C,4.07,1.14,0.03,100,x97

2018-06-05 14:24:00,045 INFO 104: POS,0,C90C,4.07,1.15,0.03,100,x98

2018-06-05 14:24:00,147 INFO 105: POS,0,C90C,4.07,1.16,0.02,100,x99

2018-06-05 14:24:00,247 INFO 106: POS,0,C90C,4.07,1.15,0.02,100,x9A

2018-06-05 14:24:00,347 INFO 107: POS,0,C90C,4.07,1.15,0.03,100,x9B

2018-06-05 14:24:00,447 INFO 108: POS,0,C90C,4.07,1.14,0.04,100,x9C

2018-06-05 14:24:00,547 INFO 109: POS,0,C90C,4.07,1.15,0.02,100,x9D

2018-06-05 14:24:00,647 INFO 110: POS,0,C90C,4.07,1.16,0.02,100,x9E

2018-06-05 14:24:00,747 INFO 111: POS,0,C90C,4.06,1.15,0.02,100,x9F

2018-06-05 14:24:00,847 INFO 112: POS,0,C90C,4.07,1.14,0.03,100,xA0

2018-06-05 14:24:00,947 INFO 113: POS,0,C90C,4.07,1.13,0.04,100,xA1

2018-06-05 14:24:01,047 INFO 114: POS,0,C90C,4.06,1.13,0.03,100,xA2

2018-06-05 14:24:01,147 INFO 115: POS,0,C90C,4.03,1.14,0.06,50,xA3

2018-06-05 14:24:01,247 INFO 116: POS,0,C90C,4.04,1.15,0.06,100,xA4

2018-06-05 14:24:01,347 INFO 117: POS,0,C90C,4.06,1.14,0.05,100,xA5

2018-06-05 14:24:01,447 INFO 118: POS,0,C90C,4.06,1.14,0.04,100,xA6

2018-06-05 14:24:01,547 INFO 119: POS,0,C90C,4.07,1.14,0.03,100,xA7

2018-06-05 14:24:01,647 INFO 120: POS,0,C90C,4.06,1.14,0.04,100,xA8

2018-06-05 14:24:01,747 INFO 121: POS,0,C90C,4.05,1.14,0.03,100,xA9

2018-06-05 14:24:01,847 INFO 122: POS,0,C90C,4.05,1.15,0.03,100,xAA

2018-06-05 14:24:01,947 INFO 123: POS,0,C90C,4.06,1.17,0.03,100,xAB

2018-06-05 14:24:02,047 INFO 124: POS,0,C90C,4.07,1.17,0.03,100,xAC

2018-06-05 14:24:02,147 INFO 125: POS,0,C90C,4.07,1.16,0.04,100,xAD

2018-06-05 14:24:02,247 INFO 126: POS,0,C90C,4.08,1.16,0.03,100,xAE

2018-06-05 14:24:02,348 INFO 127: POS,0,C90C,4.06,1.17,0.03,100,xAF

2018-06-05 14:24:02,447 INFO 128: POS,0,C90C,4.07,1.16,0.04,100,xB0

2018-06-05 14:24:02,547 INFO 129: POS,0,C90C,4.07,1.16,0.03,100,xB1

2018-06-05 14:24:02,647 INFO 130: POS,0,C90C,4.08,1.16,0.03,100,xB2

2018-06-05 14:24:02,747 INFO 131: POS,0,C90C,4.07,1.17,0.04,100,xB3

2018-06-05 14:24:02,847 INFO 132: POS,0,C90C,4.07,1.16,0.04,100,xB4

2018-06-05 14:24:02,947 INFO 133: POS,0,C90C,4.07,1.16,0.03,100,xB5

2018-06-05 14:24:03,047 INFO 134: POS,0,C90C,4.07,1.16,0.03,100,xB6

2018-06-05 14:24:03,147 INFO 135: POS,0,C90C,4.05,1.17,0.03,100,xB7

2018-06-05 14:24:03,247 INFO 136: POS,0,C90C,4.06,1.15,0.02,100,xB8

2018-06-05 14:24:03,347 INFO 137: POS,0,C90C,4.06,1.15,0.03,100,xB9

2018-06-05 14:24:03,445 INFO 138: POS,0,C90C,4.07,1.15,0.03,100,xBA

2018-06-05 14:24:03,545 INFO 139: POS,0,C90C,4.07,1.15,0.03,100,xBB

2018-06-05 14:24:03,645 INFO 140: POS,0,C90C,4.05,1.15,0.03,100,xBC

2018-06-05 14:24:03,745 INFO 141: POS,0,C90C,4.04,1.15,0.03,100,xBD

2018-06-05 14:24:03,845 INFO 142: POS,0,C90C,4.05,1.15,0.04,100,xBE

2018-06-05 14:24:03,945 INFO 143: POS,0,C90C,4.02,1.20,0.01,50,xBF

2018-06-05 14:24:04,045 INFO 144: POS,0,C90C,4.03,1.19,0.01,100,xC0

2018-06-05 14:24:04,145 INFO 145: POS,0,C90C,4.04,1.18,0.02,100,xC1

2018-06-05 14:24:04,245 INFO 146: POS,0,C90C,4.02,1.23,0.00,50,xC2

2018-06-05 14:24:04,345 INFO 147: POS,0,C90C,4.03,1.21,0.00,100,xC3

2018-06-05 14:24:04,445 INFO 148: POS,0,C90C,4.05,1.19,0.01,100,xC4

2018-06-05 14:24:04,545 INFO 149: POS,0,C90C,4.05,1.18,0.02,100,xC5

2018-06-05 14:24:04,645 INFO 150: POS,0,C90C,4.06,1.16,0.02,100,xC6

2018-06-05 14:24:04,745 INFO 151: POS,0,C90C,4.07,1.14,0.03,100,xC7

2018-06-05 14:24:04,845 INFO 152: POS,0,C90C,4.06,1.14,0.03,100,xC8

2018-06-05 14:24:04,945 INFO 153: POS,0,C90C,4.06,1.14,0.02,100,xC9

2018-06-05 14:24:05,045 INFO 154: POS,0,C90C,4.07,1.14,0.02,100,xCA

2018-06-05 14:24:05,145 INFO 155: POS,0,C90C,4.07,1.15,0.01,100,xCB

2018-06-05 14:24:05,245 INFO 156: POS,0,C90C,4.05,1.16,0.02,100,xCC

2018-06-05 14:24:05,345 INFO 157: POS,0,C90C,4.05,1.16,0.03,100,xCD

2018-06-05 14:24:05,445 INFO 158: POS,0,C90C,4.06,1.15,0.03,100,xCE

2018-06-05 14:24:05,545 INFO 159: POS,0,C90C,4.07,1.14,0.03,100,xCF

2018-06-05 14:24:05,645 INFO 160: POS,0,C90C,4.08,1.14,0.03,100,xD0

2018-06-05 14:24:05,745 INFO 161: POS,0,C90C,4.07,1.16,0.03,100,xD1

2018-06-05 14:24:05,845 INFO 162: POS,0,C90C,4.05,1.17,0.03,100,xD2

2018-06-05 14:24:05,945 INFO 163: POS,0,C90C,4.06,1.16,0.03,100,xD3

2018-06-05 14:24:06,045 INFO 164: POS,0,C90C,4.06,1.15,0.03,100,xD4

2018-06-05 14:24:06,145 INFO 165: POS,0,C90C,4.03,1.22,0.02,50,xD5

2018-06-05 14:24:06,245 INFO 166: POS,0,C90C,4.04,1.21,0.01,100,xD6

2018-06-05 14:24:06,345 INFO 167: POS,0,C90C,4.02,1.26,-0.02,50,xD7

2018-06-05 14:24:06,445 INFO 168: POS,0,C90C,4.03,1.23,-0.01,100,xD8

2018-06-05 14:24:06,545 INFO 169: POS,0,C90C,4.05,1.20,-0.00,100,xD9

2018-06-05 14:24:06,645 INFO 170: POS,0,C90C,4.02,1.23,-0.02,50,xDA

2018-06-05 14:24:06,745 INFO 171: POS,0,C90C,4.03,1.21,-0.00,100,xDB

2018-06-05 14:24:06,845 INFO 172: POS,0,C90C,4.04,1.20,0.01,100,xDC

2018-06-05 14:24:06,945 INFO 173: POS,0,C90C,4.05,1.19,0.00,100,xDD

2018-06-05 14:24:07,045 INFO 174: POS,0,C90C,4.05,1.17,0.01,100,xDE

2018-06-05 14:24:07,145 INFO 175: POS,0,C90C,4.07,1.15,0.02,100,xDF

2018-06-05 14:24:07,245 INFO 176: POS,0,C90C,4.07,1.15,0.02,100,xE0

2018-06-05 14:24:07,345 INFO 177: POS,0,C90C,4.05,1.16,0.02,100,xE1

2018-06-05 14:24:07,445 INFO 178: POS,0,C90C,4.06,1.16,0.02,100,xE2

2018-06-05 14:24:07,545 INFO 179: POS,0,C90C,4.04,1.16,0.03,100,xE3

2018-06-05 14:24:07,645 INFO 180: POS,0,C90C,4.02,1.16,0.03,100,xE4

2018-06-05 14:24:07,745 INFO 181: POS,0,C90C,4.03,1.16,0.03,100,xE5

2018-06-05 14:24:07,845 INFO 182: POS,0,C90C,4.03,1.17,0.02,100,xE6

2018-06-05 14:24:07,945 INFO 183: POS,0,C90C,4.04,1.15,0.02,100,xE7

2018-06-05 14:24:08,045 INFO 184: POS,0,C90C,4.05,1.14,0.02,100,xE8

2018-06-05 14:24:08,145 INFO 185: POS,0,C90C,4.05,1.15,0.01,100,xE9

2018-06-05 14:24:08,245 INFO 186: POS,0,C90C,4.06,1.15,0.02,100,xEA

2018-06-05 14:24:08,345 INFO 187: POS,0,C90C,4.07,1.15,0.01,100,xEB

2018-06-05 14:24:08,446 INFO 188: POS,0,C90C,4.06,1.15,0.01,100,xEC

2018-06-05 14:24:08,545 INFO 189: POS,0,C90C,4.07,1.14,0.01,100,xED

2018-06-05 14:24:08,645 INFO 190: POS,0,C90C,4.08,1.14,0.01,100,xEE

2018-06-05 14:24:08,745 INFO 191: POS,0,C90C,4.08,1.13,0.01,100,xEF

2018-06-05 14:24:08,845 INFO 192: POS,0,C90C,4.03,1.13,0.05,50,xF0

2018-06-05 14:24:08,946 INFO 193: POS,0,C90C,4.03,1.15,0.05,100,xF1

2018-06-05 14:24:09,045 INFO 194: POS,0,C90C,4.03,1.15,0.03,100,xF2

2018-06-05 14:24:09,145 INFO 195: POS,0,C90C,4.05,1.14,0.02,100,xF3

2018-06-05 14:24:09,245 INFO 196: POS,0,C90C,4.06,1.13,0.02,100,xF4

2018-06-05 14:24:09,345 INFO 197: POS,0,C90C,4.06,1.14,0.02,100,xF5

2018-06-05 14:24:09,445 INFO 198: POS,0,C90C,4.06,1.13,0.02,100,xF6

2018-06-05 14:24:09,545 INFO 199: POS,0,C90C,4.06,1.14,0.02,100,xF7

2018-06-05 14:24:09,645 INFO 200: POS,0,C90C,4.04,1.17,0.00,100,xF8

2018-06-05 14:24:09,745 INFO 201: POS,0,C90C,4.04,1.19,0.00,100,xF9

2018-06-05 14:24:09,845 INFO 202: POS,0,C90C,4.05,1.19,-0.00,100,xFA

2018-06-05 14:24:09,945 INFO 203: POS,0,C90C,4.05,1.19,0.00,100,xFB

2018-06-05 14:24:10,045 INFO 204: POS,0,C90C,4.06,1.16,0.01,100,xFC

2018-06-05 14:24:10,145 INFO 205: POS,0,C90C,4.06,1.14,0.01,100,xFD

2018-06-05 14:24:10,245 INFO 206: POS,0,C90C,4.07,1.13,0.02,100,xFE

2018-06-05 14:24:10,345 INFO 207: POS,0,C90C,4.07,1.12,0.02,100,xFF

2018-06-05 14:24:10,445 INFO 208: POS,0,C90C,4.07,1.12,0.01,100,x00

2018-06-05 14:24:10,545 INFO 209: POS,0,C90C,4.06,1.12,0.02,100,x01

2018-06-05 14:24:10,645 INFO 210: POS,0,C90C,4.06,1.13,0.02,100,x02

2018-06-05 14:24:10,745 INFO 211: POS,0,C90C,4.06,1.13,0.02,100,x03

2018-06-05 14:24:10,845 INFO 212: POS,0,C90C,4.05,1.14,0.02,100,x04

2018-06-05 14:24:10,945 INFO 213: POS,0,C90C,4.04,1.14,0.01,100,x05

2018-06-05 14:24:11,045 INFO 214: POS,0,C90C,4.03,1.16,0.00,100,x06

2018-06-05 14:24:11,145 INFO 215: POS,0,C90C,4.03,1.18,0.00,50,x07

2018-06-05 14:24:11,245 INFO 216: POS,0,C90C,4.04,1.16,0.01,100,x08

2018-06-05 14:24:11,345 INFO 217: POS,0,C90C,4.06,1.15,0.01,100,x09

2018-06-05 14:24:11,445 INFO 218: POS,0,C90C,4.06,1.14,0.01,100,x0A

2018-06-05 14:24:11,545 INFO 219: POS,0,C90C,4.06,1.14,0.00,100,x0B

2018-06-05 14:24:11,645 INFO 220: POS,0,C90C,4.06,1.14,0.01,100,x0C

2018-06-05 14:24:11,745 INFO 221: POS,0,C90C,4.06,1.14,0.02,100,x0D

2018-06-05 14:24:11,845 INFO 222: POS,0,C90C,4.07,1.14,0.01,100,x0E

2018-06-05 14:24:11,945 INFO 223: POS,0,C90C,4.05,1.14,0.01,100,x0F

2018-06-05 14:24:12,045 INFO 224: POS,0,C90C,4.05,1.17,0.01,100,x10

2018-06-05 14:24:12,145 INFO 225: POS,0,C90C,4.07,1.17,0.02,100,x11

2018-06-05 14:24:12,245 INFO 226: POS,0,C90C,4.09,1.17,0.02,100,x12

2018-06-05 14:24:12,345 INFO 227: POS,0,C90C,4.10,1.16,0.03,100,x13

2018-06-05 14:24:12,445 INFO 228: POS,0,C90C,4.10,1.17,0.01,100,x14

2018-06-05 14:24:12,545 INFO 229: POS,0,C90C,4.07,1.19,0.03,90,x15

2018-06-05 14:24:12,645 INFO 230: POS,0,C90C,4.05,1.20,0.03,87,x16

2018-06-05 14:24:12,745 INFO 231: POS,0,C90C,4.06,1.11,0.04,100,x17

2018-06-05 14:24:12,845 INFO 232: POS,0,C90C,4.01,1.07,0.08,97,x18

2018-06-05 14:24:12,945 INFO 233: POS,0,C90C,4.00,1.06,0.04,100,x19

2018-06-05 14:24:13,045 INFO 234: POS,0,C90C,3.98,1.01,0.07,100,x1A

2018-06-05 14:24:13,145 INFO 235: POS,0,C90C,3.97,0.95,0.11,100,x1B

2018-06-05 14:24:13,245 INFO 236: POS,0,C90C,3.97,0.96,0.19,50,x1C

2018-06-05 14:24:13,345 INFO 237: POS,0,C90C,3.95,0.91,0.20,100,x1D

2018-06-05 14:24:13,445 INFO 238: POS,0,C90C,3.94,0.87,0.21,100,x1E

2018-06-05 14:24:13,545 INFO 239: POS,0,C90C,3.93,0.81,0.21,100,x1F

2018-06-05 14:24:13,645 INFO 240: POS,0,C90C,3.94,0.78,0.22,100,x20

2018-06-05 14:24:13,745 INFO 241: POS,0,C90C,3.95,0.75,0.24,100,x21

2018-06-05 14:24:13,845 INFO 242: POS,0,C90C,3.96,0.71,0.25,100,x22

2018-06-05 14:24:13,945 INFO 243: POS,0,C90C,3.98,0.72,0.28,50,x23

2018-06-05 14:24:14,045 INFO 244: POS,0,C90C,3.98,0.69,0.28,100,x24

2018-06-05 14:24:14,145 INFO 245: POS,0,C90C,3.98,0.67,0.27,100,x25

2018-06-05 14:24:14,245 INFO 246: POS,0,C90C,4.01,0.64,0.24,100,x26

2018-06-05 14:24:14,345 INFO 247: POS,0,C90C,4.03,0.62,0.23,100,x27

2018-06-05 14:24:14,445 INFO 248: POS,0,C90C,4.04,0.59,0.23,100,x28

2018-06-05 14:24:14,545 INFO 249: POS,0,C90C,4.07,0.57,0.25,86,x29

2018-06-05 14:24:14,645 INFO 250: POS,0,C90C,4.07,0.53,0.28,93,x2A

2018-06-05 14:24:14,745 INFO 251: POS,0,C90C,4.08,0.48,0.31,96,x2B

2018-06-05 14:24:14,845 INFO 252: POS,0,C90C,4.08,0.46,0.33,99,x2C

2018-06-05 14:24:14,945 INFO 253: POS,0,C90C,4.06,0.43,0.33,100,x2D

2018-06-05 14:24:15,045 INFO 254: POS,0,C90C,4.06,0.40,0.34,100,x2E

2018-06-05 14:24:15,145 INFO 255: POS,0,C90C,4.05,0.40,0.34,100,x2F

2018-06-05 14:24:15,245 INFO 256: POS,0,C90C,4.04,0.39,0.34,100,x30

2018-06-05 14:24:15,345 INFO 257: POS,0,C90C,4.04,0.38,0.34,100,x31

2018-06-05 14:24:15,445 INFO 258: POS,0,C90C,4.04,0.36,0.34,100,x32

2018-06-05 14:24:15,545 INFO 259: POS,0,C90C,4.04,0.35,0.35,100,x33

2018-06-05 14:24:15,647 INFO 260: POS,0,C90C,4.04,0.35,0.35,100,x34

2018-06-05 14:24:15,748 INFO 261: POS,0,C90C,4.04,0.36,0.35,100,x35

2018-06-05 14:24:15,847 INFO 262: POS,0,C90C,4.04,0.36,0.35,100,x36

2018-06-05 14:24:15,947 INFO 263: POS,0,C90C,4.04,0.38,0.35,100,x37

2018-06-05 14:24:16,047 INFO 264: POS,0,C90C,4.04,0.38,0.34,50,x38

2018-06-05 14:24:16,147 INFO 265: POS,0,C90C,4.04,0.40,0.34,100,x39

2018-06-05 14:24:16,247 INFO 266: POS,0,C90C,4.04,0.41,0.34,100,x3A

2018-06-05 14:24:16,347 INFO 267: POS,0,C90C,4.03,0.39,0.34,100,x3B

2018-06-05 14:24:16,447 INFO 268: POS,0,C90C,4.03,0.40,0.34,100,x3C

2018-06-05 14:24:16,648 INFO 270: POS,0,C90C,4.03,0.39,0.33,100,x3E

2018-06-05 14:24:16,748 INFO 271: POS,0,C90C,4.04,0.39,0.34,100,x3F

2018-06-05 14:24:16,847 INFO 272: POS,0,C90C,4.04,0.42,0.34,50,x40

2018-06-05 14:24:16,948 INFO 273: POS,0,C90C,4.04,0.41,0.33,100,x41

2018-06-05 14:24:17,047 INFO 274: POS,0,C90C,4.04,0.42,0.35,50,x42

2018-06-05 14:24:17,147 INFO 275: POS,0,C90C,4.04,0.40,0.34,100,x43

2018-06-05 14:24:17,247 INFO 276: POS,0,C90C,4.04,0.39,0.34,100,x44

2018-06-05 14:24:17,347 INFO 277: POS,0,C90C,4.03,0.39,0.33,100,x45

2018-06-05 14:24:17,447 INFO 278: POS,0,C90C,4.03,0.40,0.32,100,x46

2018-06-05 14:24:17,547 INFO 279: POS,0,C90C,4.03,0.41,0.31,100,x47

2018-06-05 14:24:17,648 INFO 280: POS,0,C90C,4.03,0.39,0.31,100,x48

2018-06-05 14:24:17,748 INFO 281: POS,0,C90C,4.02,0.38,0.31,100,x49

2018-06-05 14:24:17,847 INFO 282: POS,0,C90C,4.02,0.38,0.30,100,x4A

2018-06-05 14:24:17,948 INFO 283: POS,0,C90C,4.02,0.42,0.31,50,x4B

2018-06-05 14:24:18,047 INFO 284: POS,0,C90C,4.02,0.44,0.29,99,x4C

2018-06-05 14:24:18,147 INFO 285: POS,0,C90C,4.02,0.42,0.29,100,x4D

2018-06-05 14:24:18,247 INFO 286: POS,0,C90C,4.00,0.41,0.30,50,x4E

2018-06-05 14:24:18,347 INFO 287: POS,0,C90C,4.01,0.40,0.30,100,x4F

2018-06-05 14:24:18,448 INFO 288: POS,0,C90C,4.00,0.41,0.30,100,x50

2018-06-05 14:24:18,547 INFO 289: POS,0,C90C,4.00,0.40,0.31,50,x51

2018-06-05 14:24:18,647 INFO 290: POS,0,C90C,4.00,0.41,0.31,50,x52

2018-06-05 14:24:18,747 INFO 291: POS,0,C90C,4.01,0.39,0.30,100,x53

2018-06-05 14:24:18,847 INFO 292: POS,0,C90C,4.02,0.40,0.30,50,x54

2018-06-05 14:24:18,945 INFO 293: POS,0,C90C,4.01,0.39,0.29,100,x55

2018-06-05 14:24:19,045 INFO 294: POS,0,C90C,4.01,0.38,0.28,100,x56

2018-06-05 14:24:19,145 INFO 295: POS,0,C90C,4.00,0.37,0.30,50,x57

2018-06-05 14:24:19,245 INFO 296: POS,0,C90C,4.00,0.37,0.30,50,x58

2018-06-05 14:24:19,345 INFO 297: POS,0,C90C,4.01,0.38,0.30,50,x59

2018-06-05 14:24:19,445 INFO 298: POS,0,C90C,4.02,0.39,0.30,50,x5A

2018-06-05 14:24:19,545 INFO 299: POS,0,C90C,4.02,0.38,0.30,100,x5B

2018-06-05 14:24:19,645 INFO 300: POS,0,C90C,4.01,0.37,0.31,100,x5C

2018-06-05 14:24:19,745 INFO 301: POS,0,C90C,4.00,0.36,0.30,100,x5D

2018-06-05 14:24:19,845 INFO 302: POS,0,C90C,4.00,0.37,0.29,100,x5E

2018-06-05 14:24:19,945 INFO 303: POS,0,C90C,4.00,0.37,0.29,100,x5F

2018-06-05 14:24:20,045 INFO 304: POS,0,C90C,4.00,0.38,0.29,100,x60

2018-06-05 14:24:20,145 INFO 305: POS,0,C90C,4.01,0.37,0.30,100,x61

2018-06-05 14:24:20,245 INFO 306: POS,0,C90C,4.01,0.37,0.30,0,x62

2018-06-05 14:24:20,345 INFO 307: POS,0,C90C,4.01,0.37,0.31,50,x63

2018-06-05 14:24:20,445 INFO 308: POS,0,C90C,4.02,0.40,0.31,50,x64

2018-06-05 14:24:20,545 INFO 309: POS,0,C90C,4.06,0.41,0.27,50,x65

2018-06-05 14:24:20,645 INFO 310: POS,0,C90C,4.03,0.48,0.27,100,x66

2018-06-05 14:24:20,745 INFO 311: POS,0,C90C,4.02,0.58,0.23,100,x67

2018-06-05 14:24:20,845 INFO 312: POS,0,C90C,3.99,0.74,0.18,94,x68

2018-06-05 14:24:20,945 INFO 313: POS,0,C90C,3.99,0.85,0.13,100,x69

2018-06-05 14:24:21,045 INFO 314: POS,0,C90C,4.02,0.96,0.10,100,x6A

2018-06-05 14:24:21,145 INFO 315: POS,0,C90C,4.00,1.15,0.08,100,x6B

2018-06-05 14:24:21,245 INFO 316: POS,0,C90C,4.00,1.34,0.07,50,x6C

2018-06-05 14:24:21,345 INFO 317: POS,0,C90C,3.99,1.52,0.10,100,x6D

2018-06-05 14:24:21,445 INFO 318: POS,0,C90C,4.00,1.71,0.18,50,x6E

2018-06-05 14:24:21,545 INFO 319: POS,0,C90C,3.99,1.82,0.21,85,x6F

2018-06-05 14:24:21,645 INFO 320: POS,0,C90C,3.98,1.87,0.26,79,x70

2018-06-05 14:24:21,745 INFO 321: POS,0,C90C,3.98,1.94,0.23,100,x71

2018-06-05 14:24:21,845 INFO 322: POS,0,C90C,3.97,1.92,0.19,100,x72

2018-06-05 14:24:21,945 INFO 323: POS,0,C90C,3.97,1.89,0.16,100,x73

2018-06-05 14:24:22,045 INFO 324: POS,0,C90C,3.99,1.78,0.14,100,x74

2018-06-05 14:24:22,145 INFO 325: POS,0,C90C,4.00,1.66,0.10,100,x75

2018-06-05 14:24:22,245 INFO 326: POS,0,C90C,3.95,1.55,0.07,85,x76

2018-06-05 14:24:22,345 INFO 327: POS,0,C90C,3.98,1.44,0.15,50,x77

2018-06-05 14:24:22,445 INFO 328: POS,0,C90C,3.97,1.29,0.17,100,x78

2018-06-05 14:24:22,545 INFO 329: POS,0,C90C,3.95,1.17,0.19,100,x79

2018-06-05 14:24:22,645 INFO 330: POS,0,C90C,3.94,1.03,0.21,100,x7A

2018-06-05 14:24:22,745 INFO 331: POS,0,C90C,3.93,0.96,0.22,100,x7B

2018-06-05 14:24:22,845 INFO 332: POS,0,C90C,3.92,0.98,0.20,50,x7C

2018-06-05 14:24:22,945 INFO 333: POS,0,C90C,3.93,1.16,0.07,50,x7D

2018-06-05 14:24:23,047 INFO 334: POS,0,C90C,3.92,1.13,0.06,60,x7E

2018-06-05 14:24:23,147 INFO 335: POS,0,C90C,3.99,1.11,0.07,100,x7F

2018-06-05 14:24:23,247 INFO 336: POS,0,C90C,4.02,1.18,0.06,100,x80

2018-06-05 14:24:23,347 INFO 337: POS,0,C90C,4.01,1.32,0.06,100,x81

2018-06-05 14:24:23,447 INFO 338: POS,0,C90C,4.01,1.50,0.06,100,x82

2018-06-05 14:24:23,547 INFO 339: POS,0,C90C,4.01,1.65,0.07,50,x83

2018-06-05 14:24:23,647 INFO 340: POS,0,C90C,4.02,1.77,0.11,98,x84

2018-06-05 14:24:23,747 INFO 341: POS,0,C90C,4.03,1.89,0.16,50,x85

2018-06-05 14:24:23,847 INFO 342: POS,0,C90C,4.03,2.02,0.15,100,x86

2018-06-05 14:24:23,947 INFO 343: POS,0,C90C,4.01,2.01,0.13,93,x87

2018-06-05 14:24:24,047 INFO 344: POS,0,C90C,3.99,2.00,0.11,100,x88

2018-06-05 14:24:24,147 INFO 345: POS,0,C90C,4.00,1.87,0.08,100,x89

2018-06-05 14:24:24,247 INFO 346: POS,0,C90C,4.02,1.72,0.06,50,x8A

2018-06-05 14:24:24,347 INFO 347: POS,0,C90C,4.05,1.56,0.05,100,x8B

2018-06-05 14:24:24,447 INFO 348: POS,0,C90C,3.99,1.45,0.02,50,x8C

2018-06-05 14:24:24,547 INFO 349: POS,0,C90C,3.98,1.30,0.06,100,x8D

2018-06-05 14:24:24,647 INFO 350: POS,0,C90C,3.95,1.20,0.09,50,x8E

2018-06-05 14:24:24,748 INFO 351: POS,0,C90C,3.94,1.12,0.12,100,x8F

2018-06-05 14:24:24,847 INFO 352: POS,0,C90C,3.92,1.06,0.15,100,x90

2018-06-05 14:24:24,947 INFO 353: POS,0,C90C,3.92,1.00,0.16,100,x91

2018-06-05 14:24:25,047 INFO 354: POS,0,C90C,3.93,0.96,0.16,100,x92

2018-06-05 14:24:25,147 INFO 355: POS,0,C90C,3.94,1.03,0.12,50,x93

2018-06-05 14:24:25,247 INFO 356: POS,0,C90C,3.99,1.03,0.10,100,x94

2018-06-05 14:24:25,347 INFO 357: POS,0,C90C,4.00,1.11,0.08,100,x95

2018-06-05 14:24:25,447 INFO 358: POS,0,C90C,4.02,1.18,0.07,100,x96

2018-06-05 14:24:25,547 INFO 359: POS,0,C90C,4.02,1.35,0.08,50,x97

2018-06-05 14:24:25,647 INFO 360: POS,0,C90C,4.02,1.50,0.09,98,x98

2018-06-05 14:24:25,747 INFO 361: POS,0,C90C,4.00,1.62,0.11,86,x99

2018-06-05 14:24:25,847 INFO 362: POS,0,C90C,4.01,1.74,0.16,95,x9A

2018-06-05 14:24:25,947 INFO 363: POS,0,C90C,3.98,1.81,0.15,94,x9B

2018-06-05 14:24:26,048 INFO 364: POS,0,C90C,4.00,1.74,0.06,100,x9C

2018-06-05 14:24:26,147 INFO 365: POS,0,C90C,4.00,1.74,0.06,0,x9D

2018-06-05 14:24:26,248 INFO 366: POS,0,C90C,3.98,1.75,0.05,100,x9E

2018-06-05 14:24:26,347 INFO 367: POS,0,C90C,3.97,1.68,0.05,100,x9F

2018-06-05 14:24:26,445 INFO 368: POS,0,C90C,4.00,1.52,0.04,100,xA0

2018-06-05 14:24:26,545 INFO 369: POS,0,C90C,4.00,1.46,0.02,100,xA1

2018-06-05 14:24:26,645 INFO 370: POS,0,C90C,3.98,1.36,0.02,100,xA2

2018-06-05 14:24:26,745 INFO 371: POS,0,C90C,3.97,1.27,0.05,50,xA3

2018-06-05 14:24:26,845 INFO 372: POS,0,C90C,3.96,1.18,0.07,98,xA4

2018-06-05 14:24:26,945 INFO 373: POS,0,C90C,3.95,1.07,0.10,100,xA5

2018-06-05 14:24:27,045 INFO 374: POS,0,C90C,3.91,1.02,0.12,100,xA6

2018-06-05 14:24:27,145 INFO 375: POS,0,C90C,3.92,1.01,0.10,100,xA7

2018-06-05 14:24:27,245 INFO 376: POS,0,C90C,3.94,1.04,0.09,100,xA8

2018-06-05 14:24:27,345 INFO 377: POS,0,C90C,3.93,1.04,0.07,66,xA9

2018-06-05 14:24:27,445 INFO 378: POS,0,C90C,3.95,1.07,0.05,100,xAA

2018-06-05 14:24:27,545 INFO 379: POS,0,C90C,3.97,1.11,0.05,100,xAB

2018-06-05 14:24:27,645 INFO 380: POS,0,C90C,3.99,1.19,0.02,100,xAC

2018-06-05 14:24:27,745 INFO 381: POS,0,C90C,3.99,1.33,0.02,100,xAD

2018-06-05 14:24:27,845 INFO 382: POS,0,C90C,3.98,1.49,0.02,100,xAE

2018-06-05 14:24:27,945 INFO 383: POS,0,C90C,3.96,1.59,-0.01,88,xAF

2018-06-05 14:24:28,046 INFO 384: POS,0,C90C,3.97,1.64,-0.03,100,xB0

2018-06-05 14:24:28,145 INFO 385: POS,0,C90C,3.93,1.70,-0.04,86,xB1

2018-06-05 14:24:28,245 INFO 386: POS,0,C90C,3.65,1.27,0.04,0,xB2

2018-06-05 14:24:28,345 INFO 387: POS,0,C90C,3.74,1.40,0.02,50,xB3

2018-06-05 14:24:28,445 INFO 388: POS,0,C90C,3.81,1.48,0.04,50,xB4

2018-06-05 14:24:28,545 INFO 389: POS,0,C90C,3.87,1.44,0.05,100,xB5

2018-06-05 14:24:28,645 INFO 390: POS,0,C90C,3.90,1.42,0.04,100,xB6

2018-06-05 14:24:28,745 INFO 391: POS,0,C90C,3.91,1.29,0.04,50,xB7

2018-06-05 14:24:28,845 INFO 392: POS,0,C90C,3.98,1.19,0.05,100,xB8

2018-06-05 14:24:28,945 INFO 393: POS,0,C90C,3.98,1.10,0.10,100,xB9

2018-06-05 14:24:29,045 INFO 394: POS,0,C90C,3.98,1.06,0.10,50,xBA

2018-06-05 14:24:29,145 INFO 395: POS,0,C90C,3.99,1.04,0.11,89,xBB

2018-06-05 14:24:29,245 INFO 396: POS,0,C90C,3.99,1.04,0.09,100,xBC

2018-06-05 14:24:29,345 INFO 397: POS,0,C90C,4.03,1.06,0.08,100,xBD

2018-06-05 14:24:29,445 INFO 398: POS,0,C90C,4.03,1.12,0.01,50,xBE

2018-06-05 14:24:29,545 INFO 399: POS,0,C90C,4.05,1.17,0.07,50,xBF

2018-06-05 14:24:29,645 INFO 400: POS,0,C90C,3.92,1.01,0.09,0,xC0

2018-06-05 14:24:29,745 INFO 401: POS,0,C90C,3.91,1.05,0.13,50,xC1

2018-06-05 14:24:29,845 INFO 402: POS,0,C90C,3.93,1.21,0.12,100,xC2

2018-06-05 14:24:29,945 INFO 403: POS,0,C90C,3.93,1.37,0.10,100,xC3

2018-06-05 14:24:30,045 INFO 404: POS,0,C90C,3.83,1.31,0.04,0,xC4

2018-06-05 14:24:30,145 INFO 405: POS,0,C90C,3.55,0.95,0.13,50,xC5

2018-06-05 14:24:30,245 INFO 406: POS,0,C90C,3.48,0.91,0.08,0,xC6

2018-06-05 14:24:30,346 INFO 407: POS,0,C90C,3.61,1.00,-0.05,100,xC7

2018-06-05 14:24:30,446 INFO 408: POS,0,C90C,3.69,1.23,-0.02,100,xC8

2018-06-05 14:24:30,545 INFO 409: POS,0,C90C,3.77,1.38,0.01,50,xC9

2018-06-05 14:24:30,645 INFO 410: POS,0,C90C,3.84,1.37,0.02,100,xCA

2018-06-05 14:24:30,746 INFO 411: POS,0,C90C,3.89,1.22,-0.03,100,xCB

2018-06-05 14:24:30,846 INFO 412: POS,0,C90C,3.95,1.15,-0.02,100,xCC

2018-06-05 14:24:30,945 INFO 413: POS,0,C90C,3.91,1.21,-0.02,76,xCD

2018-06-05 14:24:31,046 INFO 414: POS,0,C90C,4.00,1.17,-0.05,100,xCE

2018-06-05 14:24:31,145 INFO 415: POS,0,C90C,4.00,1.11,0.03,100,xCF

2018-06-05 14:24:31,245 INFO 416: POS,0,C90C,4.00,1.09,0.03,100,xD0

2018-06-05 14:24:31,345 INFO 417: POS,0,C90C,4.00,1.07,0.04,100,xD1

2018-06-05 14:24:31,445 INFO 418: POS,0,C90C,4.05,1.06,0.04,100,xD2

2018-06-05 14:24:31,545 INFO 419: POS,0,C90C,4.03,1.09,0.04,100,xD3

2018-06-05 14:24:31,645 INFO 420: POS,0,C90C,3.98,1.12,0.01,83,xD4

2018-06-05 14:24:31,745 INFO 421: POS,0,C90C,4.01,1.14,0.04,100,xD5

2018-06-05 14:24:31,845 INFO 422: POS,0,C90C,4.01,1.22,0.04,50,xD6

2018-06-05 14:24:31,945 INFO 423: POS,0,C90C,4.03,1.28,0.03,100,xD7

2018-06-05 14:24:32,045 INFO 424: POS,0,C90C,4.04,1.34,0.00,100,xD8

2018-06-05 14:24:32,145 INFO 425: POS,0,C90C,4.02,1.53,0.03,50,xD9

2018-06-05 14:24:32,245 INFO 426: POS,0,C90C,4.01,1.64,0.03,100,xDA

2018-06-05 14:24:32,345 INFO 427: POS,0,C90C,3.99,1.75,0.03,100,xDB

2018-06-05 14:24:32,445 INFO 428: POS,0,C90C,3.98,1.80,0.03,95,xDC

2018-06-05 14:24:32,545 INFO 429: POS,0,C90C,3.97,1.86,0.05,100,xDD

2018-06-05 14:24:32,645 INFO 430: POS,0,C90C,3.97,1.81,0.05,100,xDE

2018-06-05 14:24:32,745 INFO 431: POS,0,C90C,3.83,1.51,0.08,50,xDF

2018-06-05 14:24:32,845 INFO 432: POS,0,C90C,3.88,1.44,0.07,100,xE0

2018-06-05 14:24:32,945 INFO 433: POS,0,C90C,3.91,1.40,0.05,100,xE1

2018-06-05 14:24:33,045 INFO 434: POS,0,C90C,3.91,1.33,0.03,86,xE2

2018-06-05 14:24:33,145 INFO 435: POS,0,C90C,3.91,1.30,0.04,97,xE3

2018-06-05 14:24:33,245 INFO 436: POS,0,C90C,3.98,1.22,0.03,100,xE4

2018-06-05 14:24:33,345 INFO 437: POS,0,C90C,3.98,1.10,0.10,100,xE5

2018-06-05 14:24:33,445 INFO 438: POS,0,C90C,3.98,1.04,0.14,100,xE6

2018-06-05 14:24:33,545 INFO 439: POS,0,C90C,4.04,1.04,0.10,100,xE7

2018-06-05 14:24:33,645 INFO 440: POS,0,C90C,4.07,1.03,0.09,100,xE8

2018-06-05 14:24:33,745 INFO 441: POS,0,C90C,4.01,1.05,0.07,57,xE9

2018-06-05 14:24:33,845 INFO 442: POS,0,C90C,4.00,1.07,0.03,100,xEA

2018-06-05 14:24:33,945 INFO 443: POS,0,C90C,3.89,0.92,0.07,0,xEB

2018-06-05 14:24:34,045 INFO 444: POS,0,C90C,3.95,1.00,0.06,100,xEC

2018-06-05 14:24:34,145 INFO 445: POS,0,C90C,3.98,1.14,0.04,100,xED

2018-06-05 14:24:34,245 INFO 446: POS,0,C90C,3.98,1.30,0.03,100,xEE

2018-06-05 14:24:34,345 INFO 447: POS,0,C90C,3.98,1.48,0.05,100,xEF

2018-06-05 14:24:34,445 INFO 448: POS,0,C90C,3.98,1.57,0.04,100,xF0

2018-06-05 14:24:34,545 INFO 449: POS,0,C90C,3.98,1.66,0.04,100,xF1

2018-06-05 14:24:34,645 INFO 450: POS,0,C90C,3.97,1.76,0.05,98,xF2

2018-06-05 14:24:34,745 INFO 451: POS,0,C90C,3.97,1.76,0.04,100,xF3

2018-06-05 14:24:34,845 INFO 452: POS,0,C90C,3.99,1.71,0.02,100,xF4

2018-06-05 14:24:34,945 INFO 453: POS,0,C90C,3.99,1.63,0.01,100,xF5

2018-06-05 14:24:35,045 INFO 454: POS,0,C90C,3.87,1.35,0.04,0,xF6

2018-06-05 14:24:35,145 INFO 455: POS,0,C90C,3.93,1.22,0.00,100,xF7

2018-06-05 14:24:35,246 INFO 456: POS,0,C90C,4.01,1.15,-0.02,50,xF8

2018-06-05 14:24:35,346 INFO 457: POS,0,C90C,4.03,1.10,-0.01,100,xF9

2018-06-05 14:24:35,445 INFO 458: POS,0,C90C,4.06,1.19,0.06,50,xFA

2018-06-05 14:24:35,545 INFO 459: POS,0,C90C,4.03,1.12,0.11,0,xFB

2018-06-05 14:24:35,647 INFO 460: POS,0,C90C,4.07,1.22,0.16,50,xFC

2018-06-05 14:24:35,748 INFO 461: POS,0,C90C,4.10,1.14,0.15,100,xFD

2018-06-05 14:24:35,847 INFO 462: POS,0,C90C,4.07,1.11,0.13,98,xFE

2018-06-05 14:24:35,948 INFO 463: POS,0,C90C,4.07,1.09,0.12,100,xFF

2018-06-05 14:24:36,047 INFO 464: POS,0,C90C,3.86,0.82,0.19,0,x00

2018-06-05 14:24:36,148 INFO 465: POS,0,C90C,3.92,0.96,0.17,100,x01

2018-06-05 14:24:36,248 INFO 466: POS,0,C90C,3.97,1.06,0.13,100,x02

2018-06-05 14:24:36,348 INFO 467: POS,0,C90C,3.99,1.21,0.11,100,x03

2018-06-05 14:24:36,447 INFO 468: POS,0,C90C,3.98,1.37,0.08,100,x04

2018-06-05 14:24:36,548 INFO 469: POS,0,C90C,3.98,1.54,0.08,100,x05

2018-06-05 14:24:36,648 INFO 470: POS,0,C90C,3.98,1.66,0.08,100,x06

2018-06-05 14:24:36,747 INFO 471: POS,0,C90C,3.98,1.75,0.09,92,x07

2018-06-05 14:24:36,848 INFO 472: POS,0,C90C,3.97,1.74,0.06,100,x08

2018-06-05 14:24:36,948 INFO 473: POS,0,C90C,3.98,1.70,0.03,100,x09

2018-06-05 14:24:37,048 INFO 474: POS,0,C90C,4.01,1.63,0.04,100,x0A

2018-06-05 14:24:37,147 INFO 475: POS,0,C90C,4.00,1.55,0.01,50,x0B

2018-06-05 14:24:37,248 INFO 476: POS,0,C90C,3.99,1.43,-0.02,100,x0C

2018-06-05 14:24:37,348 INFO 477: POS,0,C90C,3.97,1.37,-0.04,91,x0D

2018-06-05 14:24:37,448 INFO 478: POS,0,C90C,3.93,1.35,-0.04,76,x0E

2018-06-05 14:24:37,548 INFO 479: POS,0,C90C,4.00,1.24,0.01,100,x0F

2018-06-05 14:24:37,648 INFO 480: POS,0,C90C,4.04,1.20,0.00,100,x10

2018-06-05 14:24:37,748 INFO 481: POS,0,C90C,4.08,1.21,-0.02,100,x11

2018-06-05 14:24:37,848 INFO 482: POS,0,C90C,4.10,1.12,0.02,100,x12

2018-06-05 14:24:37,947 INFO 483: POS,0,C90C,4.04,1.18,0.02,75,x13

2018-06-05 14:24:38,047 INFO 484: POS,0,C90C,4.02,1.23,0.01,87,x14

2018-06-05 14:24:38,148 INFO 485: POS,0,C90C,4.03,1.15,-0.01,100,x15

2018-06-05 14:24:38,248 INFO 486: POS,0,C90C,4.03,1.17,-0.00,100,x16

2018-06-05 14:24:38,348 INFO 487: POS,0,C90C,4.04,1.22,0.01,100,x17

2018-06-05 14:24:38,448 INFO 488: POS,0,C90C,4.04,1.29,-0.00,100,x18

2018-06-05 14:24:38,548 INFO 489: POS,0,C90C,4.02,1.39,-0.02,100,x19

2018-06-05 14:24:38,648 INFO 490: POS,0,C90C,4.00,1.53,-0.00,98,x1A

2018-06-05 14:24:38,748 INFO 491: POS,0,C90C,3.99,1.65,0.01,50,x1B

2018-06-05 14:24:38,848 INFO 492: POS,0,C90C,3.99,1.72,0.03,96,x1C

2018-06-05 14:24:38,945 INFO 493: POS,0,C90C,3.98,1.73,0.01,100,x1D

2018-06-05 14:24:39,045 INFO 494: POS,0,C90C,3.97,1.76,0.03,50,x1E

2018-06-05 14:24:39,145 INFO 495: POS,0,C90C,3.97,1.67,0.04,100,x1F

2018-06-05 14:24:39,245 INFO 496: POS,0,C90C,3.99,1.60,0.06,100,x20

2018-06-05 14:24:39,345 INFO 497: POS,0,C90C,3.85,1.27,0.12,0,x21

2018-06-05 14:24:39,445 INFO 498: POS,0,C90C,3.92,1.19,0.08,100,x22

2018-06-05 14:24:39,545 INFO 499: POS,0,C90C,3.92,1.15,0.07,69,x23

2018-06-05 14:24:39,646 INFO 500: POS,0,C90C,3.92,1.14,0.07,100,x24

2018-06-05 14:24:39,745 INFO 501: POS,0,C90C,3.99,1.06,0.08,100,x25

2018-06-05 14:24:39,845 INFO 502: POS,0,C90C,4.01,1.07,0.06,100,x26

2018-06-05 14:24:39,945 INFO 503: POS,0,C90C,4.05,1.01,0.06,100,x27

2018-06-05 14:24:40,045 INFO 504: POS,0,C90C,4.01,1.06,0.03,95,x28

2018-06-05 14:24:40,145 INFO 505: POS,0,C90C,3.97,1.10,0.03,68,x29

2018-06-05 14:24:40,245 INFO 506: POS,0,C90C,3.98,1.10,0.00,100,x2A

2018-06-05 14:24:40,345 INFO 507: POS,0,C90C,4.00,1.15,0.01,100,x2B

2018-06-05 14:24:40,445 INFO 508: POS,0,C90C,4.00,1.19,0.01,100,x2C

2018-06-05 14:24:40,545 INFO 509: POS,0,C90C,3.91,1.13,0.04,0,x2D

2018-06-05 14:24:40,646 INFO 510: POS,0,C90C,3.93,1.22,-0.00,100,x2E

2018-06-05 14:24:40,745 INFO 511: POS,0,C90C,3.82,1.13,-0.03,0,x2F

2018-06-05 14:24:40,846 INFO 512: POS,0,C90C,3.84,1.29,-0.04,100,x30

2018-06-05 14:24:40,946 INFO 513: POS,0,C90C,3.87,1.43,-0.04,100,x31

2018-06-05 14:24:41,046 INFO 514: POS,0,C90C,3.89,1.51,-0.03,97,x32

2018-06-05 14:24:41,147 INFO 515: POS,0,C90C,3.91,1.60,-0.00,100,x33

2018-06-05 14:24:41,248 INFO 516: POS,0,C90C,3.95,1.57,0.00,100,x34

2018-06-05 14:24:41,348 INFO 517: POS,0,C90C,3.97,1.52,0.01,100,x35

2018-06-05 14:24:41,447 INFO 518: POS,0,C90C,3.97,1.46,0.03,50,x36

2018-06-05 14:24:41,548 INFO 519: POS,0,C90C,3.98,1.41,0.03,100,x37

2018-06-05 14:24:41,647 INFO 520: POS,0,C90C,3.94,1.38,0.03,71,x38

2018-06-05 14:24:41,747 INFO 521: POS,0,C90C,3.90,1.40,0.01,66,x39

2018-06-05 14:24:41,848 INFO 522: POS,0,C90C,3.93,1.30,0.01,100,x3A

2018-06-05 14:24:41,948 INFO 523: POS,0,C90C,4.00,1.19,0.04,100,x3B

2018-06-05 14:24:42,048 INFO 524: POS,0,C90C,4.03,1.12,0.04,100,x3C

2018-06-05 14:24:42,147 INFO 525: POS,0,C90C,4.00,1.16,0.02,89,x3D

2018-06-05 14:24:42,247 INFO 526: POS,0,C90C,3.97,1.18,0.03,52,x3E

2018-06-05 14:24:42,348 INFO 527: POS,0,C90C,4.00,1.17,0.02,100,x3F

2018-06-05 14:24:42,447 INFO 528: POS,0,C90C,4.02,1.19,0.01,50,x40

2018-06-05 14:24:42,548 INFO 529: POS,0,C90C,4.03,1.21,0.03,100,x41

2018-06-05 14:24:42,647 INFO 530: POS,0,C90C,3.99,1.26,0.06,50,x42

2018-06-05 14:24:42,748 INFO 531: POS,0,C90C,4.01,1.33,0.04,100,x43

2018-06-05 14:24:42,848 INFO 532: POS,0,C90C,3.99,1.43,0.02,100,x44

2018-06-05 14:24:42,948 INFO 533: POS,0,C90C,3.98,1.49,0.00,100,x45

2018-06-05 14:24:43,048 INFO 534: POS,0,C90C,3.97,1.57,-0.00,50,x46

2018-06-05 14:24:43,148 INFO 535: POS,0,C90C,3.96,1.62,-0.00,100,x47

2018-06-05 14:24:43,248 INFO 536: POS,0,C90C,3.95,1.65,-0.01,100,x48

2018-06-05 14:24:43,348 INFO 537: POS,0,C90C,3.97,1.63,-0.01,100,x49

2018-06-05 14:24:43,448 INFO 538: POS,0,C90C,3.98,1.57,-0.00,100,x4A

2018-06-05 14:24:43,548 INFO 539: POS,0,C90C,4.00,1.48,0.01,100,x4B

2018-06-05 14:24:43,647 INFO 540: POS,0,C90C,3.98,1.38,0.05,50,x4C

2018-06-05 14:24:43,748 INFO 541: POS,0,C90C,4.02,1.29,0.05,100,x4D

2018-06-05 14:24:43,848 INFO 542: POS,0,C90C,4.00,1.25,0.04,61,x4E

2018-06-05 14:24:43,947 INFO 543: POS,0,C90C,3.97,1.24,0.02,95,x4F

2018-06-05 14:24:44,048 INFO 544: POS,0,C90C,3.97,1.20,0.03,100,x50

2018-06-05 14:24:44,148 INFO 545: POS,0,C90C,4.01,1.17,0.02,100,x51

2018-06-05 14:24:44,248 INFO 546: POS,0,C90C,3.98,1.20,-0.00,91,x52

2018-06-05 14:24:44,348 INFO 547: POS,0,C90C,3.95,1.18,0.01,58,x53

2018-06-05 14:24:44,445 INFO 548: POS,0,C90C,3.96,1.18,0.01,100,x54

2018-06-05 14:24:44,545 INFO 549: POS,0,C90C,3.97,1.17,0.02,100,x55

2018-06-05 14:24:44,646 INFO 550: POS,0,C90C,4.01,1.17,0.02,100,x56

2018-06-05 14:24:44,745 INFO 551: POS,0,C90C,4.01,1.25,0.05,100,x57

2018-06-05 14:24:44,845 INFO 552: POS,0,C90C,4.03,1.30,0.03,100,x58

2018-06-05 14:24:44,945 INFO 553: POS,0,C90C,4.00,1.42,0.04,99,x59

2018-06-05 14:24:45,045 INFO 554: POS,0,C90C,4.00,1.49,0.04,100,x5A

2018-06-05 14:24:45,145 INFO 555: POS,0,C90C,3.99,1.56,0.04,50,x5B

2018-06-05 14:24:45,245 INFO 556: POS,0,C90C,3.98,1.62,0.03,100,x5C

2018-06-05 14:24:45,346 INFO 557: POS,0,C90C,3.97,1.66,0.04,100,x5D

2018-06-05 14:24:45,446 INFO 558: POS,0,C90C,3.99,1.64,0.02,100,x5E

2018-06-05 14:24:45,545 INFO 559: POS,0,C90C,4.01,1.58,0.03,100,x5F

2018-06-05 14:24:45,646 INFO 560: POS,0,C90C,4.01,1.52,0.05,100,x60

2018-06-05 14:24:45,745 INFO 561: POS,0,C90C,4.03,1.43,0.05,100,x61

2018-06-05 14:24:45,845 INFO 562: POS,0,C90C,4.04,1.40,0.03,95,x62

2018-06-05 14:24:45,945 INFO 563: POS,0,C90C,3.99,1.36,0.02,75,x63

2018-06-05 14:24:46,045 INFO 564: POS,0,C90C,4.00,1.31,0.04,87,x64

2018-06-05 14:24:46,145 INFO 565: POS,0,C90C,3.99,1.25,0.05,100,x65

2018-06-05 14:24:46,246 INFO 566: POS,0,C90C,3.98,1.19,0.06,100,x66

2018-06-05 14:24:46,345 INFO 567: POS,0,C90C,3.96,1.19,0.05,93,x67

2018-06-05 14:24:46,445 INFO 568: POS,0,C90C,3.93,1.22,0.04,0,x68

2018-06-05 14:24:46,545 INFO 569: POS,0,C90C,3.93,1.24,0.03,85,x69

2018-06-05 14:24:46,646 INFO 570: POS,0,C90C,3.96,1.23,0.04,100,x6A

2018-06-05 14:24:46,746 INFO 571: POS,0,C90C,4.00,1.22,0.04,100,x6B

2018-06-05 14:24:46,846 INFO 572: POS,0,C90C,4.00,1.26,0.05,100,x6C

2018-06-05 14:24:46,946 INFO 573: POS,0,C90C,4.03,1.27,0.04,100,x6D

2018-06-05 14:24:47,046 INFO 574: POS,0,C90C,4.04,1.34,0.03,100,x6E

2018-06-05 14:24:47,146 INFO 575: POS,0,C90C,4.03,1.43,0.04,100,x6F

2018-06-05 14:24:47,245 INFO 576: POS,0,C90C,4.03,1.53,0.05,97,x70

2018-06-05 14:24:47,345 INFO 577: POS,0,C90C,4.02,1.61,0.07,50,x71

2018-06-05 14:24:47,446 INFO 578: POS,0,C90C,4.01,1.65,0.07,100,x72

2018-06-05 14:24:47,546 INFO 579: POS,0,C90C,4.02,1.64,0.06,100,x73

2018-06-05 14:24:47,646 INFO 580: POS,0,C90C,4.04,1.56,0.05,100,x74

2018-06-05 14:24:47,746 INFO 581: POS,0,C90C,4.04,1.52,0.06,100,x75

2018-06-05 14:24:47,846 INFO 582: POS,0,C90C,4.03,1.45,0.05,100,x76

2018-06-05 14:24:47,946 INFO 583: POS,0,C90C,4.02,1.40,0.04,100,x77

2018-06-05 14:24:48,045 INFO 584: POS,0,C90C,4.00,1.36,0.03,50,x78

2018-06-05 14:24:48,145 INFO 585: POS,0,C90C,3.97,1.30,0.03,56,x79

2018-06-05 14:24:48,245 INFO 586: POS,0,C90C,3.95,1.32,0.03,79,x7A

2018-06-05 14:24:48,345 INFO 587: POS,0,C90C,3.94,1.30,0.01,90,x7B

2018-06-05 14:24:48,446 INFO 588: POS,0,C90C,3.90,1.32,-0.01,80,x7C

2018-06-05 14:24:48,545 INFO 589: POS,0,C90C,3.90,1.28,0.02,0,x7D

2018-06-05 14:24:48,645 INFO 590: POS,0,C90C,3.91,1.28,0.01,87,x7E

2018-06-05 14:24:48,746 INFO 591: POS,0,C90C,3.95,1.24,-0.00,100,x7F

2018-06-05 14:24:48,846 INFO 592: POS,0,C90C,3.99,1.22,0.01,100,x80

2018-06-05 14:24:48,946 INFO 593: POS,0,C90C,4.00,1.23,0.04,100,x81

2018-06-05 14:24:49,046 INFO 594: POS,0,C90C,4.03,1.24,0.04,100,x82

2018-06-05 14:24:49,146 INFO 595: POS,0,C90C,4.05,1.28,0.04,100,x83

2018-06-05 14:24:49,246 INFO 596: POS,0,C90C,4.03,1.41,0.06,99,x84

2018-06-05 14:24:49,346 INFO 597: POS,0,C90C,4.01,1.51,0.05,100,x85

2018-06-05 14:24:49,445 INFO 598: POS,0,C90C,3.99,1.61,0.06,95,x86

2018-06-05 14:24:49,546 INFO 599: POS,0,C90C,3.97,1.68,0.05,100,x87

2018-06-05 14:24:49,646 INFO 600: POS,0,C90C,3.97,1.70,0.05,100,x88

2018-06-05 14:24:49,746 INFO 601: POS,0,C90C,4.00,1.62,0.05,100,x89

2018-06-05 14:24:49,846 INFO 602: POS,0,C90C,4.00,1.56,0.06,100,x8A

2018-06-05 14:24:49,946 INFO 603: POS,0,C90C,4.02,1.46,0.05,100,x8B

2018-06-05 14:24:50,046 INFO 604: POS,0,C90C,4.05,1.40,0.03,100,x8C

2018-06-05 14:24:50,146 INFO 605: POS,0,C90C,4.06,1.33,0.04,100,x8D

2018-06-05 14:24:50,245 INFO 606: POS,0,C90C,4.01,1.32,0.04,64,x8E

2018-06-05 14:24:50,345 INFO 607: POS,0,C90C,3.99,1.28,0.04,74,x8F

2018-06-05 14:24:50,445 INFO 608: POS,0,C90C,3.94,1.32,0.03,75,x90

2018-06-05 14:24:50,545 INFO 609: POS,0,C90C,3.90,1.33,0.02,79,x91

2018-06-05 14:24:50,645 INFO 610: POS,0,C90C,3.89,1.33,0.03,0,x92

2018-06-05 14:24:50,745 INFO 611: POS,0,C90C,3.89,1.31,0.03,81,x93

2018-06-05 14:24:50,845 INFO 612: POS,0,C90C,3.92,1.34,0.01,98,x94

2018-06-05 14:24:50,946 INFO 613: POS,0,C90C,3.98,1.29,0.03,100,x95

2018-06-05 14:24:51,046 INFO 614: POS,0,C90C,3.99,1.29,0.03,100,x96

2018-06-05 14:24:51,246 INFO 616: POS,0,C90C,4.01,1.35,0.06,100,x98

2018-06-05 14:24:51,346 INFO 617: POS,0,C90C,4.00,1.45,0.05,100,x99

2018-06-05 14:24:51,446 INFO 618: POS,0,C90C,3.98,1.55,0.04,100,x9A

2018-06-05 14:24:51,546 INFO 619: POS,0,C90C,3.96,1.65,0.04,100,x9B

2018-06-05 14:24:51,645 INFO 620: POS,0,C90C,3.95,1.71,0.03,50,x9C

2018-06-05 14:24:51,746 INFO 621: POS,0,C90C,3.94,1.73,0.04,100,x9D

2018-06-05 14:24:51,845 INFO 622: POS,0,C90C,3.96,1.71,0.06,50,x9E

2018-06-05 14:24:51,946 INFO 623: POS,0,C90C,3.98,1.64,0.06,100,x9F

2018-06-05 14:24:52,045 INFO 624: POS,0,C90C,3.98,1.56,0.07,50,xA0

2018-06-05 14:24:52,146 INFO 625: POS,0,C90C,4.01,1.47,0.06,100,xA1

2018-06-05 14:24:52,246 INFO 626: POS,0,C90C,4.01,1.42,0.05,100,xA2

2018-06-05 14:24:52,345 INFO 627: POS,0,C90C,4.02,1.35,0.06,99,xA3

2018-06-05 14:24:52,445 INFO 628: POS,0,C90C,3.98,1.29,0.06,56,xA4

2018-06-05 14:24:52,546 INFO 629: POS,0,C90C,3.96,1.28,0.06,83,xA5

2018-06-05 14:24:52,645 INFO 630: POS,0,C90C,3.93,1.30,0.04,74,xA6

2018-06-05 14:24:52,745 INFO 631: POS,0,C90C,3.93,1.26,0.06,76,xA7

2018-06-05 14:24:52,845 INFO 632: POS,0,C90C,3.91,1.26,0.07,74,xA8

2018-06-05 14:24:52,946 INFO 633: POS,0,C90C,3.97,1.21,0.07,100,xA9

2018-06-05 14:24:53,046 INFO 634: POS,0,C90C,3.99,1.22,0.05,100,xAA

2018-06-05 14:24:53,146 INFO 635: POS,0,C90C,4.00,1.23,0.05,100,xAB

2018-06-05 14:24:53,246 INFO 636: POS,0,C90C,4.02,1.24,0.07,100,xAC

2018-06-05 14:24:53,346 INFO 637: POS,0,C90C,4.03,1.27,0.05,100,xAD

2018-06-05 14:24:53,446 INFO 638: POS,0,C90C,4.04,1.34,0.04,100,xAE

2018-06-05 14:24:53,546 INFO 639: POS,0,C90C,4.02,1.46,0.04,100,xAF

2018-06-05 14:24:53,646 INFO 640: POS,0,C90C,4.00,1.56,0.05,100,xB0

2018-06-05 14:24:53,746 INFO 641: POS,0,C90C,3.98,1.64,0.07,100,xB1

2018-06-05 14:24:53,846 INFO 642: POS,0,C90C,3.97,1.68,0.06,97,xB2

2018-06-05 14:24:53,946 INFO 643: POS,0,C90C,3.96,1.65,0.05,100,xB3

2018-06-05 14:24:54,046 INFO 644: POS,0,C90C,3.99,1.55,0.04,100,xB4

2018-06-05 14:24:54,146 INFO 645: POS,0,C90C,4.01,1.51,0.06,100,xB5

2018-06-05 14:24:54,246 INFO 646: POS,0,C90C,4.02,1.44,0.06,100,xB6

2018-06-05 14:24:54,345 INFO 647: POS,0,C90C,4.02,1.40,0.05,96,xB7

2018-06-05 14:24:54,446 INFO 648: POS,0,C90C,4.04,1.31,0.06,100,xB8

2018-06-05 14:24:54,546 INFO 649: POS,0,C90C,4.00,1.29,0.05,54,xB9

2018-06-05 14:24:54,645 INFO 650: POS,0,C90C,3.97,1.26,0.05,0,xBA

2018-06-05 14:24:54,745 INFO 651: POS,0,C90C,3.98,1.20,0.06,97,xBB

2018-06-05 14:24:54,845 INFO 652: POS,0,C90C,3.96,1.20,0.06,0,xBC

2018-06-05 14:24:54,945 INFO 653: POS,0,C90C,3.94,1.21,0.07,0,xBD

2018-06-05 14:24:55,046 INFO 654: POS,0,C90C,3.98,1.18,0.08,100,xBE

2018-06-05 14:24:55,145 INFO 655: POS,0,C90C,4.00,1.21,0.06,96,xBF

2018-06-05 14:24:55,246 INFO 656: POS,0,C90C,4.02,1.20,0.06,100,xC0

2018-06-05 14:24:55,346 INFO 657: POS,0,C90C,4.02,1.22,0.08,100,xC1

2018-06-05 14:24:55,446 INFO 658: POS,0,C90C,4.03,1.26,0.07,100,xC2

2018-06-05 14:24:55,546 INFO 659: POS,0,C90C,4.04,1.29,0.05,100,xC3

2018-06-05 14:24:55,648 INFO 660: POS,0,C90C,4.02,1.41,0.03,100,xC4

2018-06-05 14:24:55,748 INFO 661: POS,0,C90C,4.00,1.52,0.05,100,xC5

2018-06-05 14:24:55,848 INFO 662: POS,0,C90C,3.99,1.60,0.06,100,xC6

2018-06-05 14:24:55,947 INFO 663: POS,0,C90C,3.97,1.66,0.06,96,xC7

2018-06-05 14:24:56,048 INFO 664: POS,0,C90C,3.99,1.64,0.04,100,xC8

2018-06-05 14:24:56,148 INFO 665: POS,0,C90C,4.00,1.58,0.04,100,xC9

2018-06-05 14:24:56,247 INFO 666: POS,0,C90C,4.02,1.55,0.06,98,xCA

2018-06-05 14:24:56,348 INFO 667: POS,0,C90C,4.04,1.43,0.05,100,xCB

2018-06-05 14:24:56,448 INFO 668: POS,0,C90C,4.07,1.37,0.04,100,xCC

2018-06-05 14:24:56,548 INFO 669: POS,0,C90C,4.05,1.34,0.03,100,xCD

2018-06-05 14:24:56,648 INFO 670: POS,0,C90C,4.07,1.26,0.08,50,xCE

2018-06-05 14:24:56,747 INFO 671: POS,0,C90C,4.02,1.24,0.07,0,xCF

2018-06-05 14:24:56,847 INFO 672: POS,0,C90C,3.98,1.25,0.07,0,xD0

2018-06-05 14:24:56,947 INFO 673: POS,0,C90C,3.95,1.25,0.06,0,xD1

2018-06-05 14:24:57,047 INFO 674: POS,0,C90C,3.93,1.25,0.05,0,xD2

2018-06-05 14:24:57,148 INFO 675: POS,0,C90C,3.95,1.24,0.05,100,xD3

2018-06-05 14:24:57,248 INFO 676: POS,0,C90C,3.97,1.25,0.05,100,xD4

2018-06-05 14:24:57,348 INFO 677: POS,0,C90C,4.00,1.24,0.04,100,xD5

2018-06-05 14:24:57,448 INFO 678: POS,0,C90C,4.03,1.23,0.05,100,xD6

2018-06-05 14:24:57,548 INFO 679: POS,0,C90C,4.03,1.29,0.07,100,xD7

2018-06-05 14:24:57,648 INFO 680: POS,0,C90C,4.05,1.29,0.06,100,xD8

2018-06-05 14:24:57,748 INFO 681: POS,0,C90C,4.06,1.34,0.03,100,xD9

2018-06-05 14:24:57,848 INFO 682: POS,0,C90C,4.03,1.44,0.03,100,xDA

2018-06-05 14:24:57,948 INFO 683: POS,0,C90C,4.00,1.55,0.02,100,xDB

2018-06-05 14:24:58,148 INFO 685: POS,0,C90C,4.01,1.56,0.01,100,xDD

2018-06-05 14:24:58,248 INFO 686: POS,0,C90C,4.02,1.54,0.01,100,xDE

2018-06-05 14:24:58,348 INFO 687: POS,0,C90C,4.01,1.52,0.03,100,xDF

2018-06-05 14:24:58,448 INFO 688: POS,0,C90C,4.01,1.46,0.03,100,xE0

2018-06-05 14:24:58,548 INFO 689: POS,0,C90C,4.04,1.38,0.04,100,xE1

2018-06-05 14:24:58,647 INFO 690: POS,0,C90C,4.05,1.35,0.04,50,xE2

2018-06-05 14:24:58,748 INFO 691: POS,0,C90C,4.03,1.33,0.03,100,xE3

2018-06-05 14:24:58,847 INFO 692: POS,0,C90C,4.00,1.30,0.03,68,xE4

2018-06-05 14:24:58,945 INFO 693: POS,0,C90C,3.94,1.30,0.02,0,xE5

2018-06-05 14:24:59,045 INFO 694: POS,0,C90C,4.01,1.10,0.12,50,xE6

2018-06-05 14:24:59,145 INFO 695: POS,0,C90C,3.98,1.11,0.10,50,xE7

2018-06-05 14:24:59,245 INFO 696: POS,0,C90C,3.97,1.17,0.07,86,xE8

2018-06-05 14:24:59,346 INFO 697: POS,0,C90C,4.00,1.16,0.06,100,xE9

2018-06-05 14:24:59,446 INFO 698: POS,0,C90C,4.02,1.17,0.05,100,xEA

2018-06-05 14:24:59,546 INFO 699: POS,0,C90C,4.01,1.19,0.04,100,xEB

2018-06-05 14:24:59,646 INFO 700: POS,0,C90C,4.02,1.24,0.05,100,xEC

2018-06-05 14:24:59,746 INFO 701: POS,0,C90C,4.03,1.28,0.05,100,xED

2018-06-05 14:24:59,846 INFO 702: POS,0,C90C,4.04,1.33,0.02,100,xEE

2018-06-05 14:24:59,946 INFO 703: POS,0,C90C,4.03,1.41,0.02,100,xEF

2018-06-05 14:25:00,046 INFO 704: POS,0,C90C,4.00,1.48,0.02,100,xF0

2018-06-05 14:25:00,146 INFO 705: POS,0,C90C,3.99,1.54,0.03,100,xF1

2018-06-05 14:25:00,246 INFO 706: POS,0,C90C,4.00,1.54,0.01,100,xF2

2018-06-05 14:25:00,346 INFO 707: POS,0,C90C,4.01,1.50,0.02,100,xF3

2018-06-05 14:25:00,446 INFO 708: POS,0,C90C,4.03,1.47,0.04,100,xF4

2018-06-05 14:25:00,546 INFO 709: POS,0,C90C,4.03,1.43,0.05,100,xF5

2018-06-05 14:25:00,646 INFO 710: POS,0,C90C,4.05,1.37,0.04,100,xF6

2018-06-05 14:25:00,746 INFO 711: POS,0,C90C,4.05,1.33,0.04,100,xF7

2018-06-05 14:25:00,845 INFO 712: POS,0,C90C,4.06,1.28,0.04,50,xF8

2018-06-05 14:25:00,946 INFO 713: POS,0,C90C,4.02,1.28,0.04,84,xF9

2018-06-05 14:25:01,045 INFO 714: POS,0,C90C,3.97,1.27,0.04,0,xFA

2018-06-05 14:25:01,145 INFO 715: POS,0,C90C,3.95,1.23,0.04,55,xFB

2018-06-05 14:25:01,246 INFO 716: POS,0,C90C,3.93,1.27,0.05,0,xFC

2018-06-05 14:25:01,345 INFO 717: POS,0,C90C,3.92,1.30,0.05,76,xFD

2018-06-05 14:25:01,446 INFO 718: POS,0,C90C,3.95,1.27,0.05,100,xFE

2018-06-05 14:25:01,546 INFO 719: POS,0,C90C,3.97,1.26,0.04,100,xFF

2018-06-05 14:25:01,646 INFO 720: POS,0,C90C,4.00,1.25,0.04,100,x00

2018-06-05 14:25:01,746 INFO 721: POS,0,C90C,4.01,1.24,0.05,100,x01

2018-06-05 14:25:01,846 INFO 722: POS,0,C90C,4.02,1.29,0.05,100,x02

2018-06-05 14:25:01,946 INFO 723: POS,0,C90C,4.02,1.32,0.04,100,x03

2018-06-05 14:25:02,046 INFO 724: POS,0,C90C,4.01,1.39,0.03,100,x04

2018-06-05 14:25:02,146 INFO 725: POS,0,C90C,4.00,1.47,0.02,100,x05

2018-06-05 14:25:02,246 INFO 726: POS,0,C90C,3.99,1.53,0.01,100,x06

2018-06-05 14:25:02,346 INFO 727: POS,0,C90C,4.00,1.54,-0.00,100,x07

2018-06-05 14:25:02,446 INFO 728: POS,0,C90C,4.02,1.49,-0.00,100,x08

2018-06-05 14:25:02,546 INFO 729: POS,0,C90C,4.03,1.45,0.01,100,x09

2018-06-05 14:25:02,646 INFO 730: POS,0,C90C,4.03,1.40,0.02,100,x0A

2018-06-05 14:25:02,746 INFO 731: POS,0,C90C,4.03,1.35,0.03,100,x0B

2018-06-05 14:25:02,846 INFO 732: POS,0,C90C,4.06,1.31,0.02,100,x0C

2018-06-05 14:25:02,946 INFO 733: POS,0,C90C,4.05,1.30,0.02,100,x0D

2018-06-05 14:25:03,046 INFO 734: POS,0,C90C,4.04,1.27,0.02,100,x0E

2018-06-05 14:25:03,145 INFO 735: POS,0,C90C,3.97,1.32,0.02,80,x0F

2018-06-05 14:25:03,245 INFO 736: POS,0,C90C,3.95,1.29,0.01,53,x10

2018-06-05 14:25:03,345 INFO 737: POS,0,C90C,3.94,1.28,0.02,0,x11

2018-06-05 14:25:03,445 INFO 738: POS,0,C90C,3.96,1.26,0.03,92,x12

2018-06-05 14:25:03,546 INFO 739: POS,0,C90C,3.98,1.25,0.03,100,x13

2018-06-05 14:25:03,646 INFO 740: POS,0,C90C,4.00,1.22,0.03,100,x14

2018-06-05 14:25:03,746 INFO 741: POS,0,C90C,4.02,1.20,0.04,100,x15

2018-06-05 14:25:03,846 INFO 742: POS,0,C90C,4.02,1.22,0.05,100,x16

2018-06-05 14:25:03,945 INFO 743: POS,0,C90C,4.02,1.28,0.06,98,x17

2018-06-05 14:25:04,047 INFO 744: POS,0,C90C,4.04,1.29,0.04,100,x18

2018-06-05 14:25:04,148 INFO 745: POS,0,C90C,4.04,1.37,0.02,100,x19

2018-06-05 14:25:04,248 INFO 746: POS,0,C90C,4.02,1.46,0.01,100,x1A

2018-06-05 14:25:04,348 INFO 747: POS,0,C90C,4.01,1.52,0.01,100,x1B

2018-06-05 14:25:04,448 INFO 748: POS,0,C90C,3.99,1.54,0.00,100,x1C

2018-06-05 14:25:04,548 INFO 749: POS,0,C90C,3.99,1.54,-0.01,100,x1D

2018-06-05 14:25:04,648 INFO 750: POS,0,C90C,4.01,1.50,-0.01,100,x1E

2018-06-05 14:25:04,748 INFO 751: POS,0,C90C,4.02,1.47,0.03,100,x1F

2018-06-05 14:25:04,848 INFO 752: POS,0,C90C,4.04,1.39,0.02,100,x20

2018-06-05 14:25:04,948 INFO 753: POS,0,C90C,4.07,1.32,0.03,100,x21

2018-06-05 14:25:05,048 INFO 754: POS,0,C90C,4.06,1.31,0.02,100,x22

2018-06-05 14:25:05,148 INFO 755: POS,0,C90C,4.06,1.28,0.02,100,x23

2018-06-05 14:25:05,247 INFO 756: POS,0,C90C,4.04,1.31,0.03,87,x24

2018-06-05 14:25:05,348 INFO 757: POS,0,C90C,4.00,1.30,0.01,72,x25

2018-06-05 14:25:05,448 INFO 758: POS,0,C90C,3.96,1.32,-0.00,0,x26

2018-06-05 14:25:05,548 INFO 759: POS,0,C90C,3.95,1.33,0.00,86,x27

2018-06-05 14:25:05,648 INFO 760: POS,0,C90C,3.97,1.29,0.01,100,x28

2018-06-05 14:25:05,748 INFO 761: POS,0,C90C,3.99,1.26,0.01,100,x29

2018-06-05 14:25:05,848 INFO 762: POS,0,C90C,4.03,1.24,0.01,100,x2A

2018-06-05 14:25:05,948 INFO 763: POS,0,C90C,4.05,1.23,0.02,100,x2B

2018-06-05 14:25:06,048 INFO 764: POS,0,C90C,4.05,1.27,0.03,100,x2C

2018-06-05 14:25:06,148 INFO 765: POS,0,C90C,4.03,1.30,0.04,100,x2D

2018-06-05 14:25:06,248 INFO 766: POS,0,C90C,4.05,1.30,0.03,100,x2E

2018-06-05 14:25:06,348 INFO 767: POS,0,C90C,4.05,1.34,0.01,100,x2F

2018-06-05 14:25:06,448 INFO 768: POS,0,C90C,4.05,1.39,0.01,100,x30

2018-06-05 14:25:06,548 INFO 769: POS,0,C90C,4.05,1.44,0.00,100,x31

2018-06-05 14:25:06,648 INFO 770: POS,0,C90C,4.07,1.41,0.00,100,x32

2018-06-05 14:25:06,748 INFO 771: POS,0,C90C,4.08,1.39,0.01,100,x33

2018-06-05 14:25:06,848 INFO 772: POS,0,C90C,4.08,1.39,0.03,100,x34

2018-06-05 14:25:06,948 INFO 773: POS,0,C90C,4.08,1.34,0.02,100,x35

2018-06-05 14:25:07,048 INFO 774: POS,0,C90C,4.09,1.30,0.02,100,x36

2018-06-05 14:25:07,148 INFO 775: POS,0,C90C,4.07,1.29,0.03,100,x37

2018-06-05 14:25:07,247 INFO 776: POS,0,C90C,4.07,1.27,0.04,97,x38

2018-06-05 14:25:07,347 INFO 777: POS,0,C90C,4.03,1.31,0.02,80,x39

2018-06-05 14:25:07,448 INFO 778: POS,0,C90C,3.98,1.34,0.01,62,x3A

2018-06-05 14:25:07,548 INFO 779: POS,0,C90C,3.96,1.30,0.02,78,x3B

2018-06-05 14:25:07,648 INFO 780: POS,0,C90C,3.96,1.31,0.03,83,x3C

2018-06-05 14:25:07,748 INFO 781: POS,0,C90C,3.97,1.27,0.04,100,x3D

2018-06-05 14:25:07,848 INFO 782: POS,0,C90C,4.01,1.33,0.07,50,x3E

2018-06-05 14:25:07,948 INFO 783: POS,0,C90C,4.03,1.28,0.06,100,x3F

2018-06-05 14:25:08,048 INFO 784: POS,0,C90C,4.05,1.24,0.06,100,x40

2018-06-05 14:25:08,148 INFO 785: POS,0,C90C,4.06,1.23,0.06,50,x41

2018-06-05 14:25:08,248 INFO 786: POS,0,C90C,4.08,1.25,0.07,100,x42

2018-06-05 14:25:08,348 INFO 787: POS,0,C90C,4.09,1.28,0.06,100,x43

2018-06-05 14:25:08,448 INFO 788: POS,0,C90C,4.08,1.32,0.05,100,x44

2018-06-05 14:25:08,548 INFO 789: POS,0,C90C,4.07,1.36,0.03,100,x45

2018-06-05 14:25:08,648 INFO 790: POS,0,C90C,4.07,1.38,0.03,100,x46

2018-06-05 14:25:08,748 INFO 791: POS,0,C90C,4.08,1.39,0.02,100,x47

2018-06-05 14:25:08,848 INFO 792: POS,0,C90C,4.08,1.36,0.02,100,x48

2018-06-05 14:25:08,948 INFO 793: POS,0,C90C,4.07,1.36,0.04,100,x49

2018-06-05 14:25:09,048 INFO 794: POS,0,C90C,4.06,1.33,0.05,100,x4A

2018-06-05 14:25:09,148 INFO 795: POS,0,C90C,4.05,1.31,0.05,100,x4B

2018-06-05 14:25:09,248 INFO 796: POS,0,C90C,4.07,1.26,0.05,100,x4C

2018-06-05 14:25:09,348 INFO 797: POS,0,C90C,4.06,1.24,0.05,100,x4D

2018-06-05 14:25:09,448 INFO 798: POS,0,C90C,4.07,1.20,0.05,100,x4E

2018-06-05 14:25:09,548 INFO 799: POS,0,C90C,4.06,1.20,0.05,87,x4F

2018-06-05 14:25:09,648 INFO 800: POS,0,C90C,4.01,1.21,0.03,77,x50

2018-06-05 14:25:09,747 INFO 801: POS,0,C90C,4.00,1.20,0.05,86,x51

2018-06-05 14:25:09,848 INFO 802: POS,0,C90C,4.01,1.18,0.06,100,x52

2018-06-05 14:25:09,948 INFO 803: POS,0,C90C,4.02,1.18,0.04,100,x53

2018-06-05 14:25:10,048 INFO 804: POS,0,C90C,4.05,1.17,0.03,100,x54

2018-06-05 14:25:10,148 INFO 805: POS,0,C90C,4.06,1.17,0.03,100,x55

2018-06-05 14:25:10,248 INFO 806: POS,0,C90C,4.05,1.19,0.05,100,x56

2018-06-05 14:25:10,348 INFO 807: POS,0,C90C,4.05,1.25,0.07,100,x57

2018-06-05 14:25:10,448 INFO 808: POS,0,C90C,4.06,1.28,0.04,100,x58

2018-06-05 14:25:10,548 INFO 809: POS,0,C90C,4.07,1.30,0.03,100,x59

2018-06-05 14:25:10,648 INFO 810: POS,0,C90C,4.07,1.34,0.03,100,x5A

2018-06-05 14:25:10,748 INFO 811: POS,0,C90C,4.07,1.38,0.03,100,x5B

2018-06-05 14:25:10,848 INFO 812: POS,0,C90C,4.08,1.38,0.02,100,x5C

2018-06-05 14:25:10,946 INFO 813: POS,0,C90C,4.08,1.37,0.02,100,x5D

2018-06-05 14:25:11,046 INFO 814: POS,0,C90C,4.08,1.36,0.04,100,x5E

2018-06-05 14:25:11,146 INFO 815: POS,0,C90C,4.08,1.34,0.06,100,x5F

2018-06-05 14:25:11,246 INFO 816: POS,0,C90C,4.08,1.29,0.06,100,x60

2018-06-05 14:25:11,346 INFO 817: POS,0,C90C,4.08,1.26,0.05,100,x61

2018-06-05 14:25:11,446 INFO 818: POS,0,C90C,4.07,1.27,0.05,100,x62

2018-06-05 14:25:11,546 INFO 819: POS,0,C90C,4.07,1.23,0.05,100,x63

2018-06-05 14:25:11,646 INFO 820: POS,0,C90C,4.07,1.22,0.07,93,x64

2018-06-05 14:25:11,746 INFO 821: POS,0,C90C,4.05,1.23,0.06,89,x65

2018-06-05 14:25:11,846 INFO 822: POS,0,C90C,4.04,1.24,0.07,84,x66

2018-06-05 14:25:11,946 INFO 823: POS,0,C90C,4.05,1.21,0.06,100,x67

2018-06-05 14:25:12,046 INFO 824: POS,0,C90C,4.06,1.22,0.06,99,x68

2018-06-05 14:25:12,146 INFO 825: POS,0,C90C,4.05,1.23,0.05,100,x69

2018-06-05 14:25:12,246 INFO 826: POS,0,C90C,4.08,1.19,0.05,100,x6A

2018-06-05 14:25:12,346 INFO 827: POS,0,C90C,4.08,1.20,0.04,50,x6B

2018-06-05 14:25:12,446 INFO 828: POS,0,C90C,4.08,1.25,0.06,100,x6C

2018-06-05 14:25:12,546 INFO 829: POS,0,C90C,4.08,1.28,0.06,100,x6D

2018-06-05 14:25:12,646 INFO 830: POS,0,C90C,4.08,1.28,0.05,100,x6E

2018-06-05 14:25:12,746 INFO 831: POS,0,C90C,4.09,1.31,0.03,100,x6F

2018-06-05 14:25:12,846 INFO 832: POS,0,C90C,4.09,1.35,0.03,100,x70

2018-06-05 14:25:12,946 INFO 833: POS,0,C90C,4.09,1.38,0.02,100,x71

2018-06-05 14:25:13,046 INFO 834: POS,0,C90C,4.10,1.36,0.01,100,x72

2018-06-05 14:25:13,146 INFO 835: POS,0,C90C,4.11,1.35,0.02,100,x73

2018-06-05 14:25:13,246 INFO 836: POS,0,C90C,4.09,1.33,0.03,100,x74

2018-06-05 14:25:13,346 INFO 837: POS,0,C90C,4.10,1.30,0.03,100,x75

2018-06-05 14:25:13,446 INFO 838: POS,0,C90C,4.12,1.24,0.02,100,x76

2018-06-05 14:25:13,546 INFO 839: POS,0,C90C,4.09,1.25,0.03,98,x77

2018-06-05 14:25:13,646 INFO 840: POS,0,C90C,4.08,1.22,0.03,100,x78

2018-06-05 14:25:13,746 INFO 841: POS,0,C90C,4.06,1.21,0.04,100,x79

2018-06-05 14:25:13,846 INFO 842: POS,0,C90C,4.04,1.23,0.05,86,x7A

2018-06-05 14:25:13,946 INFO 843: POS,0,C90C,4.02,1.25,0.05,84,x7B

2018-06-05 14:25:14,046 INFO 844: POS,0,C90C,4.03,1.27,0.09,50,x7C

2018-06-05 14:25:14,146 INFO 845: POS,0,C90C,4.05,1.23,0.08,100,x7D

2018-06-05 14:25:14,246 INFO 846: POS,0,C90C,4.04,1.23,0.07,100,x7E

2018-06-05 14:25:14,346 INFO 847: POS,0,C90C,4.06,1.20,0.06,100,x7F

2018-06-05 14:25:14,446 INFO 848: POS,0,C90C,4.06,1.20,0.05,100,x80

2018-06-05 14:25:14,546 INFO 849: POS,0,C90C,4.06,1.22,0.05,100,x81

2018-06-05 14:25:14,646 INFO 850: POS,0,C90C,4.08,1.23,0.06,100,x82

2018-06-05 14:25:14,746 INFO 851: POS,0,C90C,4.02,1.25,0.09,50,x83

2018-06-05 14:25:14,846 INFO 852: POS,0,C90C,4.05,1.29,0.07,100,x84

2018-06-05 14:25:14,946 INFO 853: POS,0,C90C,4.06,1.31,0.05,50,x85

2018-06-05 14:25:15,046 INFO 854: POS,0,C90C,4.08,1.32,0.03,100,x86

2018-06-05 14:25:15,146 INFO 855: POS,0,C90C,4.08,1.32,0.03,100,x87

2018-06-05 14:25:15,246 INFO 856: POS,0,C90C,4.08,1.32,0.05,100,x88

2018-06-05 14:25:15,346 INFO 857: POS,0,C90C,4.07,1.33,0.07,100,x89

2018-06-05 14:25:15,446 INFO 858: POS,0,C90C,4.09,1.29,0.06,100,x8A

2018-06-05 14:25:15,546 INFO 859: POS,0,C90C,4.09,1.23,0.06,100,x8B

2018-06-05 14:25:15,646 INFO 860: POS,0,C90C,4.07,1.23,0.05,100,x8C

2018-06-05 14:25:15,746 INFO 861: POS,0,C90C,4.06,1.23,0.03,100,x8D

2018-06-05 14:25:15,846 INFO 862: POS,0,C90C,4.07,1.18,0.04,100,x8E

2018-06-05 14:25:15,946 INFO 863: POS,0,C90C,4.07,1.20,0.02,92,x8F

2018-06-05 14:25:16,046 INFO 864: POS,0,C90C,4.03,1.25,0.00,83,x90

2018-06-05 14:25:16,146 INFO 865: POS,0,C90C,4.04,1.20,0.02,100,x91

2018-06-05 14:25:16,246 INFO 866: POS,0,C90C,4.04,1.19,0.02,100,x92

2018-06-05 14:25:16,346 INFO 867: POS,0,C90C,4.03,1.20,0.02,100,x93

2018-06-05 14:25:16,446 INFO 868: POS,0,C90C,4.07,1.16,0.02,100,x94

2018-06-05 14:25:16,546 INFO 869: POS,0,C90C,4.07,1.14,0.02,100,x95

2018-06-05 14:25:16,646 INFO 870: POS,0,C90C,4.06,1.17,0.04,100,x96

2018-06-05 14:25:16,746 INFO 871: POS,0,C90C,4.05,1.24,0.06,98,x97

2018-06-05 14:25:16,846 INFO 872: POS,0,C90C,4.06,1.25,0.05,100,x98

2018-06-05 14:25:16,946 INFO 873: POS,0,C90C,4.07,1.27,0.04,100,x99

2018-06-05 14:25:17,046 INFO 874: POS,0,C90C,4.02,1.28,0.07,50,x9A

2018-06-05 14:25:17,146 INFO 875: POS,0,C90C,4.04,1.31,0.04,100,x9B

2018-06-05 14:25:17,246 INFO 876: POS,0,C90C,4.00,1.32,0.08,50,x9C

2018-06-05 14:25:17,346 INFO 877: POS,0,C90C,4.03,1.32,0.08,100,x9D

2018-06-05 14:25:17,446 INFO 878: POS,0,C90C,4.04,1.33,0.08,100,x9E

2018-06-05 14:25:17,546 INFO 879: POS,0,C90C,4.05,1.31,0.07,100,x9F

2018-06-05 14:25:17,646 INFO 880: POS,0,C90C,4.07,1.27,0.06,100,xA0

2018-06-05 14:25:17,746 INFO 881: POS,0,C90C,4.08,1.24,0.05,100,xA1

2018-06-05 14:25:17,846 INFO 882: POS,0,C90C,4.06,1.25,0.04,100,xA2

2018-06-05 14:25:17,946 INFO 883: POS,0,C90C,4.06,1.22,0.03,100,xA3

2018-06-05 14:25:18,046 INFO 884: POS,0,C90C,4.06,1.20,0.03,100,xA4

2018-06-05 14:25:18,146 INFO 885: POS,0,C90C,4.05,1.19,0.03,100,xA5

2018-06-05 14:25:18,246 INFO 886: POS,0,C90C,4.06,1.16,0.04,100,xA6

2018-06-05 14:25:18,347 INFO 887: POS,0,C90C,4.07,1.16,0.04,100,xA7

2018-06-05 14:25:18,448 INFO 888: POS,0,C90C,4.05,1.20,0.03,100,xA8

2018-06-05 14:25:18,548 INFO 889: POS,0,C90C,4.07,1.17,0.03,100,xA9

2018-06-05 14:25:18,648 INFO 890: POS,0,C90C,4.09,1.17,0.03,100,xAA

2018-06-05 14:25:18,748 INFO 891: POS,0,C90C,4.09,1.18,0.03,100,xAB

2018-06-05 14:25:18,848 INFO 892: POS,0,C90C,4.08,1.24,0.05,100,xAC

2018-06-05 14:25:18,948 INFO 893: POS,0,C90C,4.09,1.25,0.04,100,xAD

2018-06-05 14:25:19,048 INFO 894: POS,0,C90C,4.08,1.27,0.04,100,xAE

2018-06-05 14:25:19,148 INFO 895: POS,0,C90C,4.10,1.29,0.03,100,xAF

2018-06-05 14:25:19,348 INFO 897: POS,0,C90C,4.09,1.31,0.01,100,xB1

2018-06-05 14:25:19,448 INFO 898: POS,0,C90C,4.08,1.33,0.02,100,xB2

2018-06-05 14:25:19,548 INFO 899: POS,0,C90C,4.08,1.34,0.05,100,xB3

2018-06-05 14:25:19,648 INFO 900: POS,0,C90C,4.06,1.32,0.08,50,xB4

2018-06-05 14:25:19,748 INFO 901: POS,0,C90C,4.07,1.28,0.06,100,xB5

2018-06-05 14:25:19,848 INFO 902: POS,0,C90C,4.08,1.24,0.05,100,xB6

2018-06-05 14:25:19,948 INFO 903: POS,0,C90C,4.07,1.24,0.05,100,xB7

2018-06-05 14:25:20,048 INFO 904: POS,0,C90C,4.05,1.23,0.04,100,xB8

2018-06-05 14:25:20,148 INFO 905: POS,0,C90C,4.07,1.20,0.05,50,xB9

2018-06-05 14:25:20,248 INFO 906: POS,0,C90C,4.05,1.18,0.04,100,xBA

2018-06-05 14:25:20,348 INFO 907: POS,0,C90C,4.06,1.15,0.04,100,xBB

2018-06-05 14:25:20,448 INFO 908: POS,0,C90C,4.05,1.16,0.04,100,xBC

2018-06-05 14:25:20,548 INFO 909: POS,0,C90C,4.04,1.19,0.04,100,xBD

2018-06-05 14:25:20,648 INFO 910: POS,0,C90C,4.06,1.18,0.04,100,xBE

2018-06-05 14:25:20,748 INFO 911: POS,0,C90C,4.07,1.19,0.04,100,xBF

2018-06-05 14:25:20,848 INFO 912: POS,0,C90C,4.08,1.16,0.03,100,xC0

2018-06-05 14:25:20,948 INFO 913: POS,0,C90C,4.07,1.20,0.04,100,xC1

2018-06-05 14:25:21,048 INFO 914: POS,0,C90C,4.08,1.21,0.05,100,xC2

2018-06-05 14:25:21,148 INFO 915: POS,0,C90C,4.08,1.26,0.04,100,xC3

2018-06-05 14:25:21,248 INFO 916: POS,0,C90C,4.08,1.30,0.03,100,xC4

2018-06-05 14:25:21,348 INFO 917: POS,0,C90C,4.07,1.31,0.02,100,xC5

2018-06-05 14:25:21,448 INFO 918: POS,0,C90C,4.08,1.31,0.01,100,xC6

2018-06-05 14:25:21,548 INFO 919: POS,0,C90C,4.09,1.33,0.02,100,xC7

2018-06-05 14:25:21,648 INFO 920: POS,0,C90C,4.08,1.36,0.04,100,xC8

2018-06-05 14:25:21,746 INFO 921: POS,0,C90C,4.07,1.34,0.05,100,xC9

2018-06-05 14:25:21,846 INFO 922: POS,0,C90C,4.05,1.30,0.04,100,xCA

2018-06-05 14:25:21,946 INFO 923: POS,0,C90C,4.07,1.26,0.03,100,xCB

2018-06-05 14:25:22,046 INFO 924: POS,0,C90C,4.06,1.23,0.04,100,xCC

2018-06-05 14:25:22,146 INFO 925: POS,0,C90C,4.07,1.22,0.03,100,xCD

2018-06-05 14:25:22,246 INFO 926: POS,0,C90C,4.07,1.20,0.03,100,xCE

2018-06-05 14:25:22,346 INFO 927: POS,0,C90C,4.05,1.22,0.03,100,xCF

2018-06-05 14:25:22,446 INFO 928: POS,0,C90C,4.04,1.21,0.04,100,xD0

2018-06-05 14:25:22,546 INFO 929: POS,0,C90C,4.03,1.19,0.03,100,xD1

2018-06-05 14:25:22,646 INFO 930: POS,0,C90C,4.03,1.19,0.03,100,xD2

2018-06-05 14:25:22,746 INFO 931: POS,0,C90C,4.04,1.20,0.03,50,xD3

2018-06-05 14:25:22,846 INFO 932: POS,0,C90C,4.05,1.17,0.03,100,xD4

2018-06-05 14:25:22,946 INFO 933: POS,0,C90C,4.06,1.18,0.03,100,xD5

2018-06-05 14:25:23,046 INFO 934: POS,0,C90C,4.06,1.20,0.04,100,xD6

2018-06-05 14:25:23,146 INFO 935: POS,0,C90C,4.05,1.25,0.05,100,xD7

2018-06-05 14:25:23,246 INFO 936: POS,0,C90C,4.05,1.28,0.05,100,xD8

2018-06-05 14:25:23,346 INFO 937: POS,0,C90C,4.06,1.31,0.04,100,xD9

2018-06-05 14:25:23,446 INFO 938: POS,0,C90C,4.06,1.32,0.02,100,xDA

2018-06-05 14:25:23,546 INFO 939: POS,0,C90C,4.06,1.33,0.02,100,xDB

2018-06-05 14:25:23,646 INFO 940: POS,0,C90C,4.06,1.32,0.00,100,xDC

2018-06-05 14:25:23,746 INFO 941: POS,0,C90C,4.05,1.34,0.03,100,xDD

2018-06-05 14:25:23,846 INFO 942: POS,0,C90C,4.06,1.31,0.04,100,xDE

2018-06-05 14:25:23,946 INFO 943: POS,0,C90C,4.05,1.30,0.02,100,xDF

2018-06-05 14:25:24,046 INFO 944: POS,0,C90C,4.05,1.27,0.03,100,xE0

2018-06-05 14:25:24,146 INFO 945: POS,0,C90C,4.06,1.24,0.03,100,xE1

2018-06-05 14:25:24,246 INFO 946: POS,0,C90C,4.08,1.22,0.02,100,xE2

2018-06-05 14:25:24,346 INFO 947: POS,0,C90C,4.07,1.20,0.03,100,xE3

2018-06-05 14:25:24,446 INFO 948: POS,0,C90C,4.05,1.20,0.04,100,xE4

2018-06-05 14:25:24,546 INFO 949: POS,0,C90C,4.03,1.19,0.04,100,xE5

2018-06-05 14:25:24,646 INFO 950: POS,0,C90C,4.03,1.20,0.03,100,xE6

2018-06-05 14:25:24,746 INFO 951: POS,0,C90C,4.05,1.18,0.02,100,xE7

2018-06-05 14:25:24,846 INFO 952: POS,0,C90C,4.05,1.18,0.03,100,xE8

2018-06-05 14:25:24,946 INFO 953: POS,0,C90C,4.07,1.15,0.03,100,xE9

2018-06-05 14:25:25,046 INFO 954: POS,0,C90C,4.08,1.14,0.03,100,xEA

2018-06-05 14:25:25,146 INFO 955: POS,0,C90C,4.08,1.16,0.05,50,xEB

2018-06-05 14:25:25,246 INFO 956: POS,0,C90C,4.07,1.22,0.07,100,xEC

2018-06-05 14:25:25,348 INFO 957: POS,0,C90C,4.07,1.25,0.07,50,xED

2018-06-05 14:25:25,448 INFO 958: POS,0,C90C,4.08,1.26,0.06,100,xEE

2018-06-05 14:25:25,548 INFO 959: POS,0,C90C,4.09,1.25,0.04,100,xEF

2018-06-05 14:25:25,648 INFO 960: POS,0,C90C,4.09,1.27,0.04,100,xF0

2018-06-05 14:25:25,747 INFO 961: POS,0,C90C,4.09,1.30,0.04,100,xF1

2018-06-05 14:25:25,848 INFO 962: POS,0,C90C,4.09,1.30,0.05,100,xF2

2018-06-05 14:25:25,948 INFO 963: POS,0,C90C,4.08,1.34,0.07,97,xF3

2018-06-05 14:25:26,048 INFO 964: POS,0,C90C,4.09,1.30,0.06,100,xF4

2018-06-05 14:25:26,148 INFO 965: POS,0,C90C,4.09,1.27,0.05,100,xF5

2018-06-05 14:25:26,248 INFO 966: POS,0,C90C,4.10,1.24,0.03,100,xF6

2018-06-05 14:25:26,348 INFO 967: POS,0,C90C,4.08,1.22,0.03,100,xF7

2018-06-05 14:25:26,448 INFO 968: POS,0,C90C,4.07,1.23,0.03,100,xF8

2018-06-05 14:25:26,548 INFO 969: POS,0,C90C,4.05,1.23,0.01,100,xF9

2018-06-05 14:25:26,648 INFO 970: POS,0,C90C,4.04,1.21,0.03,100,xFA

2018-06-05 14:25:26,748 INFO 971: POS,0,C90C,4.05,1.20,0.02,100,xFB

2018-06-05 14:25:26,848 INFO 972: POS,0,C90C,4.05,1.19,0.03,100,xFC

2018-06-05 14:25:26,948 INFO 973: POS,0,C90C,4.05,1.22,0.05,50,xFD

2018-06-05 14:25:27,048 INFO 974: POS,0,C90C,4.07,1.20,0.03,100,xFE

2018-06-05 14:25:27,148 INFO 975: POS,0,C90C,4.07,1.18,0.04,100,xFF

2018-06-05 14:25:27,248 INFO 976: POS,0,C90C,4.06,1.20,0.04,100,x00

2018-06-05 14:25:27,348 INFO 977: POS,0,C90C,4.06,1.26,0.04,100,x01

2018-06-05 14:25:27,448 INFO 978: POS,0,C90C,4.06,1.28,0.05,100,x02

2018-06-05 14:25:27,548 INFO 979: POS,0,C90C,4.06,1.31,0.03,100,x03

2018-06-05 14:25:27,648 INFO 980: POS,0,C90C,4.06,1.33,0.03,100,x04

2018-06-05 14:25:27,748 INFO 981: POS,0,C90C,4.06,1.33,0.03,100,x05

2018-06-05 14:25:27,848 INFO 982: POS,0,C90C,4.06,1.33,0.02,100,x06

2018-06-05 14:25:27,948 INFO 983: POS,0,C90C,4.07,1.31,0.02,100,x07

2018-06-05 14:25:28,048 INFO 984: POS,0,C90C,4.07,1.34,0.03,100,x08

2018-06-05 14:25:28,148 INFO 985: POS,0,C90C,4.05,1.33,0.05,50,x09

2018-06-05 14:25:28,248 INFO 986: POS,0,C90C,4.07,1.26,0.04,100,x0A

2018-06-05 14:25:28,348 INFO 987: POS,0,C90C,4.08,1.25,0.04,100,x0B

2018-06-05 14:25:28,448 INFO 988: POS,0,C90C,4.07,1.23,0.04,100,x0C

2018-06-05 14:25:28,548 INFO 989: POS,0,C90C,4.08,1.20,0.04,100,x0D

2018-06-05 14:25:28,646 INFO 990: POS,0,C90C,4.07,1.21,0.04,100,x0E

2018-06-05 14:25:28,746 INFO 991: POS,0,C90C,4.05,1.21,0.03,100,x0F

2018-06-05 14:25:28,846 INFO 992: POS,0,C90C,4.06,1.20,0.03,100,x10

2018-06-05 14:25:28,946 INFO 993: POS,0,C90C,4.05,1.20,0.03,100,x11

2018-06-05 14:25:29,046 INFO 994: POS,0,C90C,4.05,1.21,0.03,100,x12

2018-06-05 14:25:29,146 INFO 995: POS,0,C90C,4.07,1.21,0.03,100,x13

2018-06-05 14:25:29,246 INFO 996: POS,0,C90C,4.08,1.19,0.02,100,x14

2018-06-05 14:25:29,346 INFO 997: POS,0,C90C,4.10,1.18,0.02,100,x15

2018-06-05 14:25:29,446 INFO 998: POS,0,C90C,4.08,1.23,0.03,100,x16

2018-06-05 14:25:29,546 INFO 999: POS,0,C90C,4.06,1.27,0.05,100,x17

2018-06-05 14:25:29,646 INFO 1000: POS,0,C90C,4.06,1.30,0.05,100,x18

2018-06-05 14:25:29,746 INFO 1001: POS,0,C90C,4.07,1.32,0.04,100,x19

2018-06-05 14:25:29,846 INFO 1002: POS,0,C90C,4.08,1.32,0.03,100,x1A

2018-06-05 14:25:29,946 INFO 1003: POS,0,C90C,4.08,1.33,0.02,100,x1B

2018-06-05 14:25:30,046 INFO 1004: POS,0,C90C,4.08,1.33,0.04,100,x1C

2018-06-05 14:25:30,146 INFO 1005: POS,0,C90C,4.08,1.34,0.05,100,x1D

2018-06-05 14:25:30,246 INFO 1006: POS,0,C90C,4.07,1.32,0.06,100,x1E

2018-06-05 14:25:30,346 INFO 1007: POS,0,C90C,4.08,1.27,0.06,100,x1F

2018-06-05 14:25:30,446 INFO 1008: POS,0,C90C,4.09,1.22,0.05,100,x20

2018-06-05 14:25:30,546 INFO 1009: POS,0,C90C,4.07,1.22,0.04,100,x21

2018-06-05 14:25:30,646 INFO 1010: POS,0,C90C,4.05,1.22,0.05,100,x22

2018-06-05 14:25:30,746 INFO 1011: POS,0,C90C,4.05,1.22,0.04,100,x23

2018-06-05 14:25:30,846 INFO 1012: POS,0,C90C,4.04,1.22,0.02,100,x24

2018-06-05 14:25:30,946 INFO 1013: POS,0,C90C,4.03,1.24,0.02,50,x25

2018-06-05 14:25:31,046 INFO 1014: POS,0,C90C,4.03,1.24,0.02,100,x26

2018-06-05 14:25:31,146 INFO 1015: POS,0,C90C,4.03,1.23,0.03,100,x27

2018-06-05 14:25:31,246 INFO 1016: POS,0,C90C,4.06,1.20,0.03,100,x28

2018-06-05 14:25:31,346 INFO 1017: POS,0,C90C,4.07,1.18,0.03,100,x29

2018-06-05 14:25:31,446 INFO 1018: POS,0,C90C,4.08,1.17,0.02,100,x2A

2018-06-05 14:25:31,546 INFO 1019: POS,0,C90C,4.08,1.21,0.02,100,x2B

2018-06-05 14:25:31,646 INFO 1020: POS,0,C90C,4.07,1.26,0.04,100,x2C

2018-06-05 14:25:31,746 INFO 1021: POS,0,C90C,4.07,1.28,0.05,100,x2D

2018-06-05 14:25:31,846 INFO 1022: POS,0,C90C,4.08,1.29,0.04,100,x2E

2018-06-05 14:25:31,946 INFO 1023: POS,0,C90C,4.09,1.30,0.03,100,x2F

2018-06-05 14:25:32,046 INFO 1024: POS,0,C90C,4.09,1.31,0.03,100,x30

2018-06-05 14:25:32,146 INFO 1025: POS,0,C90C,4.09,1.31,0.04,50,x31

2018-06-05 14:25:32,246 INFO 1026: POS,0,C90C,4.07,1.36,0.06,93,x32

2018-06-05 14:25:32,346 INFO 1027: POS,0,C90C,4.06,1.36,0.07,100,x33

2018-06-05 14:25:32,446 INFO 1028: POS,0,C90C,4.07,1.30,0.06,100,x34

2018-06-05 14:25:32,546 INFO 1029: POS,0,C90C,4.07,1.28,0.06,100,x35

2018-06-05 14:25:32,646 INFO 1030: POS,0,C90C,4.03,1.25,0.08,50,x36

2018-06-05 14:25:32,746 INFO 1031: POS,0,C90C,4.04,1.24,0.07,100,x37

2018-06-05 14:25:32,846 INFO 1032: POS,0,C90C,4.04,1.22,0.06,100,x38

2018-06-05 14:25:32,946 INFO 1033: POS,0,C90C,4.04,1.22,0.04,100,x39

2018-06-05 14:25:33,046 INFO 1034: POS,0,C90C,4.03,1.23,0.03,100,x3A

2018-06-05 14:25:33,146 INFO 1035: POS,0,C90C,4.04,1.20,0.03,100,x3B

2018-06-05 14:25:33,246 INFO 1036: POS,0,C90C,4.03,1.21,0.04,50,x3C

2018-06-05 14:25:33,346 INFO 1037: POS,0,C90C,4.05,1.20,0.04,100,x3D

2018-06-05 14:25:33,446 INFO 1038: POS,0,C90C,4.06,1.19,0.04,100,x3E

2018-06-05 14:25:33,546 INFO 1039: POS,0,C90C,4.06,1.17,0.03,100,x3F

2018-06-05 14:25:33,646 INFO 1040: POS,0,C90C,4.06,1.20,0.04,100,x40

2018-06-05 14:25:33,746 INFO 1041: POS,0,C90C,4.05,1.26,0.05,100,x41

2018-06-05 14:25:33,846 INFO 1042: POS,0,C90C,4.06,1.27,0.05,100,x42

2018-06-05 14:25:33,946 INFO 1043: POS,0,C90C,4.06,1.29,0.04,100,x43

2018-06-05 14:25:34,046 INFO 1044: POS,0,C90C,4.07,1.31,0.03,100,x44

2018-06-05 14:25:34,146 INFO 1045: POS,0,C90C,4.07,1.31,0.01,100,x45

2018-06-05 14:25:34,246 INFO 1046: POS,0,C90C,4.06,1.30,0.02,100,x46

2018-06-05 14:25:34,346 INFO 1047: POS,0,C90C,4.05,1.33,0.05,100,x47

2018-06-05 14:25:34,446 INFO 1048: POS,0,C90C,4.05,1.34,0.07,50,x48

2018-06-05 14:25:34,546 INFO 1049: POS,0,C90C,4.06,1.28,0.05,100,x49

2018-06-05 14:25:34,646 INFO 1050: POS,0,C90C,4.07,1.26,0.05,100,x4A

2018-06-05 14:25:34,746 INFO 1051: POS,0,C90C,4.08,1.24,0.03,100,x4B

2018-06-05 14:25:34,846 INFO 1052: POS,0,C90C,4.07,1.24,0.04,100,x4C

2018-06-05 14:25:34,946 INFO 1053: POS,0,C90C,4.09,1.20,0.04,100,x4D

2018-06-05 14:25:35,046 INFO 1054: POS,0,C90C,4.07,1.18,0.03,100,x4E

2018-06-05 14:25:35,146 INFO 1055: POS,0,C90C,4.06,1.19,0.03,100,x4F

2018-06-05 14:25:35,246 INFO 1056: POS,0,C90C,4.06,1.18,0.03,100,x50

2018-06-05 14:25:35,346 INFO 1057: POS,0,C90C,4.05,1.18,0.06,100,x51

2018-06-05 14:25:35,446 INFO 1058: POS,0,C90C,4.05,1.18,0.06,100,x52

2018-06-05 14:25:35,546 INFO 1059: POS,0,C90C,4.05,1.17,0.05,100,x53

2018-06-05 14:25:35,646 INFO 1060: POS,0,C90C,4.06,1.16,0.05,100,x54

2018-06-05 14:25:35,746 INFO 1061: POS,0,C90C,4.05,1.20,0.05,100,x55

2018-06-05 14:25:35,846 INFO 1062: POS,0,C90C,4.06,1.25,0.07,99,x56

2018-06-05 14:25:35,946 INFO 1063: POS,0,C90C,4.05,1.28,0.08,100,x57

2018-06-05 14:25:36,046 INFO 1064: POS,0,C90C,4.05,1.29,0.07,100,x58

2018-06-05 14:25:36,146 INFO 1065: POS,0,C90C,4.06,1.33,0.06,100,x59

2018-06-05 14:25:36,246 INFO 1066: POS,0,C90C,4.07,1.30,0.04,100,x5A

2018-06-05 14:25:36,346 INFO 1067: POS,0,C90C,4.08,1.30,0.05,100,x5B

2018-06-05 14:25:36,446 INFO 1068: POS,0,C90C,4.08,1.31,0.07,100,x5C

2018-06-05 14:25:36,546 INFO 1069: POS,0,C90C,4.07,1.32,0.09,100,x5D

2018-06-05 14:25:36,646 INFO 1070: POS,0,C90C,4.06,1.29,0.07,100,x5E

2018-06-05 14:25:36,746 INFO 1071: POS,0,C90C,4.05,1.26,0.06,100,x5F

2018-06-05 14:25:36,846 INFO 1072: POS,0,C90C,4.07,1.25,0.04,100,x60

2018-06-05 14:25:36,946 INFO 1073: POS,0,C90C,4.05,1.24,0.03,100,x61

2018-06-05 14:25:37,046 INFO 1074: POS,0,C90C,4.08,1.20,0.03,100,x62

2018-06-05 14:25:37,146 INFO 1075: POS,0,C90C,4.06,1.21,0.03,100,x63

2018-06-05 14:25:37,246 INFO 1076: POS,0,C90C,4.06,1.19,0.02,100,x64

2018-06-05 14:25:37,346 INFO 1077: POS,0,C90C,4.06,1.18,0.02,100,x65

2018-06-05 14:25:37,446 INFO 1078: POS,0,C90C,4.07,1.17,0.03,100,x66

2018-06-05 14:25:37,546 INFO 1079: POS,0,C90C,4.06,1.16,0.04,100,x67

2018-06-05 14:25:37,647 INFO 1080: POS,0,C90C,4.07,1.15,0.03,100,x68

2018-06-05 14:25:37,748 INFO 1081: POS,0,C90C,4.08,1.14,0.03,100,x69

2018-06-05 14:25:37,848 INFO 1082: POS,0,C90C,4.06,1.17,0.02,100,x6A

2018-06-05 14:25:37,948 INFO 1083: POS,0,C90C,4.05,1.23,0.04,99,x6B

2018-06-05 14:25:38,048 INFO 1084: POS,0,C90C,4.03,1.30,0.05,50,x6C

2018-06-05 14:25:38,148 INFO 1085: POS,0,C90C,4.04,1.31,0.05,100,x6D

2018-06-05 14:25:38,248 INFO 1086: POS,0,C90C,4.05,1.31,0.05,100,x6E

2018-06-05 14:25:38,348 INFO 1087: POS,0,C90C,4.06,1.32,0.04,100,x6F

2018-06-05 14:25:38,448 INFO 1088: POS,0,C90C,4.07,1.31,0.05,100,x70

2018-06-05 14:25:38,548 INFO 1089: POS,0,C90C,4.07,1.32,0.07,100,x71

2018-06-05 14:25:38,648 INFO 1090: POS,0,C90C,4.07,1.33,0.09,100,x72

