2018-06-05 14:35:29,546 INFO 5: POS,0,C90C,3.98,1.15,0.13,100,x84

2018-06-05 14:35:29,549 INFO 6: POS,0,C90C,3.96,1.08,0.15,100,x85

2018-06-05 14:35:29,551 INFO 7: POS,0,C90C,3.95,1.05,0.18,50,x86

2018-06-05 14:35:29,553 INFO 8: POS,0,C90C,3.95,1.02,0.19,88,x87

2018-06-05 14:35:29,650 INFO 9: POS,0,C90C,3.96,0.92,0.24,100,x88

2018-06-05 14:35:29,750 INFO 10: POS,0,C90C,3.97,0.82,0.26,50,x89

2018-06-05 14:35:29,850 INFO 11: POS,0,C90C,3.99,0.73,0.27,100,x8A

2018-06-05 14:35:29,950 INFO 12: POS,0,C90C,4.01,0.67,0.26,100,x8B

2018-06-05 14:35:30,050 INFO 13: POS,0,C90C,4.05,0.64,0.25,91,x8C

2018-06-05 14:35:30,150 INFO 14: POS,0,C90C,4.05,0.60,0.26,92,x8D

2018-06-05 14:35:30,250 INFO 15: POS,0,C90C,4.05,0.56,0.26,100,x8E

2018-06-05 14:35:30,350 INFO 16: POS,0,C90C,4.04,0.53,0.27,100,x8F

2018-06-05 14:35:30,450 INFO 17: POS,0,C90C,4.03,0.50,0.27,100,x90

2018-06-05 14:35:30,550 INFO 18: POS,0,C90C,4.03,0.49,0.27,99,x91

2018-06-05 14:35:30,650 INFO 19: POS,0,C90C,4.03,0.48,0.28,99,x92

2018-06-05 14:35:30,750 INFO 20: POS,0,C90C,4.03,0.48,0.28,97,x93

2018-06-05 14:35:30,851 INFO 21: POS,0,C90C,4.03,0.47,0.29,99,x94

2018-06-05 14:35:30,951 INFO 22: POS,0,C90C,4.02,0.47,0.29,100,x95

2018-06-05 14:35:31,050 INFO 23: POS,0,C90C,4.02,0.46,0.29,100,x96

2018-06-05 14:35:31,150 INFO 24: POS,0,C90C,4.03,0.47,0.29,95,x97

2018-06-05 14:35:31,250 INFO 25: POS,0,C90C,4.03,0.45,0.31,100,x98

2018-06-05 14:35:31,350 INFO 26: POS,0,C90C,4.03,0.45,0.31,97,x99

2018-06-05 14:35:31,450 INFO 27: POS,0,C90C,4.03,0.45,0.30,98,x9A

2018-06-05 14:35:31,550 INFO 28: POS,0,C90C,4.02,0.44,0.30,97,x9B

2018-06-05 14:35:31,650 INFO 29: POS,0,C90C,4.02,0.45,0.31,98,x9C

2018-06-05 14:35:31,750 INFO 30: POS,0,C90C,4.03,0.45,0.31,96,x9D

2018-06-05 14:35:31,850 INFO 31: POS,0,C90C,4.02,0.44,0.31,100,x9E

2018-06-05 14:35:31,950 INFO 32: POS,0,C90C,4.02,0.44,0.31,99,x9F

2018-06-05 14:35:32,051 INFO 33: POS,0,C90C,4.02,0.43,0.31,100,xA0

2018-06-05 14:35:32,150 INFO 34: POS,0,C90C,4.01,0.43,0.31,100,xA1

2018-06-05 14:35:32,250 INFO 35: POS,0,C90C,4.01,0.43,0.30,100,xA2

2018-06-05 14:35:32,350 INFO 36: POS,0,C90C,4.00,0.41,0.30,100,xA3

2018-06-05 14:35:32,450 INFO 37: POS,0,C90C,4.00,0.41,0.30,100,xA4

2018-06-05 14:35:32,550 INFO 38: POS,0,C90C,4.00,0.42,0.30,100,xA5

2018-06-05 14:35:32,650 INFO 39: POS,0,C90C,4.00,0.42,0.30,100,xA6

2018-06-05 14:35:32,750 INFO 40: POS,0,C90C,4.00,0.42,0.30,100,xA7

2018-06-05 14:35:32,850 INFO 41: POS,0,C90C,4.00,0.42,0.30,100,xA8

2018-06-05 14:35:32,950 INFO 42: POS,0,C90C,4.00,0.42,0.30,100,xA9

2018-06-05 14:35:33,050 INFO 43: POS,0,C90C,4.02,0.43,0.31,96,xAA

2018-06-05 14:35:33,150 INFO 44: POS,0,C90C,4.02,0.42,0.31,100,xAB

2018-06-05 14:35:33,250 INFO 45: POS,0,C90C,4.02,0.42,0.31,100,xAC

2018-06-05 14:35:33,350 INFO 46: POS,0,C90C,4.02,0.42,0.31,100,xAD

2018-06-05 14:35:33,450 INFO 47: POS,0,C90C,4.03,0.42,0.31,100,xAE

2018-06-05 14:35:33,550 INFO 48: POS,0,C90C,4.02,0.42,0.32,98,xAF

2018-06-05 14:35:33,650 INFO 49: POS,0,C90C,4.03,0.41,0.32,98,xB0

2018-06-05 14:35:33,750 INFO 50: POS,0,C90C,4.00,0.51,0.28,100,xB1

2018-06-05 14:35:33,850 INFO 51: POS,0,C90C,3.95,0.70,0.22,72,xB2

2018-06-05 14:35:33,950 INFO 52: POS,0,C90C,4.00,0.78,0.17,100,xB3

2018-06-05 14:35:34,050 INFO 53: POS,0,C90C,4.01,0.93,0.13,100,xB4

2018-06-05 14:35:34,149 INFO 54: POS,0,C90C,4.01,0.93,0.13,0,xB5

2018-06-05 14:35:34,350 INFO 56: POS,0,C90C,4.00,1.35,0.09,100,xB7

2018-06-05 14:35:34,450 INFO 57: POS,0,C90C,4.00,1.56,0.11,100,xB8

2018-06-05 14:35:34,550 INFO 58: POS,0,C90C,4.00,1.71,0.16,88,xB9

2018-06-05 14:35:34,652 INFO 59: POS,0,C90C,4.02,1.86,0.20,94,xBA

2018-06-05 14:35:34,752 INFO 60: POS,0,C90C,4.02,1.96,0.23,92,xBB

2018-06-05 14:35:34,852 INFO 61: POS,0,C90C,4.05,1.95,0.22,100,xBC

2018-06-05 14:35:34,952 INFO 62: POS,0,C90C,4.04,1.96,0.20,100,xBD

2018-06-05 14:35:35,052 INFO 63: POS,0,C90C,4.03,1.94,0.17,50,xBE

2018-06-05 14:35:35,152 INFO 64: POS,0,C90C,4.04,1.83,0.15,100,xBF

2018-06-05 14:35:35,252 INFO 65: POS,0,C90C,4.03,1.71,0.13,100,xC0

2018-06-05 14:35:35,351 INFO 66: POS,0,C90C,4.00,1.60,0.13,0,xC1

2018-06-05 14:35:35,451 INFO 67: POS,0,C90C,3.97,1.41,0.18,0,xC2

2018-06-05 14:35:35,552 INFO 68: POS,0,C90C,3.95,1.34,0.16,91,xC3

2018-06-05 14:35:35,652 INFO 69: POS,0,C90C,3.97,1.25,0.25,50,xC4

2018-06-05 14:35:35,752 INFO 70: POS,0,C90C,3.96,1.07,0.29,100,xC5

2018-06-05 14:35:35,852 INFO 71: POS,0,C90C,3.93,1.01,0.26,50,xC6

2018-06-05 14:35:35,952 INFO 72: POS,0,C90C,3.93,0.95,0.27,100,xC7

2018-06-05 14:35:36,052 INFO 73: POS,0,C90C,3.93,0.96,0.25,96,xC8

2018-06-05 14:35:36,152 INFO 74: POS,0,C90C,3.91,1.07,0.21,77,xC9

2018-06-05 14:35:36,252 INFO 75: POS,0,C90C,3.91,1.19,0.16,82,xCA

2018-06-05 14:35:36,352 INFO 76: POS,0,C90C,3.87,1.44,0.14,50,xCB

2018-06-05 14:35:36,452 INFO 77: POS,0,C90C,3.90,1.51,0.13,98,xCC

2018-06-05 14:35:36,552 INFO 78: POS,0,C90C,3.92,1.64,0.10,100,xCD

2018-06-05 14:35:36,652 INFO 79: POS,0,C90C,3.95,1.75,0.12,92,xCE

2018-06-05 14:35:36,752 INFO 80: POS,0,C90C,3.97,1.82,0.17,90,xCF

2018-06-05 14:35:36,852 INFO 81: POS,0,C90C,3.99,1.91,0.18,90,xD0

2018-06-05 14:35:36,952 INFO 82: POS,0,C90C,3.99,1.92,0.21,84,xD1

2018-06-05 14:35:37,052 INFO 83: POS,0,C90C,4.00,1.92,0.19,93,xD2

2018-06-05 14:35:37,152 INFO 84: POS,0,C90C,3.99,1.96,0.15,100,xD3

2018-06-05 14:35:37,252 INFO 85: POS,0,C90C,4.02,1.89,0.12,100,xD4

2018-06-05 14:35:37,352 INFO 86: POS,0,C90C,4.02,1.92,0.04,100,xD5

2018-06-05 14:35:37,452 INFO 87: POS,0,C90C,3.97,1.88,0.02,72,xD6

2018-06-05 14:35:37,552 INFO 88: POS,0,C90C,3.95,1.73,0.04,87,xD7

2018-06-05 14:35:37,652 INFO 89: POS,0,C90C,3.95,1.53,0.06,100,xD8

2018-06-05 14:35:37,752 INFO 90: POS,0,C90C,3.92,1.47,0.06,77,xD9

2018-06-05 14:35:37,852 INFO 91: POS,0,C90C,3.91,1.31,0.11,96,xDA

2018-06-05 14:35:37,952 INFO 92: POS,0,C90C,3.91,1.17,0.15,100,xDB

2018-06-05 14:35:38,050 INFO 93: POS,0,C90C,3.91,1.09,0.17,100,xDC

2018-06-05 14:35:38,152 INFO 94: POS,0,C90C,3.93,1.05,0.17,100,xDD

2018-06-05 14:35:38,252 INFO 95: POS,0,C90C,4.01,1.03,0.15,100,xDE

2018-06-05 14:35:38,352 INFO 96: POS,0,C90C,4.01,1.08,0.12,96,xDF

2018-06-05 14:35:38,452 INFO 97: POS,0,C90C,3.99,1.23,0.09,92,xE0

2018-06-05 14:35:38,552 INFO 98: POS,0,C90C,4.00,1.34,0.09,100,xE1

2018-06-05 14:35:38,651 INFO 99: POS,0,C90C,3.85,1.75,0.12,0,xE2

2018-06-05 14:35:38,752 INFO 100: POS,0,C90C,3.89,1.80,0.11,50,xE3

2018-06-05 14:35:38,852 INFO 101: POS,0,C90C,3.90,1.90,0.10,100,xE4

2018-06-05 14:35:38,952 INFO 102: POS,0,C90C,3.94,2.02,0.11,100,xE5

2018-06-05 14:35:39,052 INFO 103: POS,0,C90C,3.97,2.11,0.11,100,xE6

2018-06-05 14:35:39,152 INFO 104: POS,0,C90C,3.98,2.18,0.10,100,xE7

2018-06-05 14:35:39,252 INFO 105: POS,0,C90C,3.96,2.16,0.11,50,xE8

2018-06-05 14:35:39,352 INFO 106: POS,0,C90C,3.98,2.12,0.09,100,xE9

2018-06-05 14:35:39,452 INFO 107: POS,0,C90C,3.99,2.08,0.05,100,xEA

2018-06-05 14:35:39,552 INFO 108: POS,0,C90C,3.91,1.90,-0.09,50,xEB

2018-06-05 14:35:39,652 INFO 109: POS,0,C90C,3.95,1.73,-0.06,50,xEC

2018-06-05 14:35:39,752 INFO 110: POS,0,C90C,3.90,1.68,-0.04,70,xED

2018-06-05 14:35:39,852 INFO 111: POS,0,C90C,3.92,1.47,0.04,100,xEE

2018-06-05 14:35:39,952 INFO 112: POS,0,C90C,3.91,1.36,0.05,94,xEF

2018-06-05 14:35:40,052 INFO 113: POS,0,C90C,3.90,1.24,0.09,100,xF0

2018-06-05 14:35:40,152 INFO 114: POS,0,C90C,3.89,1.16,0.10,100,xF1

2018-06-05 14:35:40,252 INFO 115: POS,0,C90C,3.92,1.08,0.12,100,xF2

2018-06-05 14:35:40,352 INFO 116: POS,0,C90C,3.97,1.09,0.06,100,xF3

2018-06-05 14:35:40,452 INFO 117: POS,0,C90C,3.95,1.11,0.08,0,xF4

2018-06-05 14:35:40,552 INFO 118: POS,0,C90C,3.98,1.17,0.08,99,xF5

2018-06-05 14:35:40,652 INFO 119: POS,0,C90C,4.00,1.24,0.09,100,xF6

2018-06-05 14:35:40,752 INFO 120: POS,0,C90C,4.04,1.28,0.10,100,xF7

2018-06-05 14:35:40,852 INFO 121: POS,0,C90C,4.03,1.44,0.08,100,xF8

2018-06-05 14:35:40,952 INFO 122: POS,0,C90C,4.03,1.61,0.07,100,xF9

2018-06-05 14:35:41,052 INFO 123: POS,0,C90C,4.02,1.75,0.08,100,xFA

2018-06-05 14:35:41,152 INFO 124: POS,0,C90C,4.03,1.79,0.10,100,xFB

2018-06-05 14:35:41,252 INFO 125: POS,0,C90C,4.03,1.87,0.10,50,xFC

2018-06-05 14:35:41,350 INFO 126: POS,0,C90C,4.02,1.93,0.09,50,xFD

2018-06-05 14:35:41,450 INFO 127: POS,0,C90C,4.01,1.95,0.05,100,xFE

2018-06-05 14:35:41,550 INFO 128: POS,0,C90C,4.01,1.91,0.06,98,xFF

2018-06-05 14:35:41,650 INFO 129: POS,0,C90C,4.04,1.75,0.06,100,x00

2018-06-05 14:35:41,750 INFO 130: POS,0,C90C,4.04,1.63,0.06,100,x01

2018-06-05 14:35:41,850 INFO 131: POS,0,C90C,4.02,1.58,0.06,74,x02

2018-06-05 14:35:41,950 INFO 132: POS,0,C90C,4.03,1.51,0.10,50,x03

2018-06-05 14:35:42,050 INFO 133: POS,0,C90C,4.00,1.38,0.12,50,x04

2018-06-05 14:35:42,150 INFO 134: POS,0,C90C,3.99,1.30,0.12,90,x05

2018-06-05 14:35:42,250 INFO 135: POS,0,C90C,3.98,1.23,0.12,92,x06

2018-06-05 14:35:42,350 INFO 136: POS,0,C90C,3.99,1.18,0.11,100,x07

2018-06-05 14:35:42,450 INFO 137: POS,0,C90C,4.05,1.15,0.07,100,x08

2018-06-05 14:35:42,550 INFO 138: POS,0,C90C,4.07,1.25,-0.01,50,x09

2018-06-05 14:35:42,650 INFO 139: POS,0,C90C,4.03,1.34,0.02,77,x0A

2018-06-05 14:35:42,750 INFO 140: POS,0,C90C,4.05,1.33,0.04,100,x0B

2018-06-05 14:35:42,850 INFO 141: POS,0,C90C,4.05,1.36,0.06,100,x0C

2018-06-05 14:35:42,950 INFO 142: POS,0,C90C,4.03,1.48,0.06,96,x0D

2018-06-05 14:35:43,050 INFO 143: POS,0,C90C,4.03,1.59,0.06,50,x0E

2018-06-05 14:35:43,150 INFO 144: POS,0,C90C,4.02,1.70,0.07,100,x0F

2018-06-05 14:35:43,250 INFO 145: POS,0,C90C,4.03,1.82,0.05,50,x10

2018-06-05 14:35:43,350 INFO 146: POS,0,C90C,4.01,1.90,0.06,50,x11

2018-06-05 14:35:43,450 INFO 147: POS,0,C90C,4.01,1.95,0.07,100,x12

2018-06-05 14:35:43,550 INFO 148: POS,0,C90C,4.00,2.12,0.01,100,x13

2018-06-05 14:35:43,650 INFO 149: POS,0,C90C,3.99,2.04,-0.00,50,x14

2018-06-05 14:35:43,750 INFO 150: POS,0,C90C,4.02,1.87,0.02,100,x15

2018-06-05 14:35:43,850 INFO 151: POS,0,C90C,4.04,1.78,0.09,50,x16

2018-06-05 14:35:43,950 INFO 152: POS,0,C90C,4.06,1.70,0.12,50,x17

2018-06-05 14:35:44,050 INFO 153: POS,0,C90C,4.02,1.59,0.13,0,x18

2018-06-05 14:35:44,150 INFO 154: POS,0,C90C,4.02,1.49,0.11,100,x19

2018-06-05 14:35:44,250 INFO 155: POS,0,C90C,3.99,1.37,0.13,99,x1A

2018-06-05 14:35:44,350 INFO 156: POS,0,C90C,3.98,1.30,0.12,96,x1B

2018-06-05 14:35:44,450 INFO 157: POS,0,C90C,3.97,1.24,0.12,92,x1C

2018-06-05 14:35:44,550 INFO 158: POS,0,C90C,3.97,1.16,0.14,100,x1D

2018-06-05 14:35:44,650 INFO 159: POS,0,C90C,3.99,1.18,0.12,100,x1E

2018-06-05 14:35:44,750 INFO 160: POS,0,C90C,4.10,1.22,0.04,50,x1F

2018-06-05 14:35:44,850 INFO 161: POS,0,C90C,4.08,1.28,0.06,88,x20

2018-06-05 14:35:44,950 INFO 162: POS,0,C90C,4.08,1.33,0.08,50,x21

2018-06-05 14:35:45,050 INFO 163: POS,0,C90C,4.07,1.36,0.07,100,x22

2018-06-05 14:35:45,150 INFO 164: POS,0,C90C,4.05,1.46,0.09,100,x23

2018-06-05 14:35:45,250 INFO 165: POS,0,C90C,4.03,1.61,0.06,100,x24

2018-06-05 14:35:45,350 INFO 166: POS,0,C90C,4.02,1.77,0.05,100,x25

2018-06-05 14:35:45,450 INFO 167: POS,0,C90C,4.01,1.90,0.04,100,x26

2018-06-05 14:35:45,550 INFO 168: POS,0,C90C,4.01,2.01,0.01,50,x27

2018-06-05 14:35:45,650 INFO 169: POS,0,C90C,3.98,2.06,0.00,100,x28

2018-06-05 14:35:45,750 INFO 170: POS,0,C90C,4.00,2.05,0.03,50,x29

2018-06-05 14:35:45,850 INFO 171: POS,0,C90C,4.02,1.92,0.04,50,x2A

2018-06-05 14:35:45,950 INFO 172: POS,0,C90C,4.03,1.80,0.06,100,x2B

2018-06-05 14:35:46,050 INFO 173: POS,0,C90C,4.03,1.73,0.05,100,x2C

2018-06-05 14:35:46,150 INFO 174: POS,0,C90C,3.99,1.68,0.05,73,x2D

2018-06-05 14:35:46,250 INFO 175: POS,0,C90C,3.94,1.62,0.04,70,x2E

2018-06-05 14:35:46,350 INFO 176: POS,0,C90C,3.95,1.51,0.02,100,x2F

2018-06-05 14:35:46,450 INFO 177: POS,0,C90C,3.94,1.37,0.06,50,x30

2018-06-05 14:35:46,550 INFO 178: POS,0,C90C,3.96,1.25,0.10,100,x31

2018-06-05 14:35:46,650 INFO 179: POS,0,C90C,4.03,1.20,0.05,100,x32

2018-06-05 14:35:46,750 INFO 180: POS,0,C90C,4.07,1.15,0.04,100,x33

2018-06-05 14:35:46,850 INFO 181: POS,0,C90C,4.00,1.22,0.05,0,x34

2018-06-05 14:35:46,950 INFO 182: POS,0,C90C,3.99,1.22,-0.01,50,x35

2018-06-05 14:35:47,050 INFO 183: POS,0,C90C,4.01,1.30,0.02,50,x36

2018-06-05 14:35:47,150 INFO 184: POS,0,C90C,4.04,1.30,0.05,100,x37

2018-06-05 14:35:47,250 INFO 185: POS,0,C90C,4.03,1.48,0.01,100,x38

2018-06-05 14:35:47,350 INFO 186: POS,0,C90C,4.04,1.58,0.02,98,x39

2018-06-05 14:35:47,450 INFO 187: POS,0,C90C,4.03,1.70,0.04,99,x3A

2018-06-05 14:35:47,550 INFO 188: POS,0,C90C,4.02,1.86,0.03,100,x3B

2018-06-05 14:35:47,650 INFO 189: POS,0,C90C,3.97,1.97,0.06,50,x3C

2018-06-05 14:35:47,750 INFO 190: POS,0,C90C,3.96,2.03,0.06,50,x3D

2018-06-05 14:35:47,850 INFO 191: POS,0,C90C,3.96,2.01,0.06,50,x3E

2018-06-05 14:35:47,950 INFO 192: POS,0,C90C,3.96,1.99,0.04,100,x3F

2018-06-05 14:35:48,050 INFO 193: POS,0,C90C,3.99,1.81,0.04,100,x40

2018-06-05 14:35:48,150 INFO 194: POS,0,C90C,4.00,1.70,0.06,100,x41

2018-06-05 14:35:48,250 INFO 195: POS,0,C90C,4.01,1.70,0.02,50,x42

2018-06-05 14:35:48,350 INFO 196: POS,0,C90C,3.96,1.62,0.03,52,x43

2018-06-05 14:35:48,450 INFO 197: POS,0,C90C,3.97,1.54,0.04,95,x44

2018-06-05 14:35:48,550 INFO 198: POS,0,C90C,4.01,1.41,0.03,100,x45

2018-06-05 14:35:48,650 INFO 199: POS,0,C90C,4.04,1.29,0.02,100,x46

2018-06-05 14:35:48,750 INFO 200: POS,0,C90C,4.10,1.23,-0.02,100,x47

2018-06-05 14:35:48,850 INFO 201: POS,0,C90C,4.13,1.19,-0.01,100,x48

2018-06-05 14:35:48,950 INFO 202: POS,0,C90C,4.13,1.24,-0.05,50,x49

2018-06-05 14:35:49,050 INFO 203: POS,0,C90C,4.07,1.34,-0.05,77,x4A

2018-06-05 14:35:49,150 INFO 204: POS,0,C90C,4.07,1.34,-0.03,100,x4B

2018-06-05 14:35:49,250 INFO 205: POS,0,C90C,4.07,1.36,0.01,100,x4C

2018-06-05 14:35:49,350 INFO 206: POS,0,C90C,4.09,1.39,0.03,100,x4D

2018-06-05 14:35:49,450 INFO 207: POS,0,C90C,4.07,1.48,0.05,100,x4E

2018-06-05 14:35:49,550 INFO 208: POS,0,C90C,4.08,1.57,0.07,50,x4F

2018-06-05 14:35:49,650 INFO 209: POS,0,C90C,4.04,1.75,0.05,100,x50

2018-06-05 14:35:49,752 INFO 210: POS,0,C90C,4.04,1.89,0.00,100,x51

2018-06-05 14:35:49,852 INFO 211: POS,0,C90C,4.00,2.01,-0.02,100,x52

2018-06-05 14:35:49,952 INFO 212: POS,0,C90C,4.02,1.99,0.01,100,x53

2018-06-05 14:35:50,052 INFO 213: POS,0,C90C,4.01,1.93,0.03,98,x54

2018-06-05 14:35:50,152 INFO 214: POS,0,C90C,4.02,1.83,0.05,100,x55

2018-06-05 14:35:50,252 INFO 215: POS,0,C90C,4.04,1.75,0.11,50,x56

2018-06-05 14:35:50,352 INFO 216: POS,0,C90C,4.05,1.83,0.01,100,x57

2018-06-05 14:35:50,452 INFO 217: POS,0,C90C,4.06,1.72,0.02,91,x58

2018-06-05 14:35:50,552 INFO 218: POS,0,C90C,3.99,1.49,-0.04,50,x59

2018-06-05 14:35:50,652 INFO 219: POS,0,C90C,4.00,1.40,-0.02,100,x5A

2018-06-05 14:35:50,752 INFO 220: POS,0,C90C,4.01,1.36,-0.04,100,x5B

2018-06-05 14:35:50,852 INFO 221: POS,0,C90C,4.03,1.30,-0.05,100,x5C

2018-06-05 14:35:50,952 INFO 222: POS,0,C90C,4.08,1.21,-0.02,100,x5D

2018-06-05 14:35:51,052 INFO 223: POS,0,C90C,4.02,1.29,0.01,70,x5E

2018-06-05 14:35:51,152 INFO 224: POS,0,C90C,4.01,1.26,0.03,81,x5F

2018-06-05 14:35:51,252 INFO 225: POS,0,C90C,3.99,1.23,-0.02,50,x60

2018-06-05 14:35:51,352 INFO 226: POS,0,C90C,4.01,1.29,0.00,98,x61

2018-06-05 14:35:51,452 INFO 227: POS,0,C90C,4.02,1.33,0.03,100,x62

2018-06-05 14:35:51,552 INFO 228: POS,0,C90C,4.02,1.43,0.04,100,x63

2018-06-05 14:35:51,652 INFO 229: POS,0,C90C,4.03,1.51,0.06,100,x64

2018-06-05 14:35:51,752 INFO 230: POS,0,C90C,4.03,1.63,0.07,100,x65

2018-06-05 14:35:51,852 INFO 231: POS,0,C90C,3.98,1.80,0.07,50,x66

2018-06-05 14:35:51,952 INFO 232: POS,0,C90C,3.97,1.85,0.06,100,x67

2018-06-05 14:35:52,052 INFO 233: POS,0,C90C,3.99,1.90,0.05,100,x68

2018-06-05 14:35:52,152 INFO 234: POS,0,C90C,3.99,1.99,0.01,100,x69

2018-06-05 14:35:52,252 INFO 235: POS,0,C90C,4.01,1.89,0.04,50,x6A

2018-06-05 14:35:52,352 INFO 236: POS,0,C90C,4.02,1.79,0.07,97,x6B

2018-06-05 14:35:52,452 INFO 237: POS,0,C90C,4.02,1.87,-0.01,100,x6C

2018-06-05 14:35:52,552 INFO 238: POS,0,C90C,4.02,1.71,0.02,100,x6D

2018-06-05 14:35:52,652 INFO 239: POS,0,C90C,3.96,1.65,0.02,0,x6E

2018-06-05 14:35:52,752 INFO 240: POS,0,C90C,3.94,1.57,0.04,84,x6F

2018-06-05 14:35:52,852 INFO 241: POS,0,C90C,3.97,1.43,0.04,100,x70

2018-06-05 14:35:52,952 INFO 242: POS,0,C90C,3.98,1.41,0.01,100,x71

2018-06-05 14:35:53,050 INFO 243: POS,0,C90C,4.03,1.31,0.00,100,x72

2018-06-05 14:35:53,150 INFO 244: POS,0,C90C,4.02,1.29,0.03,92,x73

2018-06-05 14:35:53,250 INFO 245: POS,0,C90C,3.97,1.35,0.05,57,x74

2018-06-05 14:35:53,350 INFO 246: POS,0,C90C,4.00,1.38,0.05,92,x75

2018-06-05 14:35:53,450 INFO 247: POS,0,C90C,4.05,1.31,0.08,100,x76

2018-06-05 14:35:53,550 INFO 248: POS,0,C90C,4.05,1.35,0.08,100,x77

2018-06-05 14:35:53,650 INFO 249: POS,0,C90C,4.04,1.41,0.11,50,x78

2018-06-05 14:35:53,750 INFO 250: POS,0,C90C,4.02,1.54,0.10,50,x79

2018-06-05 14:35:53,850 INFO 251: POS,0,C90C,4.03,1.64,0.10,50,x7A

2018-06-05 14:35:53,950 INFO 252: POS,0,C90C,4.02,1.73,0.09,100,x7B

2018-06-05 14:35:54,050 INFO 253: POS,0,C90C,4.01,1.79,0.08,100,x7C

2018-06-05 14:35:54,150 INFO 254: POS,0,C90C,4.01,1.85,0.07,100,x7D

2018-06-05 14:35:54,250 INFO 255: POS,0,C90C,4.02,1.82,0.09,100,x7E

2018-06-05 14:35:54,350 INFO 256: POS,0,C90C,4.05,1.75,0.09,100,x7F

2018-06-05 14:35:54,450 INFO 257: POS,0,C90C,4.04,1.69,0.12,100,x80

2018-06-05 14:35:54,550 INFO 258: POS,0,C90C,4.04,1.62,0.13,100,x81

2018-06-05 14:35:54,650 INFO 259: POS,0,C90C,4.03,1.57,0.11,89,x82

2018-06-05 14:35:54,752 INFO 260: POS,0,C90C,4.03,1.46,0.10,100,x83

2018-06-05 14:35:54,852 INFO 261: POS,0,C90C,3.97,1.27,0.00,50,x84

2018-06-05 14:35:54,952 INFO 262: POS,0,C90C,3.96,1.30,0.01,50,x85

2018-06-05 14:35:55,052 INFO 263: POS,0,C90C,3.99,1.24,0.01,100,x86

2018-06-05 14:35:55,152 INFO 264: POS,0,C90C,4.00,1.23,0.01,100,x87

2018-06-05 14:35:55,252 INFO 265: POS,0,C90C,4.00,1.20,0.06,96,x88

2018-06-05 14:35:55,352 INFO 266: POS,0,C90C,3.98,0.99,0.01,50,x89

2018-06-05 14:35:55,452 INFO 267: POS,0,C90C,4.00,1.12,0.03,97,x8A

2018-06-05 14:35:55,552 INFO 268: POS,0,C90C,4.01,1.19,0.04,100,x8B

2018-06-05 14:35:55,652 INFO 269: POS,0,C90C,4.03,1.21,0.06,100,x8C

2018-06-05 14:35:55,752 INFO 270: POS,0,C90C,4.04,1.27,0.07,100,x8D

2018-06-05 14:35:55,852 INFO 271: POS,0,C90C,4.03,1.46,0.06,100,x8E

2018-06-05 14:35:55,952 INFO 272: POS,0,C90C,4.06,1.50,0.07,100,x8F

2018-06-05 14:35:56,052 INFO 273: POS,0,C90C,4.06,1.61,0.06,100,x90

2018-06-05 14:35:56,152 INFO 274: POS,0,C90C,4.06,1.61,0.06,0,x91

2018-06-05 14:35:56,352 INFO 276: POS,0,C90C,4.08,1.62,0.07,100,x93

2018-06-05 14:35:56,452 INFO 277: POS,0,C90C,4.07,1.62,0.08,100,x94

2018-06-05 14:35:56,552 INFO 278: POS,0,C90C,4.08,1.56,0.10,100,x95

2018-06-05 14:35:56,652 INFO 279: POS,0,C90C,4.07,1.52,0.10,100,x96

2018-06-05 14:35:56,752 INFO 280: POS,0,C90C,4.06,1.46,0.09,100,x97

2018-06-05 14:35:56,852 INFO 281: POS,0,C90C,4.05,1.36,0.06,100,x98

2018-06-05 14:35:56,952 INFO 282: POS,0,C90C,3.99,1.36,0.05,0,x99

2018-06-05 14:35:57,052 INFO 283: POS,0,C90C,3.99,1.38,-0.02,50,x9A

2018-06-05 14:35:57,152 INFO 284: POS,0,C90C,3.98,1.31,-0.03,100,x9B

2018-06-05 14:35:57,252 INFO 285: POS,0,C90C,3.98,1.12,-0.10,100,x9C

2018-06-05 14:35:57,352 INFO 286: POS,0,C90C,3.96,1.11,-0.11,97,x9D

2018-06-05 14:35:57,452 INFO 287: POS,0,C90C,3.93,1.10,-0.08,0,x9E

2018-06-05 14:35:57,552 INFO 288: POS,0,C90C,3.95,1.09,-0.09,100,x9F

2018-06-05 14:35:57,652 INFO 289: POS,0,C90C,3.99,1.07,-0.08,100,xA0

2018-06-05 14:35:57,752 INFO 290: POS,0,C90C,4.02,1.11,-0.06,100,xA1

2018-06-05 14:35:57,852 INFO 291: POS,0,C90C,4.04,1.15,-0.04,100,xA2

2018-06-05 14:35:57,952 INFO 292: POS,0,C90C,4.07,1.23,0.00,100,xA3

2018-06-05 14:35:58,050 INFO 293: POS,0,C90C,4.06,1.37,0.03,100,xA4

2018-06-05 14:35:58,150 INFO 294: POS,0,C90C,4.08,1.47,0.07,100,xA5

2018-06-05 14:35:58,250 INFO 295: POS,0,C90C,4.08,1.63,0.05,100,xA6

2018-06-05 14:35:58,350 INFO 296: POS,0,C90C,4.07,1.71,0.08,50,xA7

2018-06-05 14:35:58,450 INFO 297: POS,0,C90C,4.06,1.90,0.05,100,xA8

2018-06-05 14:35:58,550 INFO 298: POS,0,C90C,4.05,1.87,0.06,100,xA9

2018-06-05 14:35:58,650 INFO 299: POS,0,C90C,4.06,1.74,0.07,100,xAA

2018-06-05 14:35:58,750 INFO 300: POS,0,C90C,4.03,1.61,0.05,100,xAB

2018-06-05 14:35:58,850 INFO 301: POS,0,C90C,4.03,1.49,0.04,100,xAC

2018-06-05 14:35:58,950 INFO 302: POS,0,C90C,4.02,1.40,0.01,100,xAD

2018-06-05 14:35:59,050 INFO 303: POS,0,C90C,3.96,1.45,0.01,58,xAE

2018-06-05 14:35:59,150 INFO 304: POS,0,C90C,3.93,1.37,-0.02,100,xAF

2018-06-05 14:35:59,250 INFO 305: POS,0,C90C,3.91,1.31,-0.03,100,xB0

2018-06-05 14:35:59,350 INFO 306: POS,0,C90C,3.91,1.25,-0.01,100,xB1

2018-06-05 14:35:59,450 INFO 307: POS,0,C90C,3.91,1.24,-0.02,92,xB2

2018-06-05 14:35:59,550 INFO 308: POS,0,C90C,3.87,1.27,-0.03,0,xB3

2018-06-05 14:35:59,650 INFO 309: POS,0,C90C,3.91,1.18,-0.06,100,xB4

2018-06-05 14:35:59,750 INFO 310: POS,0,C90C,3.89,1.15,-0.15,50,xB5

2018-06-05 14:35:59,850 INFO 311: POS,0,C90C,3.94,1.17,-0.11,100,xB6

2018-06-05 14:35:59,950 INFO 312: POS,0,C90C,3.98,1.19,-0.08,50,xB7

2018-06-05 14:36:00,050 INFO 313: POS,0,C90C,4.01,1.24,-0.04,100,xB8

2018-06-05 14:36:00,150 INFO 314: POS,0,C90C,4.02,1.38,0.00,97,xB9

2018-06-05 14:36:00,250 INFO 315: POS,0,C90C,4.03,1.47,0.05,100,xBA

2018-06-05 14:36:00,350 INFO 316: POS,0,C90C,4.04,1.57,0.08,100,xBB

2018-06-05 14:36:00,450 INFO 317: POS,0,C90C,4.05,1.74,0.06,100,xBC

2018-06-05 14:36:00,550 INFO 318: POS,0,C90C,4.05,1.85,0.07,100,xBD

2018-06-05 14:36:00,650 INFO 319: POS,0,C90C,4.03,1.86,0.08,96,xBE

2018-06-05 14:36:00,750 INFO 320: POS,0,C90C,4.01,1.76,0.09,100,xBF

2018-06-05 14:36:00,850 INFO 321: POS,0,C90C,4.01,1.64,0.09,100,xC0

2018-06-05 14:36:00,950 INFO 322: POS,0,C90C,4.02,1.52,0.09,100,xC1

2018-06-05 14:36:01,050 INFO 323: POS,0,C90C,4.02,1.48,0.09,50,xC2

2018-06-05 14:36:01,150 INFO 324: POS,0,C90C,4.02,1.34,0.05,100,xC3

2018-06-05 14:36:01,250 INFO 325: POS,0,C90C,3.99,1.24,0.02,78,xC4

2018-06-05 14:36:01,350 INFO 326: POS,0,C90C,3.99,1.24,0.02,0,xC5

2018-06-05 14:36:01,450 INFO 327: POS,0,C90C,3.96,1.21,-0.00,98,xC6

2018-06-05 14:36:01,550 INFO 328: POS,0,C90C,3.93,1.25,-0.02,80,xC7

2018-06-05 14:36:01,650 INFO 329: POS,0,C90C,3.90,1.17,-0.06,0,xC8

2018-06-05 14:36:01,750 INFO 330: POS,0,C90C,3.88,1.18,-0.07,100,xC9

2018-06-05 14:36:01,850 INFO 331: POS,0,C90C,3.92,1.16,-0.09,100,xCA

2018-06-05 14:36:01,950 INFO 332: POS,0,C90C,3.98,1.12,-0.07,100,xCB

2018-06-05 14:36:02,050 INFO 333: POS,0,C90C,4.01,1.11,-0.07,100,xCC

2018-06-05 14:36:02,150 INFO 334: POS,0,C90C,4.04,1.16,-0.04,100,xCD

2018-06-05 14:36:02,250 INFO 335: POS,0,C90C,4.05,1.27,-0.02,100,xCE

2018-06-05 14:36:02,350 INFO 336: POS,0,C90C,4.04,1.42,-0.00,100,xCF

2018-06-05 14:36:02,450 INFO 337: POS,0,C90C,4.07,1.51,0.05,50,xD0

2018-06-05 14:36:02,550 INFO 338: POS,0,C90C,4.05,1.55,0.11,50,xD1

2018-06-05 14:36:02,650 INFO 339: POS,0,C90C,4.07,1.59,0.13,100,xD2

2018-06-05 14:36:02,750 INFO 340: POS,0,C90C,4.05,1.68,0.13,100,xD3

2018-06-05 14:36:02,850 INFO 341: POS,0,C90C,4.06,1.63,0.12,100,xD4

2018-06-05 14:36:02,950 INFO 342: POS,0,C90C,4.06,1.54,0.11,100,xD5

2018-06-05 14:36:03,050 INFO 343: POS,0,C90C,4.04,1.47,0.10,100,xD6

2018-06-05 14:36:03,150 INFO 344: POS,0,C90C,4.01,1.46,0.06,94,xD7

2018-06-05 14:36:03,250 INFO 345: POS,0,C90C,4.01,1.36,0.04,100,xD8

2018-06-05 14:36:03,350 INFO 346: POS,0,C90C,3.96,1.36,0.00,75,xD9

2018-06-05 14:36:03,450 INFO 347: POS,0,C90C,3.94,1.30,-0.01,61,xDA

2018-06-05 14:36:03,550 INFO 348: POS,0,C90C,3.92,1.20,-0.02,100,xDB

2018-06-05 14:36:03,650 INFO 349: POS,0,C90C,3.93,1.18,-0.02,93,xDC

2018-06-05 14:36:03,750 INFO 350: POS,0,C90C,3.89,1.15,-0.05,50,xDD

2018-06-05 14:36:03,850 INFO 351: POS,0,C90C,3.91,1.11,-0.03,100,xDE

2018-06-05 14:36:03,950 INFO 352: POS,0,C90C,3.95,1.10,-0.07,100,xDF

2018-06-05 14:36:04,050 INFO 353: POS,0,C90C,3.97,1.06,-0.08,100,xE0

2018-06-05 14:36:04,150 INFO 354: POS,0,C90C,4.00,1.08,-0.06,100,xE1

2018-06-05 14:36:04,250 INFO 355: POS,0,C90C,4.00,1.08,-0.06,100,xE2

2018-06-05 14:36:04,350 INFO 356: POS,0,C90C,4.03,1.10,-0.06,100,xE3

2018-06-05 14:36:04,450 INFO 357: POS,0,C90C,4.02,1.22,-0.04,100,xE4

2018-06-05 14:36:04,550 INFO 358: POS,0,C90C,4.04,1.32,0.01,100,xE5

2018-06-05 14:36:04,650 INFO 359: POS,0,C90C,4.04,1.42,0.05,100,xE6

2018-06-05 14:36:04,752 INFO 360: POS,0,C90C,4.03,1.52,0.06,100,xE7

2018-06-05 14:36:04,852 INFO 361: POS,0,C90C,4.02,1.59,0.07,100,xE8

2018-06-05 14:36:04,952 INFO 362: POS,0,C90C,3.99,1.57,0.05,100,xE9

2018-06-05 14:36:05,052 INFO 363: POS,0,C90C,4.01,1.39,-0.00,100,xEA

2018-06-05 14:36:05,152 INFO 364: POS,0,C90C,4.01,1.27,-0.03,100,xEB

2018-06-05 14:36:05,252 INFO 365: POS,0,C90C,4.02,1.19,-0.02,100,xEC

2018-06-05 14:36:05,352 INFO 366: POS,0,C90C,4.02,1.19,-0.02,0,xED

2018-06-05 14:36:05,452 INFO 367: POS,0,C90C,4.03,1.15,-0.01,99,xEE

2018-06-05 14:36:05,552 INFO 368: POS,0,C90C,4.00,1.11,-0.00,66,xEF

2018-06-05 14:36:05,652 INFO 369: POS,0,C90C,3.95,1.14,-0.02,73,xF0

2018-06-05 14:36:05,752 INFO 370: POS,0,C90C,3.96,1.17,-0.08,50,xF1

2018-06-05 14:36:05,852 INFO 371: POS,0,C90C,3.91,1.16,-0.08,100,xF2

2018-06-05 14:36:05,952 INFO 372: POS,0,C90C,3.88,1.17,-0.07,100,xF3

2018-06-05 14:36:06,052 INFO 373: POS,0,C90C,3.94,1.11,-0.09,100,xF4

2018-06-05 14:36:06,152 INFO 374: POS,0,C90C,3.95,1.14,-0.08,100,xF5

2018-06-05 14:36:06,252 INFO 375: POS,0,C90C,3.99,1.23,-0.01,50,xF6

2018-06-05 14:36:06,352 INFO 376: POS,0,C90C,3.95,1.15,0.01,50,xF7

2018-06-05 14:36:06,452 INFO 377: POS,0,C90C,3.99,1.19,0.01,100,xF8

2018-06-05 14:36:06,552 INFO 378: POS,0,C90C,3.97,1.34,-0.03,50,xF9

2018-06-05 14:36:06,652 INFO 379: POS,0,C90C,3.98,1.43,0.00,100,xFA

2018-06-05 14:36:06,752 INFO 380: POS,0,C90C,3.97,1.53,0.03,100,xFB

2018-06-05 14:36:06,852 INFO 381: POS,0,C90C,3.98,1.68,0.00,100,xFC

2018-06-05 14:36:06,952 INFO 382: POS,0,C90C,3.99,1.68,0.02,100,xFD

2018-06-05 14:36:07,052 INFO 383: POS,0,C90C,4.00,1.63,0.01,100,xFE

2018-06-05 14:36:07,152 INFO 384: POS,0,C90C,3.89,1.43,0.06,0,xFF

2018-06-05 14:36:07,252 INFO 385: POS,0,C90C,3.83,1.26,0.08,50,x00

2018-06-05 14:36:07,352 INFO 386: POS,0,C90C,3.88,1.20,0.05,100,x01

2018-06-05 14:36:07,452 INFO 387: POS,0,C90C,3.89,1.17,0.07,50,x02

2018-06-05 14:36:07,552 INFO 388: POS,0,C90C,3.94,1.14,0.04,100,x03

2018-06-05 14:36:07,652 INFO 389: POS,0,C90C,3.93,1.15,0.01,84,x04

2018-06-05 14:36:07,752 INFO 390: POS,0,C90C,3.89,1.21,-0.01,0,x05

2018-06-05 14:36:07,852 INFO 391: POS,0,C90C,3.87,1.18,-0.03,84,x06

2018-06-05 14:36:07,952 INFO 392: POS,0,C90C,3.87,1.13,-0.05,96,x07

2018-06-05 14:36:08,050 INFO 393: POS,0,C90C,3.88,1.12,-0.05,100,x08

2018-06-05 14:36:08,150 INFO 394: POS,0,C90C,3.92,1.02,-0.07,100,x09

2018-06-05 14:36:08,250 INFO 395: POS,0,C90C,3.91,0.98,-0.04,50,x0A

2018-06-05 14:36:08,350 INFO 396: POS,0,C90C,3.96,1.10,0.04,50,x0B

2018-06-05 14:36:08,450 INFO 397: POS,0,C90C,3.99,1.10,0.02,100,x0C

2018-06-05 14:36:08,550 INFO 398: POS,0,C90C,4.02,1.16,0.04,100,x0D

2018-06-05 14:36:08,650 INFO 399: POS,0,C90C,4.04,1.20,0.02,100,x0E

2018-06-05 14:36:08,750 INFO 400: POS,0,C90C,4.02,1.34,0.02,98,x0F

2018-06-05 14:36:08,850 INFO 401: POS,0,C90C,4.01,1.57,0.00,100,x10

2018-06-05 14:36:08,950 INFO 402: POS,0,C90C,4.03,1.60,0.04,100,x11

2018-06-05 14:36:09,050 INFO 403: POS,0,C90C,4.00,1.64,0.07,50,x12

2018-06-05 14:36:09,150 INFO 404: POS,0,C90C,3.98,1.62,0.07,50,x13

2018-06-05 14:36:09,250 INFO 405: POS,0,C90C,4.00,1.49,0.04,100,x14

2018-06-05 14:36:09,350 INFO 406: POS,0,C90C,4.02,1.38,0.00,100,x15

2018-06-05 14:36:09,450 INFO 407: POS,0,C90C,4.04,1.30,-0.01,50,x16

2018-06-05 14:36:09,550 INFO 408: POS,0,C90C,3.98,1.18,0.05,50,x17

2018-06-05 14:36:09,650 INFO 409: POS,0,C90C,3.97,1.20,0.04,100,x18

2018-06-05 14:36:09,750 INFO 410: POS,0,C90C,3.99,1.17,0.03,100,x19

2018-06-05 14:36:09,850 INFO 411: POS,0,C90C,3.96,0.96,-0.05,50,x1A

2018-06-05 14:36:09,950 INFO 412: POS,0,C90C,3.93,1.01,-0.05,51,x1B

2018-06-05 14:36:10,050 INFO 413: POS,0,C90C,3.92,0.99,-0.06,100,x1C

2018-06-05 14:36:10,150 INFO 414: POS,0,C90C,3.92,0.98,-0.03,100,x1D

2018-06-05 14:36:10,250 INFO 415: POS,0,C90C,3.95,0.86,-0.08,100,x1E

2018-06-05 14:36:10,350 INFO 416: POS,0,C90C,3.98,0.93,-0.06,100,x1F

2018-06-05 14:36:10,450 INFO 417: POS,0,C90C,4.02,0.94,-0.08,100,x20

2018-06-05 14:36:10,550 INFO 418: POS,0,C90C,4.03,0.97,-0.07,100,x21

2018-06-05 14:36:10,650 INFO 419: POS,0,C90C,4.03,1.08,-0.03,100,x22

2018-06-05 14:36:10,750 INFO 420: POS,0,C90C,3.98,1.10,0.02,50,x23

2018-06-05 14:36:10,850 INFO 421: POS,0,C90C,3.99,1.20,0.01,100,x24

2018-06-05 14:36:10,950 INFO 422: POS,0,C90C,3.98,1.36,0.04,89,x25

2018-06-05 14:36:11,050 INFO 423: POS,0,C90C,3.97,1.49,0.06,50,x26

2018-06-05 14:36:11,150 INFO 424: POS,0,C90C,3.97,1.59,0.06,99,x27

2018-06-05 14:36:11,250 INFO 425: POS,0,C90C,3.98,1.60,0.07,100,x28

2018-06-05 14:36:11,350 INFO 426: POS,0,C90C,4.00,1.49,0.04,100,x29

2018-06-05 14:36:11,450 INFO 427: POS,0,C90C,4.01,1.43,0.03,100,x2A

2018-06-05 14:36:11,550 INFO 428: POS,0,C90C,4.02,1.36,0.02,100,x2B

2018-06-05 14:36:11,650 INFO 429: POS,0,C90C,4.03,1.23,0.00,100,x2C

2018-06-05 14:36:11,750 INFO 430: POS,0,C90C,4.01,1.18,-0.02,100,x2D

2018-06-05 14:36:11,850 INFO 431: POS,0,C90C,4.04,1.16,-0.01,100,x2E

2018-06-05 14:36:11,950 INFO 432: POS,0,C90C,3.97,1.28,0.01,0,x2F

2018-06-05 14:36:12,050 INFO 433: POS,0,C90C,3.94,1.32,0.04,0,x30

2018-06-05 14:36:12,150 INFO 434: POS,0,C90C,4.05,1.28,-0.04,50,x31

2018-06-05 14:36:12,250 INFO 435: POS,0,C90C,3.98,1.25,0.03,50,x32

2018-06-05 14:36:12,350 INFO 436: POS,0,C90C,4.00,1.05,-0.03,100,x33

2018-06-05 14:36:12,450 INFO 437: POS,0,C90C,3.98,1.08,-0.10,50,x34

2018-06-05 14:36:12,550 INFO 438: POS,0,C90C,4.00,1.13,-0.06,100,x35

2018-06-05 14:36:12,650 INFO 439: POS,0,C90C,4.01,1.20,-0.01,99,x36

2018-06-05 14:36:12,750 INFO 440: POS,0,C90C,4.03,1.25,0.03,100,x37

2018-06-05 14:36:12,850 INFO 441: POS,0,C90C,4.04,1.30,0.07,100,x38

2018-06-05 14:36:12,950 INFO 442: POS,0,C90C,4.05,1.56,0.01,100,x39

2018-06-05 14:36:13,050 INFO 443: POS,0,C90C,4.04,1.66,-0.00,50,x3A

2018-06-05 14:36:13,150 INFO 444: POS,0,C90C,4.02,1.74,0.02,96,x3B

2018-06-05 14:36:13,250 INFO 445: POS,0,C90C,3.99,1.79,0.02,100,x3C

2018-06-05 14:36:13,350 INFO 446: POS,0,C90C,3.99,1.87,-0.01,100,x3D

2018-06-05 14:36:13,450 INFO 447: POS,0,C90C,4.00,1.82,0.04,50,x3E

2018-06-05 14:36:13,550 INFO 448: POS,0,C90C,4.03,1.72,0.06,100,x3F

2018-06-05 14:36:13,650 INFO 449: POS,0,C90C,4.02,1.64,0.10,50,x40

2018-06-05 14:36:13,750 INFO 450: POS,0,C90C,4.03,1.62,0.13,50,x41

2018-06-05 14:36:13,850 INFO 451: POS,0,C90C,4.04,1.55,0.13,100,x42

2018-06-05 14:36:13,950 INFO 452: POS,0,C90C,4.03,1.47,0.11,100,x43

2018-06-05 14:36:14,050 INFO 453: POS,0,C90C,4.00,1.47,0.10,77,x44

2018-06-05 14:36:14,150 INFO 454: POS,0,C90C,3.96,1.46,0.10,67,x45

2018-06-05 14:36:14,250 INFO 455: POS,0,C90C,3.96,1.42,0.13,0,x46

2018-06-05 14:36:14,350 INFO 456: POS,0,C90C,3.94,1.43,0.13,100,x47

2018-06-05 14:36:14,450 INFO 457: POS,0,C90C,3.96,1.36,0.12,100,x48

2018-06-05 14:36:14,550 INFO 458: POS,0,C90C,4.00,1.40,0.06,93,x49

2018-06-05 14:36:14,650 INFO 459: POS,0,C90C,4.03,1.38,0.09,50,x4A

2018-06-05 14:36:14,750 INFO 460: POS,0,C90C,4.03,1.39,0.09,100,x4B

2018-06-05 14:36:14,850 INFO 461: POS,0,C90C,4.05,1.41,0.10,100,x4C

2018-06-05 14:36:14,950 INFO 462: POS,0,C90C,4.03,1.41,0.15,50,x4D

2018-06-05 14:36:15,050 INFO 463: POS,0,C90C,4.03,1.44,0.15,100,x4E

2018-06-05 14:36:15,150 INFO 464: POS,0,C90C,4.01,1.55,0.12,100,x4F

2018-06-05 14:36:15,250 INFO 465: POS,0,C90C,3.99,1.66,0.09,100,x50

2018-06-05 14:36:15,350 INFO 466: POS,0,C90C,3.98,1.72,0.09,95,x51

2018-06-05 14:36:15,450 INFO 467: POS,0,C90C,3.97,1.75,0.07,98,x52

2018-06-05 14:36:15,550 INFO 468: POS,0,C90C,3.98,1.73,0.09,100,x53

2018-06-05 14:36:15,650 INFO 469: POS,0,C90C,3.99,1.66,0.09,100,x54

2018-06-05 14:36:15,750 INFO 470: POS,0,C90C,4.00,1.60,0.11,100,x55

2018-06-05 14:36:15,852 INFO 471: POS,0,C90C,4.01,1.55,0.15,50,x56

2018-06-05 14:36:15,952 INFO 472: POS,0,C90C,4.01,1.50,0.14,100,x57

2018-06-05 14:36:16,052 INFO 473: POS,0,C90C,4.03,1.45,0.13,100,x58

2018-06-05 14:36:16,152 INFO 474: POS,0,C90C,4.02,1.40,0.10,100,x59

2018-06-05 14:36:16,252 INFO 475: POS,0,C90C,3.99,1.43,0.09,70,x5A

2018-06-05 14:36:16,352 INFO 476: POS,0,C90C,3.99,1.37,0.13,100,x5B

2018-06-05 14:36:16,452 INFO 477: POS,0,C90C,3.97,1.39,0.13,91,x5C

2018-06-05 14:36:16,552 INFO 478: POS,0,C90C,3.99,1.32,0.15,100,x5D

2018-06-05 14:36:16,652 INFO 479: POS,0,C90C,4.01,1.32,0.12,100,x5E

2018-06-05 14:36:16,752 INFO 480: POS,0,C90C,4.02,1.32,0.07,50,x5F

2018-06-05 14:36:16,852 INFO 481: POS,0,C90C,4.04,1.52,-0.02,100,x60

2018-06-05 14:36:16,952 INFO 482: POS,0,C90C,4.05,1.52,0.01,50,x61

2018-06-05 14:36:17,052 INFO 483: POS,0,C90C,4.06,1.52,0.04,100,x62

2018-06-05 14:36:17,152 INFO 484: POS,0,C90C,4.06,1.52,0.07,100,x63

2018-06-05 14:36:17,252 INFO 485: POS,0,C90C,4.07,1.52,0.08,100,x64

2018-06-05 14:36:17,352 INFO 486: POS,0,C90C,4.07,1.55,0.07,100,x65

2018-06-05 14:36:17,452 INFO 487: POS,0,C90C,4.04,1.59,0.08,100,x66

2018-06-05 14:36:17,552 INFO 488: POS,0,C90C,4.02,1.58,0.08,100,x67

2018-06-05 14:36:17,652 INFO 489: POS,0,C90C,4.03,1.59,0.09,100,x68

2018-06-05 14:36:17,752 INFO 490: POS,0,C90C,4.03,1.57,0.11,100,x69

2018-06-05 14:36:17,852 INFO 491: POS,0,C90C,4.03,1.55,0.12,100,x6A

2018-06-05 14:36:17,952 INFO 492: POS,0,C90C,4.03,1.55,0.12,0,x6B

2018-06-05 14:36:18,052 INFO 493: POS,0,C90C,4.03,1.68,0.02,100,x6C

2018-06-05 14:36:18,152 INFO 494: POS,0,C90C,4.03,1.61,0.04,94,x6D

2018-06-05 14:36:18,252 INFO 495: POS,0,C90C,4.03,1.54,0.03,100,x6E

2018-06-05 14:36:18,352 INFO 496: POS,0,C90C,4.01,1.50,0.02,83,x6F

2018-06-05 14:36:18,452 INFO 497: POS,0,C90C,4.01,1.50,0.02,0,x70

2018-06-05 14:36:18,552 INFO 498: POS,0,C90C,3.99,1.45,0.03,100,x71

2018-06-05 14:36:18,652 INFO 499: POS,0,C90C,3.99,1.45,0.03,0,x72

2018-06-05 14:36:18,752 INFO 500: POS,0,C90C,4.02,1.33,0.04,100,x73

2018-06-05 14:36:18,852 INFO 501: POS,0,C90C,4.03,1.32,0.03,100,x74

2018-06-05 14:36:18,953 INFO 502: POS,0,C90C,4.05,1.29,0.06,100,x75

2018-06-05 14:36:19,052 INFO 503: POS,0,C90C,4.06,1.30,0.08,100,x76

2018-06-05 14:36:19,150 INFO 504: POS,0,C90C,4.08,1.33,0.09,100,x77

2018-06-05 14:36:19,250 INFO 505: POS,0,C90C,4.07,1.41,0.11,100,x78

2018-06-05 14:36:19,350 INFO 506: POS,0,C90C,4.07,1.42,0.12,100,x79

2018-06-05 14:36:19,450 INFO 507: POS,0,C90C,4.08,1.45,0.10,100,x7A

2018-06-05 14:36:19,550 INFO 508: POS,0,C90C,4.07,1.52,0.09,100,x7B

2018-06-05 14:36:19,650 INFO 509: POS,0,C90C,4.06,1.53,0.08,50,x7C

2018-06-05 14:36:19,752 INFO 510: POS,0,C90C,4.07,1.54,0.08,100,x7D

2018-06-05 14:36:19,852 INFO 511: POS,0,C90C,4.05,1.56,0.11,100,x7E

2018-06-05 14:36:19,952 INFO 512: POS,0,C90C,4.04,1.55,0.13,100,x7F

2018-06-05 14:36:20,052 INFO 513: POS,0,C90C,4.03,1.53,0.13,100,x80

2018-06-05 14:36:20,152 INFO 514: POS,0,C90C,3.93,1.50,-0.01,50,x81

2018-06-05 14:36:20,252 INFO 515: POS,0,C90C,3.98,1.40,-0.01,100,x82

2018-06-05 14:36:20,352 INFO 516: POS,0,C90C,4.01,1.37,0.01,50,x83

2018-06-05 14:36:20,452 INFO 517: POS,0,C90C,4.00,1.32,0.00,100,x84

2018-06-05 14:36:20,552 INFO 518: POS,0,C90C,4.00,1.30,0.01,100,x85

2018-06-05 14:36:20,652 INFO 519: POS,0,C90C,3.98,1.29,0.04,95,x86

2018-06-05 14:36:20,752 INFO 520: POS,0,C90C,3.99,1.29,0.06,100,x87

2018-06-05 14:36:20,852 INFO 521: POS,0,C90C,3.94,1.26,-0.03,100,x88

2018-06-05 14:36:20,953 INFO 522: POS,0,C90C,3.96,1.18,-0.06,100,x89

2018-06-05 14:36:21,053 INFO 523: POS,0,C90C,4.00,1.16,-0.05,100,x8A

2018-06-05 14:36:21,152 INFO 524: POS,0,C90C,4.01,1.18,-0.02,100,x8B

2018-06-05 14:36:21,252 INFO 525: POS,0,C90C,4.02,1.20,-0.01,100,x8C

2018-06-05 14:36:21,352 INFO 526: POS,0,C90C,4.03,1.24,-0.00,100,x8D

2018-06-05 14:36:21,452 INFO 527: POS,0,C90C,4.01,1.28,0.06,50,x8E

2018-06-05 14:36:21,552 INFO 528: POS,0,C90C,4.02,1.36,0.07,100,x8F

2018-06-05 14:36:21,652 INFO 529: POS,0,C90C,4.02,1.44,0.08,100,x90

2018-06-05 14:36:21,752 INFO 530: POS,0,C90C,4.02,1.52,0.10,100,x91

2018-06-05 14:36:21,852 INFO 531: POS,0,C90C,4.02,1.59,0.11,50,x92

2018-06-05 14:36:21,952 INFO 532: POS,0,C90C,4.02,1.58,0.12,100,x93

2018-06-05 14:36:22,052 INFO 533: POS,0,C90C,4.03,1.53,0.14,100,x94

2018-06-05 14:36:22,152 INFO 534: POS,0,C90C,4.02,1.57,0.09,50,x95

2018-06-05 14:36:22,252 INFO 535: POS,0,C90C,4.04,1.48,0.08,100,x96

2018-06-05 14:36:22,452 INFO 537: POS,0,C90C,4.05,1.35,0.07,100,x98

2018-06-05 14:36:22,552 INFO 538: POS,0,C90C,4.06,1.30,0.06,100,x99

2018-06-05 14:36:22,652 INFO 539: POS,0,C90C,4.05,1.28,0.06,96,x9A

2018-06-05 14:36:22,752 INFO 540: POS,0,C90C,4.01,1.33,0.07,81,x9B

2018-06-05 14:36:22,852 INFO 541: POS,0,C90C,3.98,1.30,0.03,50,x9C

2018-06-05 14:36:22,952 INFO 542: POS,0,C90C,4.01,1.29,0.04,98,x9D

2018-06-05 14:36:23,050 INFO 543: POS,0,C90C,4.03,1.30,0.02,100,x9E

2018-06-05 14:36:23,150 INFO 544: POS,0,C90C,4.03,1.33,0.00,91,x9F

2018-06-05 14:36:23,250 INFO 545: POS,0,C90C,4.04,1.32,0.04,100,xA0

2018-06-05 14:36:23,350 INFO 546: POS,0,C90C,4.04,1.33,0.07,100,xA1

2018-06-05 14:36:23,450 INFO 547: POS,0,C90C,4.05,1.39,0.08,96,xA2

2018-06-05 14:36:23,550 INFO 548: POS,0,C90C,4.04,1.40,0.15,50,xA3

2018-06-05 14:36:23,650 INFO 549: POS,0,C90C,4.04,1.45,0.14,100,xA4

2018-06-05 14:36:23,750 INFO 550: POS,0,C90C,4.03,1.50,0.12,100,xA5

2018-06-05 14:36:23,850 INFO 551: POS,0,C90C,4.02,1.53,0.11,100,xA6

2018-06-05 14:36:23,950 INFO 552: POS,0,C90C,4.03,1.55,0.10,100,xA7

2018-06-05 14:36:24,050 INFO 553: POS,0,C90C,4.04,1.53,0.10,100,xA8

2018-06-05 14:36:24,150 INFO 554: POS,0,C90C,4.03,1.52,0.11,100,xA9

2018-06-05 14:36:24,250 INFO 555: POS,0,C90C,4.02,1.54,0.11,95,xAA

2018-06-05 14:36:24,350 INFO 556: POS,0,C90C,4.04,1.49,0.12,100,xAB

2018-06-05 14:36:24,450 INFO 557: POS,0,C90C,4.04,1.44,0.13,100,xAC

2018-06-05 14:36:24,550 INFO 558: POS,0,C90C,4.03,1.41,0.10,100,xAD

2018-06-05 14:36:24,650 INFO 559: POS,0,C90C,4.01,1.47,0.05,85,xAE

2018-06-05 14:36:24,750 INFO 560: POS,0,C90C,4.03,1.38,0.06,100,xAF

2018-06-05 14:36:24,850 INFO 561: POS,0,C90C,3.99,1.41,0.07,75,xB0

2018-06-05 14:36:24,950 INFO 562: POS,0,C90C,3.98,1.44,0.09,73,xB1

2018-06-05 14:36:25,050 INFO 563: POS,0,C90C,4.01,1.40,0.11,97,xB2

2018-06-05 14:36:25,150 INFO 564: POS,0,C90C,4.02,1.43,0.05,86,xB3

2018-06-05 14:36:25,250 INFO 565: POS,0,C90C,4.02,1.40,0.04,100,xB4

2018-06-05 14:36:25,350 INFO 566: POS,0,C90C,4.02,1.41,0.05,100,xB5

2018-06-05 14:36:25,450 INFO 567: POS,0,C90C,4.04,1.41,0.07,100,xB6

2018-06-05 14:36:25,550 INFO 568: POS,0,C90C,4.05,1.43,0.09,100,xB7

2018-06-05 14:36:25,650 INFO 569: POS,0,C90C,4.04,1.48,0.10,100,xB8

2018-06-05 14:36:25,750 INFO 570: POS,0,C90C,4.03,1.49,0.11,100,xB9

2018-06-05 14:36:25,850 INFO 571: POS,0,C90C,4.04,1.49,0.09,100,xBA

2018-06-05 14:36:25,950 INFO 572: POS,0,C90C,4.04,1.52,0.08,100,xBB

2018-06-05 14:36:26,050 INFO 573: POS,0,C90C,4.05,1.51,0.06,100,xBC

2018-06-05 14:36:26,150 INFO 574: POS,0,C90C,4.02,1.55,0.06,100,xBD

2018-06-05 14:36:26,250 INFO 575: POS,0,C90C,4.03,1.54,0.08,100,xBE

2018-06-05 14:36:26,350 INFO 576: POS,0,C90C,3.98,1.62,0.08,80,xBF

2018-06-05 14:36:26,450 INFO 577: POS,0,C90C,3.99,1.60,0.08,94,xC0

2018-06-05 14:36:26,550 INFO 578: POS,0,C90C,4.00,1.70,-0.01,100,xC1

2018-06-05 14:36:26,650 INFO 579: POS,0,C90C,4.02,1.59,0.00,100,xC2

2018-06-05 14:36:26,750 INFO 580: POS,0,C90C,4.02,1.56,0.01,79,xC3

2018-06-05 14:36:26,852 INFO 581: POS,0,C90C,4.04,1.47,0.02,100,xC4

2018-06-05 14:36:26,952 INFO 582: POS,0,C90C,4.03,1.38,0.01,50,xC5

2018-06-05 14:36:27,052 INFO 583: POS,0,C90C,4.02,1.39,0.05,79,xC6

2018-06-05 14:36:27,152 INFO 584: POS,0,C90C,4.02,1.40,0.07,96,xC7

2018-06-05 14:36:27,252 INFO 585: POS,0,C90C,4.05,1.39,0.05,100,xC8

2018-06-05 14:36:27,352 INFO 586: POS,0,C90C,4.06,1.36,0.05,100,xC9

2018-06-05 14:36:27,453 INFO 587: POS,0,C90C,4.07,1.35,0.05,100,xCA

2018-06-05 14:36:27,552 INFO 588: POS,0,C90C,4.08,1.35,0.07,100,xCB

2018-06-05 14:36:27,652 INFO 589: POS,0,C90C,4.07,1.35,0.09,100,xCC

2018-06-05 14:36:27,752 INFO 590: POS,0,C90C,4.06,1.38,0.12,100,xCD

2018-06-05 14:36:27,852 INFO 591: POS,0,C90C,4.09,1.40,0.12,100,xCE

2018-06-05 14:36:27,952 INFO 592: POS,0,C90C,4.09,1.44,0.13,100,xCF

2018-06-05 14:36:28,052 INFO 593: POS,0,C90C,4.09,1.45,0.11,100,xD0

2018-06-05 14:36:28,152 INFO 594: POS,0,C90C,4.09,1.47,0.09,100,xD1

2018-06-05 14:36:28,252 INFO 595: POS,0,C90C,4.05,1.49,0.09,100,xD2

2018-06-05 14:36:28,352 INFO 596: POS,0,C90C,4.03,1.70,0.02,100,xD3

2018-06-05 14:36:28,452 INFO 597: POS,0,C90C,4.03,1.64,0.05,100,xD4

2018-06-05 14:36:28,552 INFO 598: POS,0,C90C,4.03,1.57,0.08,100,xD5

2018-06-05 14:36:28,652 INFO 599: POS,0,C90C,4.04,1.53,0.09,100,xD6

2018-06-05 14:36:28,752 INFO 600: POS,0,C90C,4.06,1.43,0.07,100,xD7

2018-06-05 14:36:28,852 INFO 601: POS,0,C90C,4.07,1.39,0.07,100,xD8

2018-06-05 14:36:28,952 INFO 602: POS,0,C90C,4.09,1.34,0.05,100,xD9

2018-06-05 14:36:29,052 INFO 603: POS,0,C90C,4.05,1.39,0.05,82,xDA

2018-06-05 14:36:29,152 INFO 604: POS,0,C90C,4.07,1.33,0.10,90,xDB

2018-06-05 14:36:29,252 INFO 605: POS,0,C90C,4.07,1.30,0.11,100,xDC

2018-06-05 14:36:29,352 INFO 606: POS,0,C90C,4.10,1.28,0.10,100,xDD

2018-06-05 14:36:29,452 INFO 607: POS,0,C90C,4.09,1.29,0.08,100,xDE

2018-06-05 14:36:29,552 INFO 608: POS,0,C90C,4.09,1.29,0.08,100,xDF

2018-06-05 14:36:29,652 INFO 609: POS,0,C90C,4.09,1.31,0.09,100,xE0

2018-06-05 14:36:29,752 INFO 610: POS,0,C90C,4.08,1.32,0.10,100,xE1

2018-06-05 14:36:29,852 INFO 611: POS,0,C90C,4.08,1.38,0.12,98,xE2

2018-06-05 14:36:29,952 INFO 612: POS,0,C90C,4.05,1.53,0.07,100,xE3

2018-06-05 14:36:30,052 INFO 613: POS,0,C90C,4.04,1.52,0.08,100,xE4

2018-06-05 14:36:30,150 INFO 614: POS,0,C90C,4.00,1.51,0.10,50,xE5

2018-06-05 14:36:30,250 INFO 615: POS,0,C90C,4.01,1.51,0.07,100,xE6

2018-06-05 14:36:30,350 INFO 616: POS,0,C90C,4.01,1.53,0.07,100,xE7

2018-06-05 14:36:30,450 INFO 617: POS,0,C90C,4.01,1.71,0.00,100,xE8

2018-06-05 14:36:30,550 INFO 618: POS,0,C90C,4.00,1.77,-0.03,100,xE9

2018-06-05 14:36:30,650 INFO 619: POS,0,C90C,4.01,1.68,0.03,50,xEA

2018-06-05 14:36:30,750 INFO 620: POS,0,C90C,4.02,1.60,0.05,100,xEB

2018-06-05 14:36:30,850 INFO 621: POS,0,C90C,4.05,1.52,0.07,100,xEC

2018-06-05 14:36:30,950 INFO 622: POS,0,C90C,4.06,1.44,0.07,100,xED

2018-06-05 14:36:31,050 INFO 623: POS,0,C90C,4.07,1.40,0.07,94,xEE

2018-06-05 14:36:31,150 INFO 624: POS,0,C90C,4.02,1.45,0.06,84,xEF

2018-06-05 14:36:31,250 INFO 625: POS,0,C90C,4.05,1.39,0.09,91,xF0

2018-06-05 14:36:31,350 INFO 626: POS,0,C90C,3.99,1.48,0.08,67,xF1

2018-06-05 14:36:31,450 INFO 627: POS,0,C90C,4.03,1.42,0.08,100,xF2

2018-06-05 14:36:31,550 INFO 628: POS,0,C90C,4.05,1.38,0.07,100,xF3

2018-06-05 14:36:31,650 INFO 629: POS,0,C90C,4.05,1.38,0.08,99,xF4

2018-06-05 14:36:31,750 INFO 630: POS,0,C90C,4.05,1.38,0.08,100,xF5

2018-06-05 14:36:31,850 INFO 631: POS,0,C90C,4.05,1.38,0.09,100,xF6

2018-06-05 14:36:31,950 INFO 632: POS,0,C90C,3.95,1.59,0.09,0,xF7

2018-06-05 14:36:32,050 INFO 633: POS,0,C90C,3.97,1.80,0.01,100,xF8

2018-06-05 14:36:32,150 INFO 634: POS,0,C90C,4.01,1.71,0.05,100,xF9

2018-06-05 14:36:32,250 INFO 635: POS,0,C90C,4.01,1.67,0.07,100,xFA

2018-06-05 14:36:32,350 INFO 636: POS,0,C90C,4.02,1.65,0.08,100,xFB

2018-06-05 14:36:32,450 INFO 637: POS,0,C90C,4.04,1.62,0.11,100,xFC

2018-06-05 14:36:32,550 INFO 638: POS,0,C90C,4.00,1.68,0.10,88,xFD

2018-06-05 14:36:32,651 INFO 639: POS,0,C90C,4.01,1.62,0.11,100,xFE

2018-06-05 14:36:32,752 INFO 640: POS,0,C90C,4.02,1.59,0.13,94,xFF

2018-06-05 14:36:32,852 INFO 641: POS,0,C90C,4.04,1.57,0.15,50,x00

2018-06-05 14:36:32,952 INFO 642: POS,0,C90C,4.02,1.55,0.10,50,x01

2018-06-05 14:36:33,052 INFO 643: POS,0,C90C,4.03,1.48,0.09,50,x02

2018-06-05 14:36:33,152 INFO 644: POS,0,C90C,4.04,1.39,0.08,99,x03

2018-06-05 14:36:33,252 INFO 645: POS,0,C90C,4.05,1.36,0.06,100,x04

2018-06-05 14:36:33,352 INFO 646: POS,0,C90C,4.02,1.36,0.04,50,x05

2018-06-05 14:36:33,452 INFO 647: POS,0,C90C,3.97,1.36,-0.05,50,x06

2018-06-05 14:36:33,552 INFO 648: POS,0,C90C,3.98,1.42,-0.06,91,x07

2018-06-05 14:36:33,652 INFO 649: POS,0,C90C,4.01,1.36,-0.04,100,x08

2018-06-05 14:36:33,752 INFO 650: POS,0,C90C,4.01,1.34,-0.04,100,x09

2018-06-05 14:36:33,853 INFO 651: POS,0,C90C,4.03,1.29,-0.02,100,x0A

2018-06-05 14:36:33,953 INFO 652: POS,0,C90C,4.04,1.24,-0.01,100,x0B

2018-06-05 14:36:34,052 INFO 653: POS,0,C90C,4.06,1.24,-0.00,100,x0C

2018-06-05 14:36:34,152 INFO 654: POS,0,C90C,4.05,1.23,-0.00,100,x0D

2018-06-05 14:36:34,252 INFO 655: POS,0,C90C,4.05,1.25,0.00,100,x0E

2018-06-05 14:36:34,352 INFO 656: POS,0,C90C,4.05,1.29,0.01,100,x0F

2018-06-05 14:36:34,452 INFO 657: POS,0,C90C,4.06,1.32,0.02,100,x10

2018-06-05 14:36:34,552 INFO 658: POS,0,C90C,4.06,1.34,0.02,100,x11

2018-06-05 14:36:34,652 INFO 659: POS,0,C90C,4.06,1.34,0.02,100,x12

2018-06-05 14:36:34,752 INFO 660: POS,0,C90C,4.07,1.29,0.02,100,x13

2018-06-05 14:36:34,852 INFO 661: POS,0,C90C,4.08,1.28,0.02,100,x14

2018-06-05 14:36:34,952 INFO 662: POS,0,C90C,4.09,1.25,0.03,100,x15

2018-06-05 14:36:35,052 INFO 663: POS,0,C90C,4.10,1.20,0.03,100,x16

2018-06-05 14:36:35,152 INFO 664: POS,0,C90C,4.10,1.16,0.03,100,x17

2018-06-05 14:36:35,253 INFO 665: POS,0,C90C,4.10,1.17,0.02,100,x18

2018-06-05 14:36:35,352 INFO 666: POS,0,C90C,4.10,1.22,0.02,100,x19

2018-06-05 14:36:35,452 INFO 667: POS,0,C90C,4.09,1.16,0.01,100,x1A

2018-06-05 14:36:35,552 INFO 668: POS,0,C90C,4.09,1.14,0.01,100,x1B

2018-06-05 14:36:35,652 INFO 669: POS,0,C90C,4.07,1.19,0.00,100,x1C

2018-06-05 14:36:35,752 INFO 670: POS,0,C90C,4.09,1.20,0.02,50,x1D

2018-06-05 14:36:35,852 INFO 671: POS,0,C90C,4.09,1.26,0.03,50,x1E

2018-06-05 14:36:35,952 INFO 672: POS,0,C90C,4.09,1.19,0.01,100,x1F

2018-06-05 14:36:36,050 INFO 673: POS,0,C90C,4.08,1.20,0.01,100,x20

2018-06-05 14:36:36,150 INFO 674: POS,0,C90C,4.08,1.20,0.01,100,x21

2018-06-05 14:36:36,250 INFO 675: POS,0,C90C,4.05,1.25,0.01,100,x22

2018-06-05 14:36:36,350 INFO 676: POS,0,C90C,4.04,1.29,0.01,100,x23

2018-06-05 14:36:36,450 INFO 677: POS,0,C90C,4.02,1.52,-0.04,100,x24

2018-06-05 14:36:36,550 INFO 678: POS,0,C90C,4.00,1.71,-0.08,100,x25

2018-06-05 14:36:36,650 INFO 679: POS,0,C90C,3.99,1.84,-0.11,100,x26

2018-06-05 14:36:36,750 INFO 680: POS,0,C90C,3.97,1.79,-0.08,100,x27

2018-06-05 14:36:36,850 INFO 681: POS,0,C90C,3.95,1.72,-0.08,100,x28

2018-06-05 14:36:36,952 INFO 682: POS,0,C90C,3.95,1.68,-0.07,96,x29

2018-06-05 14:36:37,052 INFO 683: POS,0,C90C,4.00,1.55,-0.03,100,x2A

2018-06-05 14:36:37,153 INFO 684: POS,0,C90C,4.01,1.45,-0.04,100,x2B

2018-06-05 14:36:37,252 INFO 685: POS,0,C90C,4.04,1.38,-0.05,100,x2C

2018-06-05 14:36:37,353 INFO 686: POS,0,C90C,4.04,1.27,-0.06,100,x2D

2018-06-05 14:36:37,452 INFO 687: POS,0,C90C,4.05,1.21,-0.07,100,x2E

2018-06-05 14:36:37,553 INFO 688: POS,0,C90C,4.07,1.13,-0.09,100,x2F

2018-06-05 14:36:37,653 INFO 689: POS,0,C90C,3.95,0.98,-0.03,0,x30

2018-06-05 14:36:37,753 INFO 690: POS,0,C90C,4.00,0.98,-0.06,100,x31

2018-06-05 14:36:37,853 INFO 691: POS,0,C90C,4.04,1.00,-0.06,100,x32

2018-06-05 14:36:37,953 INFO 692: POS,0,C90C,4.05,0.92,-0.10,100,x33

2018-06-05 14:36:38,053 INFO 693: POS,0,C90C,4.07,0.89,-0.09,100,x34

2018-06-05 14:36:38,153 INFO 694: POS,0,C90C,4.07,1.02,-0.04,100,x35

2018-06-05 14:36:38,252 INFO 695: POS,0,C90C,4.07,1.08,-0.03,100,x36

2018-06-05 14:36:38,352 INFO 696: POS,0,C90C,3.98,1.27,-0.07,76,x37

2018-06-05 14:36:38,453 INFO 697: POS,0,C90C,3.99,1.31,-0.08,100,x38

2018-06-05 14:36:38,553 INFO 698: POS,0,C90C,4.00,1.32,-0.06,100,x39

2018-06-05 14:36:38,653 INFO 699: POS,0,C90C,3.98,1.35,-0.04,100,x3A

2018-06-05 14:36:38,753 INFO 700: POS,0,C90C,3.98,1.35,-0.03,100,x3B

2018-06-05 14:36:38,853 INFO 701: POS,0,C90C,3.99,1.30,-0.06,100,x3C

2018-06-05 14:36:38,952 INFO 702: POS,0,C90C,3.93,1.42,-0.12,91,x3D

2018-06-05 14:36:39,053 INFO 703: POS,0,C90C,3.92,1.42,-0.11,100,x3E

2018-06-05 14:36:39,153 INFO 704: POS,0,C90C,3.91,1.35,-0.12,100,x3F

2018-06-05 14:36:39,253 INFO 705: POS,0,C90C,3.94,1.25,-0.12,100,x40

2018-06-05 14:36:39,353 INFO 706: POS,0,C90C,3.98,1.46,-0.16,100,x41

2018-06-05 14:36:39,452 INFO 707: POS,0,C90C,3.97,1.41,-0.15,94,x42

2018-06-05 14:36:39,553 INFO 708: POS,0,C90C,3.99,1.36,-0.12,100,x43

2018-06-05 14:36:39,653 INFO 709: POS,0,C90C,4.04,1.36,-0.09,50,x44

2018-06-05 14:36:39,753 INFO 710: POS,0,C90C,4.06,1.32,-0.07,100,x45

2018-06-05 14:36:39,852 INFO 711: POS,0,C90C,4.08,1.27,-0.07,100,x46

2018-06-05 14:36:39,952 INFO 712: POS,0,C90C,4.08,1.24,-0.06,50,x47

2018-06-05 14:36:40,052 INFO 713: POS,0,C90C,4.07,1.21,-0.05,100,x48

2018-06-05 14:36:40,152 INFO 714: POS,0,C90C,4.04,1.19,0.01,50,x49

2018-06-05 14:36:40,250 INFO 715: POS,0,C90C,4.06,1.20,0.04,100,x4A

2018-06-05 14:36:40,350 INFO 716: POS,0,C90C,4.07,1.33,-0.01,50,x4B

2018-06-05 14:36:40,450 INFO 717: POS,0,C90C,4.07,1.37,0.03,100,x4C

2018-06-05 14:36:40,550 INFO 718: POS,0,C90C,4.05,1.40,0.07,100,x4D

2018-06-05 14:36:40,650 INFO 719: POS,0,C90C,4.06,1.42,0.10,100,x4E

2018-06-05 14:36:40,750 INFO 720: POS,0,C90C,4.04,1.46,0.13,50,x4F

2018-06-05 14:36:40,850 INFO 721: POS,0,C90C,4.02,1.65,0.05,100,x50

2018-06-05 14:36:40,950 INFO 722: POS,0,C90C,4.01,1.78,0.01,100,x51

2018-06-05 14:36:41,050 INFO 723: POS,0,C90C,4.02,1.71,0.05,100,x52

2018-06-05 14:36:41,150 INFO 724: POS,0,C90C,4.03,1.64,0.08,100,x53

2018-06-05 14:36:41,250 INFO 725: POS,0,C90C,4.04,1.60,0.10,50,x54

2018-06-05 14:36:41,350 INFO 726: POS,0,C90C,4.07,1.53,0.11,100,x55

2018-06-05 14:36:41,450 INFO 727: POS,0,C90C,4.07,1.47,0.12,100,x56

2018-06-05 14:36:41,550 INFO 728: POS,0,C90C,4.06,1.39,0.11,100,x57

2018-06-05 14:36:41,650 INFO 729: POS,0,C90C,4.07,1.37,0.11,94,x58

2018-06-05 14:36:41,750 INFO 730: POS,0,C90C,4.06,1.37,0.08,87,x59

2018-06-05 14:36:41,850 INFO 731: POS,0,C90C,4.07,1.35,0.04,100,x5A

2018-06-05 14:36:41,950 INFO 732: POS,0,C90C,4.07,1.33,0.02,100,x5B

2018-06-05 14:36:42,050 INFO 733: POS,0,C90C,4.07,1.30,0.01,50,x5C

2018-06-05 14:36:42,153 INFO 734: POS,0,C90C,4.08,1.32,0.02,95,x5D

2018-06-05 14:36:42,253 INFO 735: POS,0,C90C,4.10,1.26,0.02,100,x5E

2018-06-05 14:36:42,353 INFO 736: POS,0,C90C,4.10,1.26,0.06,100,x5F

2018-06-05 14:36:42,452 INFO 737: POS,0,C90C,4.04,1.38,0.05,83,x60

2018-06-05 14:36:42,552 INFO 738: POS,0,C90C,4.05,1.43,0.10,50,x61

2018-06-05 14:36:42,652 INFO 739: POS,0,C90C,3.93,1.66,0.09,0,x62

2018-06-05 14:36:42,752 INFO 740: POS,0,C90C,3.94,1.61,0.11,100,x63

2018-06-05 14:36:42,853 INFO 741: POS,0,C90C,3.99,1.56,0.12,100,x64

2018-06-05 14:36:42,952 INFO 742: POS,0,C90C,4.00,1.54,0.14,100,x65

2018-06-05 14:36:43,052 INFO 743: POS,0,C90C,3.99,1.63,0.13,87,x66

2018-06-05 14:36:43,152 INFO 744: POS,0,C90C,4.01,1.58,0.14,100,x67

2018-06-05 14:36:43,252 INFO 745: POS,0,C90C,4.03,1.52,0.15,100,x68

2018-06-05 14:36:43,352 INFO 746: POS,0,C90C,4.03,1.51,0.15,93,x69

2018-06-05 14:36:43,452 INFO 747: POS,0,C90C,4.04,1.47,0.13,100,x6A

2018-06-05 14:36:43,553 INFO 748: POS,0,C90C,4.05,1.41,0.14,100,x6B

2018-06-05 14:36:43,752 INFO 750: POS,0,C90C,4.07,1.31,0.09,100,x6D

2018-06-05 14:36:43,852 INFO 751: POS,0,C90C,4.10,1.31,0.09,94,x6E

2018-06-05 14:36:43,952 INFO 752: POS,0,C90C,4.10,1.30,0.07,50,x6F

2018-06-05 14:36:44,052 INFO 753: POS,0,C90C,4.11,1.31,0.07,50,x70

2018-06-05 14:36:44,152 INFO 754: POS,0,C90C,4.12,1.31,0.04,50,x71

2018-06-05 14:36:44,252 INFO 755: POS,0,C90C,4.10,1.34,0.03,89,x72

2018-06-05 14:36:44,352 INFO 756: POS,0,C90C,4.09,1.28,0.03,100,x73

2018-06-05 14:36:44,452 INFO 757: POS,0,C90C,4.09,1.29,0.04,100,x74

2018-06-05 14:36:44,552 INFO 758: POS,0,C90C,4.07,1.31,0.07,100,x75

2018-06-05 14:36:44,652 INFO 759: POS,0,C90C,4.07,1.32,0.08,100,x76

2018-06-05 14:36:44,752 INFO 760: POS,0,C90C,4.06,1.36,0.09,50,x77

2018-06-05 14:36:44,852 INFO 761: POS,0,C90C,4.04,1.63,0.01,100,x78

2018-06-05 14:36:44,952 INFO 762: POS,0,C90C,4.05,1.59,0.05,100,x79

2018-06-05 14:36:45,052 INFO 763: POS,0,C90C,4.07,1.55,0.08,100,x7A

2018-06-05 14:36:45,152 INFO 764: POS,0,C90C,4.06,1.56,0.11,100,x7B

2018-06-05 14:36:45,252 INFO 765: POS,0,C90C,4.07,1.53,0.13,100,x7C

2018-06-05 14:36:45,352 INFO 766: POS,0,C90C,4.07,1.50,0.15,100,x7D

2018-06-05 14:36:45,450 INFO 767: POS,0,C90C,4.07,1.47,0.17,100,x7E

2018-06-05 14:36:45,550 INFO 768: POS,0,C90C,4.09,1.42,0.16,100,x7F

2018-06-05 14:36:45,650 INFO 769: POS,0,C90C,4.08,1.39,0.15,100,x80

2018-06-05 14:36:45,752 INFO 770: POS,0,C90C,4.07,1.37,0.13,100,x81

2018-06-05 14:36:45,852 INFO 771: POS,0,C90C,4.08,1.33,0.12,100,x82

2018-06-05 14:36:45,952 INFO 772: POS,0,C90C,4.09,1.32,0.10,94,x83

2018-06-05 14:36:46,052 INFO 773: POS,0,C90C,4.09,1.28,0.09,97,x84

2018-06-05 14:36:46,152 INFO 774: POS,0,C90C,4.10,1.25,0.08,100,x85

2018-06-05 14:36:46,252 INFO 775: POS,0,C90C,4.10,1.25,0.06,50,x86

2018-06-05 14:36:46,352 INFO 776: POS,0,C90C,4.04,1.38,0.04,68,x87

2018-06-05 14:36:46,452 INFO 777: POS,0,C90C,4.06,1.30,0.04,100,x88

2018-06-05 14:36:46,552 INFO 778: POS,0,C90C,4.06,1.31,0.05,100,x89

2018-06-05 14:36:46,652 INFO 779: POS,0,C90C,4.06,1.37,0.10,50,x8A

2018-06-05 14:36:46,752 INFO 780: POS,0,C90C,4.05,1.36,0.11,100,x8B

2018-06-05 14:36:46,852 INFO 781: POS,0,C90C,4.05,1.52,0.04,100,x8C

2018-06-05 14:36:46,952 INFO 782: POS,0,C90C,4.02,1.47,0.12,50,x8D

2018-06-05 14:36:47,052 INFO 783: POS,0,C90C,4.04,1.46,0.14,100,x8E

2018-06-05 14:36:47,152 INFO 784: POS,0,C90C,4.06,1.47,0.15,100,x8F

2018-06-05 14:36:47,352 INFO 786: POS,0,C90C,4.08,1.47,0.14,50,x91

2018-06-05 14:36:47,452 INFO 787: POS,0,C90C,4.10,1.44,0.16,100,x92

2018-06-05 14:36:47,552 INFO 788: POS,0,C90C,4.09,1.40,0.16,100,x93

2018-06-05 14:36:47,653 INFO 789: POS,0,C90C,4.08,1.38,0.14,100,x94

2018-06-05 14:36:47,752 INFO 790: POS,0,C90C,4.08,1.36,0.15,100,x95

2018-06-05 14:36:47,852 INFO 791: POS,0,C90C,4.10,1.32,0.13,100,x96

2018-06-05 14:36:47,952 INFO 792: POS,0,C90C,4.09,1.30,0.10,100,x97

2018-06-05 14:36:48,052 INFO 793: POS,0,C90C,4.09,1.29,0.10,100,x98

2018-06-05 14:36:48,152 INFO 794: POS,0,C90C,4.10,1.30,0.08,93,x99

2018-06-05 14:36:48,252 INFO 795: POS,0,C90C,4.10,1.30,0.05,100,x9A

2018-06-05 14:36:48,352 INFO 796: POS,0,C90C,4.10,1.31,0.04,99,x9B

2018-06-05 14:36:48,452 INFO 797: POS,0,C90C,4.06,1.37,0.02,85,x9C

2018-06-05 14:36:48,552 INFO 798: POS,0,C90C,4.08,1.29,0.03,100,x9D

2018-06-05 14:36:48,652 INFO 799: POS,0,C90C,4.09,1.26,0.03,100,x9E

2018-06-05 14:36:48,752 INFO 800: POS,0,C90C,4.12,1.27,0.05,100,x9F

2018-06-05 14:36:48,853 INFO 801: POS,0,C90C,4.10,1.29,0.06,100,xA0

2018-06-05 14:36:48,952 INFO 802: POS,0,C90C,4.08,1.31,0.05,50,xA1

2018-06-05 14:36:49,050 INFO 803: POS,0,C90C,4.06,1.52,-0.00,100,xA2

2018-06-05 14:36:49,150 INFO 804: POS,0,C90C,4.05,1.51,0.04,100,xA3

2018-06-05 14:36:49,250 INFO 805: POS,0,C90C,4.07,1.50,0.08,100,xA4

2018-06-05 14:36:49,350 INFO 806: POS,0,C90C,4.04,1.49,0.13,50,xA5

2018-06-05 14:36:49,450 INFO 807: POS,0,C90C,4.06,1.48,0.13,100,xA6

2018-06-05 14:36:49,550 INFO 808: POS,0,C90C,4.08,1.44,0.13,100,xA7

2018-06-05 14:36:49,650 INFO 809: POS,0,C90C,4.08,1.66,0.03,100,xA8

2018-06-05 14:36:49,750 INFO 810: POS,0,C90C,4.08,1.56,0.05,100,xA9

2018-06-05 14:36:49,850 INFO 811: POS,0,C90C,4.08,1.51,0.06,100,xAA

2018-06-05 14:36:49,950 INFO 812: POS,0,C90C,4.10,1.46,0.06,100,xAB

2018-06-05 14:36:50,050 INFO 813: POS,0,C90C,4.10,1.36,0.06,100,xAC

2018-06-05 14:36:50,155 INFO 814: POS,0,C90C,4.09,1.31,0.05,100,xAD

2018-06-05 14:36:50,253 INFO 815: POS,0,C90C,4.11,1.31,0.06,100,xAE

2018-06-05 14:36:50,352 INFO 816: POS,0,C90C,4.10,1.32,0.04,98,xAF

2018-06-05 14:36:50,452 INFO 817: POS,0,C90C,4.10,1.32,0.04,100,xB0

2018-06-05 14:36:50,552 INFO 818: POS,0,C90C,4.06,1.37,0.02,82,xB1

2018-06-05 14:36:50,652 INFO 819: POS,0,C90C,4.06,1.37,0.04,50,xB2

2018-06-05 14:36:50,753 INFO 820: POS,0,C90C,4.09,1.33,0.04,100,xB3

2018-06-05 14:36:50,853 INFO 821: POS,0,C90C,4.11,1.31,0.05,100,xB4

2018-06-05 14:36:50,952 INFO 822: POS,0,C90C,4.11,1.37,0.10,50,xB5

2018-06-05 14:36:51,052 INFO 823: POS,0,C90C,4.07,1.43,0.09,93,xB6

2018-06-05 14:36:51,152 INFO 824: POS,0,C90C,4.06,1.44,0.11,100,xB7

2018-06-05 14:36:51,252 INFO 825: POS,0,C90C,4.04,1.44,0.14,50,xB8

2018-06-05 14:36:51,352 INFO 826: POS,0,C90C,4.04,1.46,0.15,100,xB9

2018-06-05 14:36:51,452 INFO 827: POS,0,C90C,4.07,1.46,0.15,100,xBA

2018-06-05 14:36:51,552 INFO 828: POS,0,C90C,4.09,1.46,0.15,100,xBB

2018-06-05 14:36:51,652 INFO 829: POS,0,C90C,4.09,1.44,0.14,100,xBC

2018-06-05 14:36:51,752 INFO 830: POS,0,C90C,4.08,1.43,0.14,100,xBD

2018-06-05 14:36:51,852 INFO 831: POS,0,C90C,4.07,1.40,0.12,100,xBE

2018-06-05 14:36:51,952 INFO 832: POS,0,C90C,4.09,1.36,0.12,100,xBF

2018-06-05 14:36:52,052 INFO 833: POS,0,C90C,4.10,1.33,0.12,100,xC0

2018-06-05 14:36:52,152 INFO 834: POS,0,C90C,4.06,1.30,0.13,50,xC1

2018-06-05 14:36:52,252 INFO 835: POS,0,C90C,4.06,1.28,0.10,100,xC2

2018-06-05 14:36:52,352 INFO 836: POS,0,C90C,4.05,1.30,0.08,98,xC3

2018-06-05 14:36:52,452 INFO 837: POS,0,C90C,4.07,1.29,0.08,100,xC4

2018-06-05 14:36:52,552 INFO 838: POS,0,C90C,4.09,1.27,0.07,100,xC5

2018-06-05 14:36:52,652 INFO 839: POS,0,C90C,4.09,1.26,0.05,50,xC6

2018-06-05 14:36:52,753 INFO 840: POS,0,C90C,4.06,1.25,0.04,100,xC7

2018-06-05 14:36:52,852 INFO 841: POS,0,C90C,4.08,1.22,0.03,100,xC8

2018-06-05 14:36:52,952 INFO 842: POS,0,C90C,4.10,1.21,0.03,100,xC9

2018-06-05 14:36:53,052 INFO 843: POS,0,C90C,4.07,1.24,0.05,100,xCA

2018-06-05 14:36:53,152 INFO 844: POS,0,C90C,4.07,1.22,0.04,100,xCB

2018-06-05 14:36:53,252 INFO 845: POS,0,C90C,4.02,1.30,-0.00,93,xCC

2018-06-05 14:36:53,352 INFO 846: POS,0,C90C,4.02,1.30,-0.00,0,xCD

2018-06-05 14:36:53,450 INFO 847: POS,0,C90C,4.04,1.26,-0.00,100,xCE

2018-06-05 14:36:53,550 INFO 848: POS,0,C90C,4.06,1.22,-0.01,100,xCF

2018-06-05 14:36:53,650 INFO 849: POS,0,C90C,4.08,1.20,-0.02,100,xD0

2018-06-05 14:36:53,750 INFO 850: POS,0,C90C,4.05,1.23,0.03,50,xD1

2018-06-05 14:36:53,850 INFO 851: POS,0,C90C,4.06,1.21,0.01,100,xD2

2018-06-05 14:36:53,950 INFO 852: POS,0,C90C,4.08,1.20,0.02,100,xD3

2018-06-05 14:36:54,050 INFO 853: POS,0,C90C,4.09,1.18,0.02,100,xD4

2018-06-05 14:36:54,150 INFO 854: POS,0,C90C,4.09,1.11,-0.02,100,xD5

2018-06-05 14:36:54,253 INFO 855: POS,0,C90C,4.10,1.09,-0.03,100,xD6

2018-06-05 14:36:54,353 INFO 856: POS,0,C90C,4.09,1.12,-0.02,100,xD7

2018-06-05 14:36:54,452 INFO 857: POS,0,C90C,4.08,1.18,0.01,50,xD8

2018-06-05 14:36:54,552 INFO 858: POS,0,C90C,4.08,1.18,0.01,100,xD9

2018-06-05 14:36:54,652 INFO 859: POS,0,C90C,4.08,1.17,0.02,100,xDA

2018-06-05 14:36:54,752 INFO 860: POS,0,C90C,4.08,1.19,0.01,100,xDB

2018-06-05 14:36:54,852 INFO 861: POS,0,C90C,4.06,1.21,0.02,50,xDC

2018-06-05 14:36:54,952 INFO 862: POS,0,C90C,4.08,1.19,0.01,100,xDD

2018-06-05 14:36:55,052 INFO 863: POS,0,C90C,4.08,1.16,0.00,100,xDE

2018-06-05 14:36:55,152 INFO 864: POS,0,C90C,4.07,1.16,0.01,100,xDF

2018-06-05 14:36:55,253 INFO 865: POS,0,C90C,4.05,1.18,0.02,100,xE0

2018-06-05 14:36:55,352 INFO 866: POS,0,C90C,4.05,1.22,0.03,50,xE1

2018-06-05 14:36:55,452 INFO 867: POS,0,C90C,4.03,1.27,0.05,100,xE2

2018-06-05 14:36:55,552 INFO 868: POS,0,C90C,3.99,1.28,0.09,50,xE3

2018-06-05 14:36:55,652 INFO 869: POS,0,C90C,4.02,1.30,0.08,100,xE4

2018-06-05 14:36:55,752 INFO 870: POS,0,C90C,3.99,1.41,0.04,50,xE5

2018-06-05 14:36:55,852 INFO 871: POS,0,C90C,4.03,1.36,0.05,100,xE6

2018-06-05 14:36:55,952 INFO 872: POS,0,C90C,3.99,1.31,0.08,50,xE7

2018-06-05 14:36:56,053 INFO 873: POS,0,C90C,4.02,1.25,0.05,100,xE8

2018-06-05 14:36:56,153 INFO 874: POS,0,C90C,4.03,1.15,0.00,100,xE9

2018-06-05 14:36:56,252 INFO 875: POS,0,C90C,4.05,1.13,0.01,100,xEA

2018-06-05 14:36:56,354 INFO 876: POS,0,C90C,4.08,1.02,-0.02,100,xEB

2018-06-05 14:36:56,453 INFO 877: POS,0,C90C,4.08,0.98,-0.04,100,xEC

2018-06-05 14:36:56,553 INFO 878: POS,0,C90C,4.06,0.96,-0.06,100,xED

2018-06-05 14:36:56,652 INFO 879: POS,0,C90C,4.04,1.06,-0.05,97,xEE

2018-06-05 14:36:56,753 INFO 880: POS,0,C90C,4.02,0.91,-0.14,100,xEF

2018-06-05 14:36:56,853 INFO 881: POS,0,C90C,3.98,1.05,-0.17,88,xF0

2018-06-05 14:36:56,953 INFO 882: POS,0,C90C,3.95,1.07,-0.18,100,xF1

2018-06-05 14:36:57,053 INFO 883: POS,0,C90C,3.91,1.32,-0.28,100,xF2

2018-06-05 14:36:57,153 INFO 884: POS,0,C90C,3.88,1.41,-0.25,86,xF3

2018-06-05 14:36:57,252 INFO 885: POS,0,C90C,3.83,1.51,-0.22,72,xF4

2018-06-05 14:36:57,353 INFO 886: POS,0,C90C,3.85,1.51,-0.20,92,xF5

2018-06-05 14:36:57,453 INFO 887: POS,0,C90C,3.87,1.62,-0.22,100,xF6

2018-06-05 14:36:57,550 INFO 888: POS,0,C90C,3.89,1.58,-0.17,100,xF7

2018-06-05 14:36:57,650 INFO 889: POS,0,C90C,3.90,1.67,-0.18,100,xF8

2018-06-05 14:36:57,750 INFO 890: POS,0,C90C,3.95,1.57,-0.14,100,xF9

2018-06-05 14:36:57,850 INFO 891: POS,0,C90C,3.97,1.52,-0.11,100,xFA

2018-06-05 14:36:57,950 INFO 892: POS,0,C90C,3.95,1.53,-0.11,100,xFB

2018-06-05 14:36:58,050 INFO 893: POS,0,C90C,3.94,1.53,-0.12,100,xFC

2018-06-05 14:36:58,150 INFO 894: POS,0,C90C,3.96,1.48,-0.08,100,xFD

2018-06-05 14:36:58,250 INFO 895: POS,0,C90C,3.95,1.51,-0.10,91,xFE

2018-06-05 14:36:58,350 INFO 896: POS,0,C90C,3.96,1.40,-0.09,100,xFF

2018-06-05 14:36:58,450 INFO 897: POS,0,C90C,3.96,1.37,-0.10,100,x00

2018-06-05 14:36:58,550 INFO 898: POS,0,C90C,3.91,1.40,-0.17,50,x01

2018-06-05 14:36:58,650 INFO 899: POS,0,C90C,3.88,1.33,-0.19,50,x02

2018-06-05 14:36:58,750 INFO 900: POS,0,C90C,3.85,1.40,-0.21,76,x03

2018-06-05 14:36:58,850 INFO 901: POS,0,C90C,3.86,1.38,-0.20,50,x04

2018-06-05 14:36:58,953 INFO 902: POS,0,C90C,3.92,1.33,-0.14,100,x05

2018-06-05 14:36:59,053 INFO 903: POS,0,C90C,3.95,1.24,-0.11,100,x06

2018-06-05 14:36:59,153 INFO 904: POS,0,C90C,3.90,1.34,-0.13,83,x07

2018-06-05 14:36:59,252 INFO 905: POS,0,C90C,3.89,1.30,-0.08,50,x08

2018-06-05 14:36:59,353 INFO 906: POS,0,C90C,3.89,1.31,-0.10,100,x09

2018-06-05 14:36:59,453 INFO 907: POS,0,C90C,3.93,1.37,-0.02,50,x0A

2018-06-05 14:36:59,553 INFO 908: POS,0,C90C,3.95,1.37,-0.02,100,x0B

2018-06-05 14:36:59,653 INFO 909: POS,0,C90C,3.95,1.37,-0.01,100,x0C

2018-06-05 14:36:59,753 INFO 910: POS,0,C90C,3.97,1.39,-0.01,100,x0D

2018-06-05 14:36:59,853 INFO 911: POS,0,C90C,3.97,1.40,0.00,100,x0E

2018-06-05 14:36:59,953 INFO 912: POS,0,C90C,3.99,1.41,0.01,100,x0F

2018-06-05 14:37:00,053 INFO 913: POS,0,C90C,4.01,1.40,0.02,100,x10

2018-06-05 14:37:00,153 INFO 914: POS,0,C90C,4.02,1.37,-0.00,100,x11

2018-06-05 14:37:00,252 INFO 915: POS,0,C90C,4.04,1.32,0.02,100,x12

2018-06-05 14:37:00,353 INFO 916: POS,0,C90C,4.03,1.31,0.02,100,x13

2018-06-05 14:37:00,453 INFO 917: POS,0,C90C,4.04,1.27,-0.00,100,x14

2018-06-05 14:37:00,553 INFO 918: POS,0,C90C,4.05,1.25,-0.00,100,x15

2018-06-05 14:37:00,653 INFO 919: POS,0,C90C,4.05,1.24,-0.02,100,x16

2018-06-05 14:37:00,753 INFO 920: POS,0,C90C,3.91,1.00,0.04,0,x17

2018-06-05 14:37:00,853 INFO 921: POS,0,C90C,3.92,1.09,0.02,99,x18

2018-06-05 14:37:00,953 INFO 922: POS,0,C90C,3.94,1.12,0.00,100,x19

2018-06-05 14:37:01,053 INFO 923: POS,0,C90C,3.96,1.18,0.00,100,x1A

2018-06-05 14:37:01,153 INFO 924: POS,0,C90C,3.93,1.19,-0.07,50,x1B

2018-06-05 14:37:01,253 INFO 925: POS,0,C90C,3.95,1.17,-0.06,100,x1C

2018-06-05 14:37:01,353 INFO 926: POS,0,C90C,3.94,1.23,-0.09,100,x1D

2018-06-05 14:37:01,453 INFO 927: POS,0,C90C,3.97,1.20,-0.06,100,x1E

2018-06-05 14:37:01,653 INFO 929: POS,0,C90C,4.00,1.22,-0.03,100,x20

2018-06-05 14:37:01,754 INFO 930: POS,0,C90C,3.99,1.25,-0.03,100,x21

2018-06-05 14:37:01,853 INFO 931: POS,0,C90C,4.00,1.27,-0.02,100,x22

2018-06-05 14:37:01,953 INFO 932: POS,0,C90C,4.00,1.32,-0.01,100,x23

2018-06-05 14:37:02,053 INFO 933: POS,0,C90C,3.99,1.34,-0.01,100,x24

2018-06-05 14:37:02,154 INFO 934: POS,0,C90C,4.02,1.35,-0.01,100,x25

2018-06-05 14:37:02,250 INFO 935: POS,0,C90C,3.99,1.38,-0.04,100,x26

2018-06-05 14:37:02,350 INFO 936: POS,0,C90C,4.01,1.36,-0.04,50,x27

