2018-06-05 14:19:54,649 INFO 3:  DWM1001 TWR Real Time Location System

2018-06-05 14:19:54,655 INFO 5:  Copyright :  2016-2017 LEAPS and Decawave

2018-06-05 14:19:54,666 INFO 7:  Compiled  :  Nov 29 2017 13:35:02

2018-06-05 14:19:54,670 INFO 9:  Help      :  ? or help

2018-06-05 14:19:54,680 INFO 13: POS,0,C90C,4.05,1.18,0.03,100,xFF

2018-06-05 14:19:54,684 INFO 14: POS,0,C90C,4.05,1.18,0.03,100,x00

2018-06-05 14:19:54,688 INFO 15: POS,0,C90C,4.06,1.17,0.02,100,x01

2018-06-05 14:19:54,692 INFO 16: POS,0,C90C,4.06,1.16,0.02,100,x02

2018-06-05 14:19:54,746 INFO 17: POS,0,C90C,4.05,1.16,0.02,100,x03

2018-06-05 14:19:54,846 INFO 18: POS,0,C90C,4.06,1.15,0.02,100,x04

2018-06-05 14:19:54,946 INFO 19: POS,0,C90C,4.06,1.15,0.03,100,x05

2018-06-05 14:19:55,046 INFO 20: POS,0,C90C,4.07,1.16,0.02,100,x06

2018-06-05 14:19:55,145 INFO 21: POS,0,C90C,4.06,1.16,0.02,100,x07

2018-06-05 14:19:55,245 INFO 22: POS,0,C90C,4.06,1.17,0.03,100,x08

2018-06-05 14:19:55,345 INFO 23: POS,0,C90C,4.08,1.17,0.03,100,x09

2018-06-05 14:19:55,445 INFO 24: POS,0,C90C,4.06,1.18,0.03,100,x0A

2018-06-05 14:19:55,545 INFO 25: POS,0,C90C,4.06,1.17,0.02,100,x0B

2018-06-05 14:19:55,645 INFO 26: POS,0,C90C,4.06,1.17,0.03,100,x0C

2018-06-05 14:19:55,745 INFO 27: POS,0,C90C,4.07,1.16,0.02,100,x0D

2018-06-05 14:19:55,845 INFO 28: POS,0,C90C,4.06,1.17,0.02,100,x0E

2018-06-05 14:19:55,945 INFO 29: POS,0,C90C,4.06,1.17,0.02,100,x0F

2018-06-05 14:19:56,145 INFO 31: POS,0,C90C,4.06,1.16,0.02,100,x11

2018-06-05 14:19:56,245 INFO 32: POS,0,C90C,4.06,1.17,0.02,100,x12

2018-06-05 14:19:56,345 INFO 33: POS,0,C90C,4.06,1.17,0.03,100,x13

2018-06-05 14:19:56,445 INFO 34: POS,0,C90C,4.07,1.16,0.02,100,x14

2018-06-05 14:19:56,545 INFO 35: POS,0,C90C,4.06,1.16,0.02,100,x15

2018-06-05 14:19:56,645 INFO 36: POS,0,C90C,4.07,1.16,0.02,100,x16

2018-06-05 14:19:56,745 INFO 37: POS,0,C90C,4.06,1.17,0.02,100,x17

2018-06-05 14:19:56,845 INFO 38: POS,0,C90C,4.06,1.17,0.01,100,x18

2018-06-05 14:19:56,945 INFO 39: POS,0,C90C,4.05,1.18,0.02,100,x19

2018-06-05 14:19:57,045 INFO 40: POS,0,C90C,4.04,1.18,0.02,100,x1A

2018-06-05 14:19:57,145 INFO 41: POS,0,C90C,4.04,1.17,0.03,100,x1B

2018-06-05 14:19:57,245 INFO 42: POS,0,C90C,4.05,1.17,0.03,100,x1C

2018-06-05 14:19:57,345 INFO 43: POS,0,C90C,4.05,1.17,0.02,100,x1D

2018-06-05 14:19:57,445 INFO 44: POS,0,C90C,4.06,1.17,0.01,100,x1E

2018-06-05 14:19:57,545 INFO 45: POS,0,C90C,4.06,1.17,0.01,100,x1F

2018-06-05 14:19:57,645 INFO 46: POS,0,C90C,4.06,1.16,-0.00,100,x20

2018-06-05 14:19:57,745 INFO 47: POS,0,C90C,4.06,1.15,-0.00,100,x21

2018-06-05 14:19:57,845 INFO 48: POS,0,C90C,4.07,1.15,-0.00,100,x22

2018-06-05 14:19:57,945 INFO 49: POS,0,C90C,4.07,1.14,-0.01,100,x23

2018-06-05 14:19:58,045 INFO 50: POS,0,C90C,4.07,1.12,-0.01,100,x24

2018-06-05 14:19:58,145 INFO 51: POS,0,C90C,4.08,1.12,-0.01,100,x25

2018-06-05 14:19:58,245 INFO 52: POS,0,C90C,4.07,1.11,-0.01,100,x26

2018-06-05 14:19:58,345 INFO 53: POS,0,C90C,4.07,1.12,-0.01,100,x27

2018-06-05 14:19:58,445 INFO 54: POS,0,C90C,4.08,1.13,-0.00,100,x28

2018-06-05 14:19:58,545 INFO 55: POS,0,C90C,4.08,1.13,-0.01,100,x29

2018-06-05 14:19:58,645 INFO 56: POS,0,C90C,4.08,1.12,-0.00,100,x2A

2018-06-05 14:19:58,745 INFO 57: POS,0,C90C,4.08,1.12,0.00,100,x2B

2018-06-05 14:19:58,845 INFO 58: POS,0,C90C,4.08,1.13,0.01,100,x2C

2018-06-05 14:19:58,945 INFO 59: POS,0,C90C,4.08,1.11,0.01,100,x2D

2018-06-05 14:19:59,045 INFO 60: POS,0,C90C,4.08,1.13,0.01,100,x2E

2018-06-05 14:19:59,145 INFO 61: POS,0,C90C,4.08,1.14,0.02,100,x2F

2018-06-05 14:19:59,245 INFO 62: POS,0,C90C,4.08,1.12,0.02,100,x30

2018-06-05 14:19:59,345 INFO 63: POS,0,C90C,4.08,1.12,0.02,100,x31

2018-06-05 14:19:59,445 INFO 64: POS,0,C90C,4.07,1.11,0.03,100,x32

2018-06-05 14:19:59,545 INFO 65: POS,0,C90C,4.07,1.13,0.03,100,x33

2018-06-05 14:19:59,645 INFO 66: POS,0,C90C,4.08,1.12,0.02,100,x34

2018-06-05 14:19:59,745 INFO 67: POS,0,C90C,4.08,1.12,0.02,100,x35

2018-06-05 14:19:59,845 INFO 68: POS,0,C90C,4.08,1.13,0.02,100,x36

2018-06-05 14:19:59,945 INFO 69: POS,0,C90C,4.08,1.14,0.02,100,x37

2018-06-05 14:20:00,045 INFO 70: POS,0,C90C,4.08,1.13,0.01,100,x38

2018-06-05 14:20:00,145 INFO 71: POS,0,C90C,4.07,1.14,0.02,100,x39

2018-06-05 14:20:00,245 INFO 72: POS,0,C90C,4.08,1.14,0.02,100,x3A

2018-06-05 14:20:00,345 INFO 73: POS,0,C90C,4.07,1.13,0.01,100,x3B

2018-06-05 14:20:00,445 INFO 74: POS,0,C90C,4.07,1.13,0.01,100,x3C

2018-06-05 14:20:00,545 INFO 75: POS,0,C90C,4.06,1.14,0.00,100,x3D

2018-06-05 14:20:00,645 INFO 76: POS,0,C90C,4.07,1.14,0.01,100,x3E

2018-06-05 14:20:00,745 INFO 77: POS,0,C90C,4.07,1.14,0.01,100,x3F

2018-06-05 14:20:00,845 INFO 78: POS,0,C90C,4.08,1.15,0.02,100,x40

2018-06-05 14:20:00,945 INFO 79: POS,0,C90C,4.08,1.14,0.02,100,x41

2018-06-05 14:20:01,045 INFO 80: POS,0,C90C,4.07,1.14,0.03,100,x42

2018-06-05 14:20:01,145 INFO 81: POS,0,C90C,4.07,1.14,0.02,100,x43

2018-06-05 14:20:01,245 INFO 82: POS,0,C90C,4.08,1.14,0.02,100,x44

2018-06-05 14:20:01,345 INFO 83: POS,0,C90C,4.07,1.16,0.03,100,x45

2018-06-05 14:20:01,445 INFO 84: POS,0,C90C,4.07,1.17,0.02,100,x46

2018-06-05 14:20:01,545 INFO 85: POS,0,C90C,4.06,1.16,0.03,100,x47

2018-06-05 14:20:01,645 INFO 86: POS,0,C90C,4.06,1.15,0.03,100,x48

2018-06-05 14:20:01,745 INFO 87: POS,0,C90C,4.06,1.15,0.02,100,x49

2018-06-05 14:20:01,845 INFO 88: POS,0,C90C,4.07,1.13,0.02,100,x4A

2018-06-05 14:20:01,945 INFO 89: POS,0,C90C,4.07,1.13,0.02,100,x4B

2018-06-05 14:20:02,045 INFO 90: POS,0,C90C,4.07,1.12,0.01,100,x4C

2018-06-05 14:20:02,145 INFO 91: POS,0,C90C,4.07,1.12,0.01,100,x4D

2018-06-05 14:20:02,245 INFO 92: POS,0,C90C,4.07,1.13,0.03,100,x4E

2018-06-05 14:20:02,345 INFO 93: POS,0,C90C,4.07,1.13,0.02,100,x4F

2018-06-05 14:20:02,445 INFO 94: POS,0,C90C,4.03,1.21,-0.01,50,x50

2018-06-05 14:20:02,545 INFO 95: POS,0,C90C,4.04,1.19,-0.01,100,x51

2018-06-05 14:20:02,645 INFO 96: POS,0,C90C,4.05,1.18,0.00,100,x52

2018-06-05 14:20:02,745 INFO 97: POS,0,C90C,4.06,1.16,0.01,100,x53

2018-06-05 14:20:02,845 INFO 98: POS,0,C90C,4.05,1.17,0.01,100,x54

2018-06-05 14:20:02,945 INFO 99: POS,0,C90C,4.05,1.17,0.02,100,x55

2018-06-05 14:20:03,045 INFO 100: POS,0,C90C,4.05,1.17,0.01,100,x56

2018-06-05 14:20:03,145 INFO 101: POS,0,C90C,4.04,1.18,0.01,100,x57

2018-06-05 14:20:03,245 INFO 102: POS,0,C90C,4.05,1.18,0.02,100,x58

2018-06-05 14:20:03,345 INFO 103: POS,0,C90C,4.04,1.19,0.02,100,x59

2018-06-05 14:20:03,445 INFO 104: POS,0,C90C,4.04,1.19,0.02,100,x5A

2018-06-05 14:20:03,545 INFO 105: POS,0,C90C,4.04,1.18,0.02,100,x5B

2018-06-05 14:20:03,645 INFO 106: POS,0,C90C,4.04,1.18,0.03,100,x5C

2018-06-05 14:20:03,745 INFO 107: POS,0,C90C,4.05,1.17,0.03,100,x5D

2018-06-05 14:20:03,845 INFO 108: POS,0,C90C,4.05,1.16,0.03,100,x5E

2018-06-05 14:20:03,945 INFO 109: POS,0,C90C,4.05,1.16,0.02,100,x5F

2018-06-05 14:20:04,045 INFO 110: POS,0,C90C,4.04,1.16,0.03,100,x60

2018-06-05 14:20:04,145 INFO 111: POS,0,C90C,4.05,1.16,0.03,100,x61

2018-06-05 14:20:04,245 INFO 112: POS,0,C90C,4.05,1.14,0.02,100,x62

2018-06-05 14:20:04,345 INFO 113: POS,0,C90C,4.06,1.15,0.02,100,x63

2018-06-05 14:20:04,445 INFO 114: POS,0,C90C,4.07,1.14,0.02,100,x64

2018-06-05 14:20:04,545 INFO 115: POS,0,C90C,4.07,1.13,0.03,100,x65

2018-06-05 14:20:04,645 INFO 116: POS,0,C90C,4.07,1.14,0.03,100,x66

2018-06-05 14:20:04,745 INFO 117: POS,0,C90C,4.07,1.15,0.02,100,x67

2018-06-05 14:20:04,845 INFO 118: POS,0,C90C,4.06,1.15,0.02,100,x68

2018-06-05 14:20:04,945 INFO 119: POS,0,C90C,4.06,1.17,0.02,100,x69

2018-06-05 14:20:05,045 INFO 120: POS,0,C90C,4.07,1.17,0.02,100,x6A

2018-06-05 14:20:05,145 INFO 121: POS,0,C90C,4.07,1.17,0.01,100,x6B

2018-06-05 14:20:05,245 INFO 122: POS,0,C90C,4.08,1.15,0.01,100,x6C

2018-06-05 14:20:05,345 INFO 123: POS,0,C90C,4.07,1.17,0.00,100,x6D

2018-06-05 14:20:05,445 INFO 124: POS,0,C90C,4.06,1.17,0.00,100,x6E

2018-06-05 14:20:05,545 INFO 125: POS,0,C90C,4.04,1.17,0.01,100,x6F

2018-06-05 14:20:05,645 INFO 126: POS,0,C90C,4.05,1.17,0.02,100,x70

2018-06-05 14:20:05,745 INFO 127: POS,0,C90C,4.05,1.17,0.03,100,x71

2018-06-05 14:20:05,845 INFO 128: POS,0,C90C,4.05,1.16,0.02,100,x72

2018-06-05 14:20:05,945 INFO 129: POS,0,C90C,4.05,1.16,0.02,100,x73

2018-06-05 14:20:06,045 INFO 130: POS,0,C90C,4.06,1.15,0.02,100,x74

2018-06-05 14:20:06,145 INFO 131: POS,0,C90C,4.07,1.14,0.02,100,x75

2018-06-05 14:20:06,245 INFO 132: POS,0,C90C,4.07,1.14,0.01,100,x76

2018-06-05 14:20:06,345 INFO 133: POS,0,C90C,4.07,1.15,0.00,100,x77

2018-06-05 14:20:06,445 INFO 134: POS,0,C90C,4.06,1.15,0.01,100,x78

2018-06-05 14:20:06,545 INFO 135: POS,0,C90C,4.07,1.14,0.01,100,x79

2018-06-05 14:20:06,645 INFO 136: POS,0,C90C,4.06,1.13,0.02,100,x7A

2018-06-05 14:20:06,745 INFO 137: POS,0,C90C,4.04,1.15,0.02,100,x7B

2018-06-05 14:20:06,845 INFO 138: POS,0,C90C,4.04,1.17,0.03,100,x7C

2018-06-05 14:20:06,947 INFO 139: POS,0,C90C,4.05,1.16,0.02,100,x7D

2018-06-05 14:20:07,047 INFO 140: POS,0,C90C,4.04,1.17,0.02,100,x7E

2018-06-05 14:20:07,147 INFO 141: POS,0,C90C,4.05,1.18,0.02,100,x7F

2018-06-05 14:20:07,247 INFO 142: POS,0,C90C,4.05,1.18,0.02,100,x80

2018-06-05 14:20:07,347 INFO 143: POS,0,C90C,4.06,1.19,0.03,100,x81

2018-06-05 14:20:07,447 INFO 144: POS,0,C90C,4.06,1.18,0.03,100,x82

2018-06-05 14:20:07,547 INFO 145: POS,0,C90C,4.07,1.15,0.03,100,x83

2018-06-05 14:20:07,647 INFO 146: POS,0,C90C,4.07,1.16,0.03,100,x84

2018-06-05 14:20:07,747 INFO 147: POS,0,C90C,4.07,1.15,0.03,100,x85

2018-06-05 14:20:07,847 INFO 148: POS,0,C90C,4.07,1.17,0.03,100,x86

2018-06-05 14:20:07,947 INFO 149: POS,0,C90C,4.07,1.17,0.04,100,x87

2018-06-05 14:20:08,047 INFO 150: POS,0,C90C,4.07,1.19,0.04,100,x88

2018-06-05 14:20:08,147 INFO 151: POS,0,C90C,4.07,1.17,0.03,100,x89

2018-06-05 14:20:08,247 INFO 152: POS,0,C90C,4.06,1.17,0.02,100,x8A

2018-06-05 14:20:08,347 INFO 153: POS,0,C90C,4.07,1.17,0.03,100,x8B

2018-06-05 14:20:08,447 INFO 154: POS,0,C90C,4.07,1.18,0.04,100,x8C

2018-06-05 14:20:08,547 INFO 155: POS,0,C90C,4.06,1.17,0.04,100,x8D

2018-06-05 14:20:08,647 INFO 156: POS,0,C90C,4.06,1.16,0.04,100,x8E

2018-06-05 14:20:08,747 INFO 157: POS,0,C90C,4.06,1.16,0.04,100,x8F

2018-06-05 14:20:08,847 INFO 158: POS,0,C90C,4.06,1.16,0.03,100,x90

2018-06-05 14:20:08,947 INFO 159: POS,0,C90C,4.07,1.16,0.02,100,x91

2018-06-05 14:20:09,047 INFO 160: POS,0,C90C,4.07,1.17,0.03,100,x92

2018-06-05 14:20:09,147 INFO 161: POS,0,C90C,4.05,1.18,0.03,100,x93

2018-06-05 14:20:09,247 INFO 162: POS,0,C90C,4.06,1.19,0.03,100,x94

2018-06-05 14:20:09,347 INFO 163: POS,0,C90C,4.06,1.19,0.03,100,x95

2018-06-05 14:20:09,447 INFO 164: POS,0,C90C,4.06,1.18,0.03,100,x96

2018-06-05 14:20:09,547 INFO 165: POS,0,C90C,4.06,1.16,0.04,100,x97

2018-06-05 14:20:09,647 INFO 166: POS,0,C90C,4.06,1.17,0.03,100,x98

2018-06-05 14:20:09,747 INFO 167: POS,0,C90C,4.06,1.17,0.03,100,x99

2018-06-05 14:20:09,847 INFO 168: POS,0,C90C,4.07,1.16,0.03,100,x9A

2018-06-05 14:20:09,947 INFO 169: POS,0,C90C,4.07,1.16,0.03,100,x9B

2018-06-05 14:20:10,047 INFO 170: POS,0,C90C,4.07,1.14,0.02,100,x9C

2018-06-05 14:20:10,147 INFO 171: POS,0,C90C,4.07,1.15,0.03,100,x9D

2018-06-05 14:20:10,247 INFO 172: POS,0,C90C,4.06,1.15,0.03,100,x9E

2018-06-05 14:20:10,347 INFO 173: POS,0,C90C,4.04,1.17,0.03,100,x9F

2018-06-05 14:20:10,447 INFO 174: POS,0,C90C,4.05,1.17,0.03,100,xA0

2018-06-05 14:20:10,547 INFO 175: POS,0,C90C,4.05,1.18,0.03,100,xA1

2018-06-05 14:20:10,647 INFO 176: POS,0,C90C,4.05,1.18,0.03,100,xA2

2018-06-05 14:20:10,745 INFO 177: POS,0,C90C,4.04,1.18,0.03,100,xA3

2018-06-05 14:20:10,845 INFO 178: POS,0,C90C,4.03,1.19,0.03,100,xA4

2018-06-05 14:20:10,945 INFO 179: POS,0,C90C,4.03,1.20,0.04,100,xA5

2018-06-05 14:20:11,045 INFO 180: POS,0,C90C,4.03,1.22,0.05,100,xA6

2018-06-05 14:20:11,145 INFO 181: POS,0,C90C,4.03,1.24,0.06,100,xA7

2018-06-05 14:20:11,245 INFO 182: POS,0,C90C,4.03,1.25,0.07,100,xA8

2018-06-05 14:20:11,345 INFO 183: POS,0,C90C,4.03,1.25,0.07,100,xA9

2018-06-05 14:20:11,445 INFO 184: POS,0,C90C,4.03,1.26,0.08,100,xAA

2018-06-05 14:20:11,545 INFO 185: POS,0,C90C,4.03,1.27,0.09,100,xAB

2018-06-05 14:20:11,645 INFO 186: POS,0,C90C,4.03,1.27,0.08,100,xAC

2018-06-05 14:20:11,745 INFO 187: POS,0,C90C,4.03,1.28,0.09,100,xAD

2018-06-05 14:20:11,845 INFO 188: POS,0,C90C,4.04,1.29,0.10,100,xAE

2018-06-05 14:20:11,945 INFO 189: POS,0,C90C,4.04,1.29,0.10,100,xAF

2018-06-05 14:20:12,045 INFO 190: POS,0,C90C,4.03,1.28,0.09,100,xB0

2018-06-05 14:20:12,145 INFO 191: POS,0,C90C,4.03,1.29,0.10,100,xB1

2018-06-05 14:20:12,245 INFO 192: POS,0,C90C,4.03,1.29,0.09,100,xB2

2018-06-05 14:20:12,345 INFO 193: POS,0,C90C,4.03,1.29,0.09,100,xB3

2018-06-05 14:20:12,445 INFO 194: POS,0,C90C,4.03,1.31,0.09,100,xB4

2018-06-05 14:20:12,545 INFO 195: POS,0,C90C,4.02,1.30,0.08,100,xB5

2018-06-05 14:20:12,645 INFO 196: POS,0,C90C,4.02,1.31,0.10,50,xB6

2018-06-05 14:20:12,745 INFO 197: POS,0,C90C,4.02,1.31,0.10,100,xB7

2018-06-05 14:20:12,845 INFO 198: POS,0,C90C,4.04,1.29,0.09,100,xB8

2018-06-05 14:20:12,945 INFO 199: POS,0,C90C,4.05,1.28,0.09,100,xB9

2018-06-05 14:20:13,045 INFO 200: POS,0,C90C,4.05,1.28,0.10,100,xBA

2018-06-05 14:20:13,145 INFO 201: POS,0,C90C,4.04,1.28,0.10,100,xBB

2018-06-05 14:20:13,246 INFO 202: POS,0,C90C,4.04,1.28,0.10,100,xBC

2018-06-05 14:20:13,347 INFO 203: POS,0,C90C,4.04,1.27,0.09,100,xBD

2018-06-05 14:20:13,447 INFO 204: POS,0,C90C,4.04,1.28,0.09,100,xBE

2018-06-05 14:20:13,547 INFO 205: POS,0,C90C,4.05,1.27,0.09,100,xBF

2018-06-05 14:20:13,647 INFO 206: POS,0,C90C,4.04,1.28,0.10,100,xC0

2018-06-05 14:20:13,747 INFO 207: POS,0,C90C,4.04,1.29,0.09,100,xC1

2018-06-05 14:20:13,847 INFO 208: POS,0,C90C,4.05,1.29,0.09,100,xC2

2018-06-05 14:20:13,947 INFO 209: POS,0,C90C,4.04,1.29,0.09,100,xC3

2018-06-05 14:20:14,047 INFO 210: POS,0,C90C,4.03,1.29,0.09,100,xC4

2018-06-05 14:20:14,147 INFO 211: POS,0,C90C,4.03,1.30,0.09,100,xC5

2018-06-05 14:20:14,247 INFO 212: POS,0,C90C,4.04,1.30,0.08,100,xC6

2018-06-05 14:20:14,347 INFO 213: POS,0,C90C,4.04,1.29,0.09,100,xC7

2018-06-05 14:20:14,447 INFO 214: POS,0,C90C,4.03,1.29,0.09,100,xC8

2018-06-05 14:20:14,547 INFO 215: POS,0,C90C,4.04,1.29,0.08,100,xC9

2018-06-05 14:20:14,647 INFO 216: POS,0,C90C,4.05,1.28,0.08,100,xCA

2018-06-05 14:20:14,747 INFO 217: POS,0,C90C,4.06,1.26,0.08,100,xCB

2018-06-05 14:20:14,847 INFO 218: POS,0,C90C,4.07,1.24,0.07,100,xCC

2018-06-05 14:20:14,947 INFO 219: POS,0,C90C,4.08,1.25,0.08,100,xCD

2018-06-05 14:20:15,047 INFO 220: POS,0,C90C,4.06,1.27,0.08,100,xCE

2018-06-05 14:20:15,147 INFO 221: POS,0,C90C,4.06,1.27,0.09,100,xCF

2018-06-05 14:20:15,247 INFO 222: POS,0,C90C,4.05,1.27,0.09,100,xD0

2018-06-05 14:20:15,347 INFO 223: POS,0,C90C,4.04,1.28,0.09,100,xD1

2018-06-05 14:20:15,447 INFO 224: POS,0,C90C,4.03,1.27,0.08,100,xD2

2018-06-05 14:20:15,547 INFO 225: POS,0,C90C,4.03,1.27,0.08,100,xD3

2018-06-05 14:20:15,647 INFO 226: POS,0,C90C,4.03,1.26,0.09,100,xD4

2018-06-05 14:20:15,747 INFO 227: POS,0,C90C,4.01,1.27,0.10,50,xD5

2018-06-05 14:20:15,847 INFO 228: POS,0,C90C,4.02,1.28,0.10,100,xD6

2018-06-05 14:20:15,947 INFO 229: POS,0,C90C,4.03,1.27,0.08,100,xD7

2018-06-05 14:20:16,047 INFO 230: POS,0,C90C,4.03,1.29,0.08,100,xD8

2018-06-05 14:20:16,147 INFO 231: POS,0,C90C,4.03,1.29,0.08,100,xD9

2018-06-05 14:20:16,247 INFO 232: POS,0,C90C,4.02,1.29,0.07,100,xDA

2018-06-05 14:20:16,347 INFO 233: POS,0,C90C,4.03,1.30,0.07,100,xDB

2018-06-05 14:20:16,447 INFO 234: POS,0,C90C,4.03,1.29,0.08,100,xDC

2018-06-05 14:20:16,545 INFO 235: POS,0,C90C,4.02,1.30,0.08,100,xDD

2018-06-05 14:20:16,645 INFO 236: POS,0,C90C,4.03,1.31,0.09,100,xDE

2018-06-05 14:20:16,745 INFO 237: POS,0,C90C,4.03,1.30,0.09,100,xDF

2018-06-05 14:20:16,845 INFO 238: POS,0,C90C,4.02,1.29,0.08,100,xE0

2018-06-05 14:20:16,945 INFO 239: POS,0,C90C,4.02,1.29,0.08,100,xE1

2018-06-05 14:20:17,045 INFO 240: POS,0,C90C,4.01,1.29,0.08,100,xE2

2018-06-05 14:20:17,145 INFO 241: POS,0,C90C,4.03,1.27,0.07,100,xE3

2018-06-05 14:20:17,245 INFO 242: POS,0,C90C,4.04,1.24,0.07,100,xE4

2018-06-05 14:20:17,345 INFO 243: POS,0,C90C,4.03,1.25,0.07,100,xE5

2018-06-05 14:20:17,445 INFO 244: POS,0,C90C,4.03,1.25,0.08,100,xE6

2018-06-05 14:20:17,545 INFO 245: POS,0,C90C,4.03,1.25,0.08,100,xE7

2018-06-05 14:20:17,645 INFO 246: POS,0,C90C,4.03,1.26,0.07,100,xE8

2018-06-05 14:20:17,745 INFO 247: POS,0,C90C,4.03,1.28,0.08,100,xE9

2018-06-05 14:20:17,845 INFO 248: POS,0,C90C,4.03,1.27,0.08,100,xEA

2018-06-05 14:20:17,945 INFO 249: POS,0,C90C,4.03,1.26,0.09,100,xEB

2018-06-05 14:20:18,045 INFO 250: POS,0,C90C,4.03,1.26,0.09,100,xEC

2018-06-05 14:20:18,145 INFO 251: POS,0,C90C,4.05,1.25,0.08,100,xED

2018-06-05 14:20:18,245 INFO 252: POS,0,C90C,4.04,1.27,0.09,100,xEE

2018-06-05 14:20:18,345 INFO 253: POS,0,C90C,4.05,1.27,0.09,100,xEF

2018-06-05 14:20:18,445 INFO 254: POS,0,C90C,4.05,1.27,0.09,100,xF0

2018-06-05 14:20:18,545 INFO 255: POS,0,C90C,4.04,1.25,0.10,100,xF1

2018-06-05 14:20:18,645 INFO 256: POS,0,C90C,4.04,1.25,0.10,100,xF2

2018-06-05 14:20:18,745 INFO 257: POS,0,C90C,4.04,1.23,0.10,100,xF3

2018-06-05 14:20:18,845 INFO 258: POS,0,C90C,4.03,1.23,0.09,100,xF4

2018-06-05 14:20:18,945 INFO 259: POS,0,C90C,4.03,1.24,0.09,100,xF5

2018-06-05 14:20:19,045 INFO 260: POS,0,C90C,4.04,1.24,0.09,100,xF6

2018-06-05 14:20:19,145 INFO 261: POS,0,C90C,4.03,1.24,0.09,100,xF7

2018-06-05 14:20:19,245 INFO 262: POS,0,C90C,4.03,1.26,0.10,100,xF8

2018-06-05 14:20:19,345 INFO 263: POS,0,C90C,4.02,1.26,0.11,100,xF9

2018-06-05 14:20:19,445 INFO 264: POS,0,C90C,4.03,1.27,0.10,100,xFA

2018-06-05 14:20:19,545 INFO 265: POS,0,C90C,4.04,1.28,0.10,100,xFB

2018-06-05 14:20:19,645 INFO 266: POS,0,C90C,4.03,1.28,0.11,100,xFC

2018-06-05 14:20:19,745 INFO 267: POS,0,C90C,4.04,1.28,0.11,100,xFD

2018-06-05 14:20:19,845 INFO 268: POS,0,C90C,4.03,1.30,0.11,100,xFE

2018-06-05 14:20:19,945 INFO 269: POS,0,C90C,4.02,1.29,0.11,100,xFF

2018-06-05 14:20:20,045 INFO 270: POS,0,C90C,4.03,1.29,0.11,100,x00

2018-06-05 14:20:20,145 INFO 271: POS,0,C90C,4.03,1.28,0.10,100,x01

2018-06-05 14:20:20,245 INFO 272: POS,0,C90C,4.02,1.29,0.10,100,x02

2018-06-05 14:20:20,345 INFO 273: POS,0,C90C,4.03,1.30,0.09,100,x03

2018-06-05 14:20:20,445 INFO 274: POS,0,C90C,4.03,1.30,0.10,100,x04

2018-06-05 14:20:20,545 INFO 275: POS,0,C90C,4.03,1.31,0.10,100,x05

2018-06-05 14:20:20,645 INFO 276: POS,0,C90C,4.03,1.32,0.10,100,x06

2018-06-05 14:20:20,745 INFO 277: POS,0,C90C,4.03,1.33,0.11,96,x07

2018-06-05 14:20:20,845 INFO 278: POS,0,C90C,4.02,1.32,0.11,100,x08

2018-06-05 14:20:20,945 INFO 279: POS,0,C90C,4.02,1.34,0.11,98,x09

2018-06-05 14:20:21,045 INFO 280: POS,0,C90C,4.02,1.33,0.11,100,x0A

2018-06-05 14:20:21,145 INFO 281: POS,0,C90C,4.02,1.33,0.10,100,x0B

2018-06-05 14:20:21,245 INFO 282: POS,0,C90C,4.02,1.32,0.11,100,x0C

2018-06-05 14:20:21,345 INFO 283: POS,0,C90C,4.02,1.32,0.10,100,x0D

2018-06-05 14:20:21,445 INFO 284: POS,0,C90C,4.03,1.32,0.11,100,x0E

2018-06-05 14:20:21,545 INFO 285: POS,0,C90C,4.03,1.31,0.11,100,x0F

2018-06-05 14:20:21,645 INFO 286: POS,0,C90C,4.03,1.32,0.11,100,x10

2018-06-05 14:20:21,745 INFO 287: POS,0,C90C,4.03,1.31,0.11,100,x11

2018-06-05 14:20:21,845 INFO 288: POS,0,C90C,4.03,1.31,0.12,100,x12

2018-06-05 14:20:21,945 INFO 289: POS,0,C90C,4.03,1.30,0.12,100,x13

2018-06-05 14:20:22,045 INFO 290: POS,0,C90C,4.02,1.30,0.11,100,x14

2018-06-05 14:20:22,145 INFO 291: POS,0,C90C,4.03,1.29,0.11,100,x15

2018-06-05 14:20:22,245 INFO 292: POS,0,C90C,4.02,1.33,0.09,50,x16

2018-06-05 14:20:22,345 INFO 293: POS,0,C90C,4.02,1.30,0.09,100,x17

2018-06-05 14:20:22,445 INFO 294: POS,0,C90C,4.02,1.30,0.10,100,x18

2018-06-05 14:20:22,545 INFO 295: POS,0,C90C,4.02,1.31,0.10,100,x19

2018-06-05 14:20:22,645 INFO 296: POS,0,C90C,4.02,1.29,0.09,100,x1A

2018-06-05 14:20:22,745 INFO 297: POS,0,C90C,4.02,1.29,0.10,100,x1B

2018-06-05 14:20:22,845 INFO 298: POS,0,C90C,4.03,1.28,0.11,100,x1C

2018-06-05 14:20:22,945 INFO 299: POS,0,C90C,4.03,1.30,0.11,100,x1D

2018-06-05 14:20:23,045 INFO 300: POS,0,C90C,4.03,1.30,0.12,100,x1E

2018-06-05 14:20:23,145 INFO 301: POS,0,C90C,4.03,1.28,0.12,100,x1F

2018-06-05 14:20:23,245 INFO 302: POS,0,C90C,4.03,1.28,0.13,100,x20

2018-06-05 14:20:23,345 INFO 303: POS,0,C90C,4.05,1.25,0.12,100,x21

2018-06-05 14:20:23,445 INFO 304: POS,0,C90C,4.05,1.24,0.11,100,x22

2018-06-05 14:20:23,545 INFO 305: POS,0,C90C,4.05,1.23,0.10,100,x23

2018-06-05 14:20:23,645 INFO 306: POS,0,C90C,4.04,1.21,0.09,100,x24

2018-06-05 14:20:23,745 INFO 307: POS,0,C90C,4.05,1.20,0.08,100,x25

2018-06-05 14:20:23,845 INFO 308: POS,0,C90C,4.05,1.19,0.07,100,x26

2018-06-05 14:20:23,945 INFO 309: POS,0,C90C,4.05,1.18,0.06,100,x27

2018-06-05 14:20:24,045 INFO 310: POS,0,C90C,4.05,1.18,0.05,100,x28

2018-06-05 14:20:24,145 INFO 311: POS,0,C90C,4.05,1.17,0.05,100,x29

2018-06-05 14:20:24,245 INFO 312: POS,0,C90C,4.07,1.15,0.03,100,x2A

2018-06-05 14:20:24,345 INFO 313: POS,0,C90C,4.06,1.15,0.02,100,x2B

2018-06-05 14:20:24,445 INFO 314: POS,0,C90C,4.04,1.16,0.02,100,x2C

2018-06-05 14:20:24,545 INFO 315: POS,0,C90C,4.05,1.16,0.01,100,x2D

2018-06-05 14:20:24,645 INFO 316: POS,0,C90C,4.04,1.17,0.02,100,x2E

2018-06-05 14:20:24,745 INFO 317: POS,0,C90C,4.05,1.17,0.03,100,x2F

2018-06-05 14:20:24,845 INFO 318: POS,0,C90C,4.05,1.17,0.03,100,x30

2018-06-05 14:20:24,945 INFO 319: POS,0,C90C,4.06,1.17,0.03,100,x31

2018-06-05 14:20:25,045 INFO 320: POS,0,C90C,4.06,1.15,0.04,100,x32

2018-06-05 14:20:25,145 INFO 321: POS,0,C90C,4.06,1.15,0.04,100,x33

2018-06-05 14:20:25,245 INFO 322: POS,0,C90C,4.06,1.14,0.04,100,x34

2018-06-05 14:20:25,345 INFO 323: POS,0,C90C,4.06,1.16,0.04,100,x35

2018-06-05 14:20:25,445 INFO 324: POS,0,C90C,4.07,1.15,0.03,100,x36

2018-06-05 14:20:25,545 INFO 325: POS,0,C90C,4.08,1.15,0.03,100,x37

2018-06-05 14:20:25,645 INFO 326: POS,0,C90C,4.07,1.14,0.02,100,x38

2018-06-05 14:20:25,745 INFO 327: POS,0,C90C,4.07,1.15,0.03,100,x39

2018-06-05 14:20:25,845 INFO 328: POS,0,C90C,4.08,1.15,0.03,100,x3A

2018-06-05 14:20:25,945 INFO 329: POS,0,C90C,4.08,1.15,0.03,100,x3B

2018-06-05 14:20:26,045 INFO 330: POS,0,C90C,4.06,1.16,0.04,100,x3C

2018-06-05 14:20:26,145 INFO 331: POS,0,C90C,4.06,1.16,0.03,100,x3D

2018-06-05 14:20:26,245 INFO 332: POS,0,C90C,4.07,1.15,0.03,100,x3E

2018-06-05 14:20:26,345 INFO 333: POS,0,C90C,4.07,1.16,0.03,100,x3F

2018-06-05 14:20:26,445 INFO 334: POS,0,C90C,4.07,1.18,0.03,100,x40

2018-06-05 14:20:26,545 INFO 335: POS,0,C90C,4.08,1.16,0.02,100,x41

2018-06-05 14:20:26,645 INFO 336: POS,0,C90C,4.08,1.16,0.04,100,x42

2018-06-05 14:20:26,745 INFO 337: POS,0,C90C,4.08,1.15,0.03,100,x43

2018-06-05 14:20:26,845 INFO 338: POS,0,C90C,4.08,1.14,0.03,100,x44

2018-06-05 14:20:26,945 INFO 339: POS,0,C90C,4.08,1.13,0.03,100,x45

2018-06-05 14:20:27,045 INFO 340: POS,0,C90C,4.08,1.12,0.03,100,x46

2018-06-05 14:20:27,145 INFO 341: POS,0,C90C,4.08,1.12,0.03,100,x47

2018-06-05 14:20:27,245 INFO 342: POS,0,C90C,4.07,1.11,0.03,100,x48

2018-06-05 14:20:27,345 INFO 343: POS,0,C90C,4.07,1.10,0.03,100,x49

2018-06-05 14:20:27,445 INFO 344: POS,0,C90C,4.07,1.10,0.03,100,x4A

2018-06-05 14:20:27,545 INFO 345: POS,0,C90C,4.08,1.09,0.02,100,x4B

2018-06-05 14:20:27,645 INFO 346: POS,0,C90C,4.08,1.09,0.02,100,x4C

2018-06-05 14:20:27,745 INFO 347: POS,0,C90C,4.08,1.09,0.02,100,x4D

2018-06-05 14:20:27,845 INFO 348: POS,0,C90C,4.07,1.10,0.03,100,x4E

2018-06-05 14:20:27,945 INFO 349: POS,0,C90C,4.07,1.10,0.04,100,x4F

2018-06-05 14:20:28,045 INFO 350: POS,0,C90C,4.06,1.11,0.04,100,x50

2018-06-05 14:20:28,145 INFO 351: POS,0,C90C,4.06,1.12,0.04,100,x51

2018-06-05 14:20:28,245 INFO 352: POS,0,C90C,4.06,1.12,0.04,100,x52

2018-06-05 14:20:28,345 INFO 353: POS,0,C90C,4.07,1.12,0.03,100,x53

2018-06-05 14:20:28,445 INFO 354: POS,0,C90C,4.08,1.11,0.03,100,x54

2018-06-05 14:20:28,545 INFO 355: POS,0,C90C,4.07,1.13,0.03,100,x55

2018-06-05 14:20:28,645 INFO 356: POS,0,C90C,4.07,1.12,0.02,100,x56

2018-06-05 14:20:28,745 INFO 357: POS,0,C90C,4.08,1.12,0.02,100,x57

2018-06-05 14:20:28,845 INFO 358: POS,0,C90C,4.08,1.11,0.03,100,x58

2018-06-05 14:20:28,945 INFO 359: POS,0,C90C,4.07,1.12,0.02,100,x59

2018-06-05 14:20:29,045 INFO 360: POS,0,C90C,4.07,1.11,0.02,100,x5A

2018-06-05 14:20:29,145 INFO 361: POS,0,C90C,4.07,1.12,0.02,100,x5B

2018-06-05 14:20:29,245 INFO 362: POS,0,C90C,4.06,1.11,0.03,100,x5C

2018-06-05 14:20:29,345 INFO 363: POS,0,C90C,4.06,1.11,0.03,100,x5D

2018-06-05 14:20:29,445 INFO 364: POS,0,C90C,4.06,1.11,0.03,100,x5E

2018-06-05 14:20:29,545 INFO 365: POS,0,C90C,4.07,1.10,0.03,100,x5F

2018-06-05 14:20:29,645 INFO 366: POS,0,C90C,4.06,1.11,0.04,100,x60

2018-06-05 14:20:29,745 INFO 367: POS,0,C90C,4.07,1.11,0.04,100,x61

2018-06-05 14:20:29,845 INFO 368: POS,0,C90C,4.07,1.10,0.04,100,x62

2018-06-05 14:20:29,945 INFO 369: POS,0,C90C,4.07,1.09,0.03,100,x63

2018-06-05 14:20:30,045 INFO 370: POS,0,C90C,4.07,1.09,0.02,100,x64

2018-06-05 14:20:30,145 INFO 371: POS,0,C90C,4.08,1.08,0.01,100,x65

2018-06-05 14:20:30,245 INFO 372: POS,0,C90C,4.09,1.08,0.01,100,x66

2018-06-05 14:20:30,345 INFO 373: POS,0,C90C,4.08,1.09,0.00,100,x67

2018-06-05 14:20:30,445 INFO 374: POS,0,C90C,4.07,1.09,-0.00,100,x68

2018-06-05 14:20:30,545 INFO 375: POS,0,C90C,4.08,1.10,-0.01,100,x69

2018-06-05 14:20:30,645 INFO 376: POS,0,C90C,4.07,1.11,-0.00,100,x6A

2018-06-05 14:20:30,745 INFO 377: POS,0,C90C,4.08,1.11,0.00,100,x6B

2018-06-05 14:20:30,845 INFO 378: POS,0,C90C,4.07,1.11,-0.00,100,x6C

2018-06-05 14:20:30,945 INFO 379: POS,0,C90C,4.07,1.10,0.00,100,x6D

2018-06-05 14:20:31,045 INFO 380: POS,0,C90C,4.07,1.11,0.00,100,x6E

2018-06-05 14:20:31,145 INFO 381: POS,0,C90C,4.07,1.11,0.01,100,x6F

2018-06-05 14:20:31,245 INFO 382: POS,0,C90C,4.07,1.12,0.02,100,x70

2018-06-05 14:20:31,345 INFO 383: POS,0,C90C,4.06,1.12,0.02,100,x71

2018-06-05 14:20:31,445 INFO 384: POS,0,C90C,4.06,1.11,0.02,100,x72

2018-06-05 14:20:31,545 INFO 385: POS,0,C90C,4.06,1.10,0.02,100,x73

2018-06-05 14:20:31,645 INFO 386: POS,0,C90C,4.02,1.11,0.05,50,x74

2018-06-05 14:20:31,745 INFO 387: POS,0,C90C,4.03,1.11,0.05,100,x75

2018-06-05 14:20:31,845 INFO 388: POS,0,C90C,4.04,1.11,0.04,100,x76

2018-06-05 14:20:31,945 INFO 389: POS,0,C90C,4.05,1.11,0.03,100,x77

2018-06-05 14:20:32,045 INFO 390: POS,0,C90C,4.06,1.11,0.02,100,x78

2018-06-05 14:20:32,145 INFO 391: POS,0,C90C,4.07,1.10,0.02,100,x79

2018-06-05 14:20:32,245 INFO 392: POS,0,C90C,4.03,1.17,-0.00,50,x7A

2018-06-05 14:20:32,345 INFO 393: POS,0,C90C,4.03,1.15,-0.00,100,x7B

2018-06-05 14:20:32,445 INFO 394: POS,0,C90C,4.04,1.14,-0.00,100,x7C

2018-06-05 14:20:32,545 INFO 395: POS,0,C90C,4.03,1.15,0.01,100,x7D

2018-06-05 14:20:32,645 INFO 396: POS,0,C90C,4.02,1.16,0.02,100,x7E

2018-06-05 14:20:32,745 INFO 397: POS,0,C90C,4.03,1.15,0.02,100,x7F

2018-06-05 14:20:32,845 INFO 398: POS,0,C90C,4.04,1.13,0.02,100,x80

2018-06-05 14:20:32,945 INFO 399: POS,0,C90C,4.04,1.12,0.01,100,x81

2018-06-05 14:20:33,045 INFO 400: POS,0,C90C,4.05,1.13,0.01,100,x82

2018-06-05 14:20:33,145 INFO 401: POS,0,C90C,4.06,1.13,0.01,100,x83

2018-06-05 14:20:33,245 INFO 402: POS,0,C90C,4.03,1.22,-0.02,50,x84

2018-06-05 14:20:33,345 INFO 403: POS,0,C90C,4.04,1.20,-0.02,100,x85

2018-06-05 14:20:33,445 INFO 404: POS,0,C90C,4.06,1.18,-0.02,100,x86

2018-06-05 14:20:33,545 INFO 405: POS,0,C90C,4.05,1.17,-0.02,100,x87

2018-06-05 14:20:33,645 INFO 406: POS,0,C90C,4.06,1.16,-0.01,100,x88

2018-06-05 14:20:33,745 INFO 407: POS,0,C90C,4.06,1.14,-0.01,100,x89

2018-06-05 14:20:33,845 INFO 408: POS,0,C90C,4.04,1.17,0.00,100,x8A

2018-06-05 14:20:33,945 INFO 409: POS,0,C90C,4.01,1.22,-0.02,50,x8B

2018-06-05 14:20:34,045 INFO 410: POS,0,C90C,4.03,1.20,-0.02,100,x8C

2018-06-05 14:20:34,145 INFO 411: POS,0,C90C,4.04,1.21,-0.01,100,x8D

2018-06-05 14:20:34,245 INFO 412: POS,0,C90C,4.05,1.19,-0.01,100,x8E

2018-06-05 14:20:34,345 INFO 413: POS,0,C90C,4.06,1.17,-0.00,100,x8F

2018-06-05 14:20:34,445 INFO 414: POS,0,C90C,4.07,1.16,0.01,100,x90

2018-06-05 14:20:34,545 INFO 415: POS,0,C90C,4.07,1.16,0.01,100,x91

2018-06-05 14:20:34,645 INFO 416: POS,0,C90C,4.07,1.14,0.00,100,x92

2018-06-05 14:20:34,745 INFO 417: POS,0,C90C,4.08,1.12,-0.00,100,x93

2018-06-05 14:20:34,845 INFO 418: POS,0,C90C,4.08,1.12,-0.00,100,x94

2018-06-05 14:20:34,945 INFO 419: POS,0,C90C,4.08,1.12,-0.00,100,x95

2018-06-05 14:20:35,045 INFO 420: POS,0,C90C,4.07,1.12,0.00,100,x96

2018-06-05 14:20:35,145 INFO 421: POS,0,C90C,4.07,1.12,-0.01,100,x97

2018-06-05 14:20:35,245 INFO 422: POS,0,C90C,4.04,1.13,-0.00,100,x98

2018-06-05 14:20:35,345 INFO 423: POS,0,C90C,4.05,1.12,-0.00,100,x99

2018-06-05 14:20:35,445 INFO 424: POS,0,C90C,4.05,1.14,0.01,100,x9A

2018-06-05 14:20:35,545 INFO 425: POS,0,C90C,4.07,1.13,0.01,100,x9B

2018-06-05 14:20:35,645 INFO 426: POS,0,C90C,4.07,1.13,0.02,100,x9C

2018-06-05 14:20:35,745 INFO 427: POS,0,C90C,4.08,1.12,0.02,100,x9D

2018-06-05 14:20:35,845 INFO 428: POS,0,C90C,4.02,1.10,0.06,50,x9E

2018-06-05 14:20:35,945 INFO 429: POS,0,C90C,4.03,1.09,0.05,100,x9F

2018-06-05 14:20:36,045 INFO 430: POS,0,C90C,4.04,1.10,0.04,100,xA0

2018-06-05 14:20:36,145 INFO 431: POS,0,C90C,4.04,1.11,0.03,100,xA1

2018-06-05 14:20:36,245 INFO 432: POS,0,C90C,4.04,1.11,0.03,100,xA2

2018-06-05 14:20:36,345 INFO 433: POS,0,C90C,4.04,1.12,0.02,100,xA3

2018-06-05 14:20:36,445 INFO 434: POS,0,C90C,4.04,1.13,0.01,100,xA4

2018-06-05 14:20:36,545 INFO 435: POS,0,C90C,4.06,1.14,0.01,100,xA5

2018-06-05 14:20:36,646 INFO 436: POS,0,C90C,4.06,1.14,0.00,100,xA6

2018-06-05 14:20:36,747 INFO 437: POS,0,C90C,4.06,1.13,-0.01,100,xA7

2018-06-05 14:20:36,847 INFO 438: POS,0,C90C,4.06,1.15,-0.01,100,xA8

2018-06-05 14:20:36,947 INFO 439: POS,0,C90C,4.03,1.18,-0.01,100,xA9

2018-06-05 14:20:37,047 INFO 440: POS,0,C90C,4.05,1.18,-0.02,100,xAA

2018-06-05 14:20:37,147 INFO 441: POS,0,C90C,4.06,1.17,-0.03,100,xAB

2018-06-05 14:20:37,247 INFO 442: POS,0,C90C,4.02,1.17,0.02,50,xAC

2018-06-05 14:20:37,347 INFO 443: POS,0,C90C,4.04,1.16,0.00,100,xAD

2018-06-05 14:20:37,447 INFO 444: POS,0,C90C,4.02,1.17,-0.00,100,xAE

2018-06-05 14:20:37,547 INFO 445: POS,0,C90C,4.03,1.17,-0.00,100,xAF

2018-06-05 14:20:37,647 INFO 446: POS,0,C90C,4.04,1.16,-0.01,100,xB0

2018-06-05 14:20:37,747 INFO 447: POS,0,C90C,4.04,1.16,-0.01,100,xB1

2018-06-05 14:20:37,847 INFO 448: POS,0,C90C,4.05,1.17,-0.01,100,xB2

2018-06-05 14:20:37,947 INFO 449: POS,0,C90C,4.06,1.16,-0.01,100,xB3

2018-06-05 14:20:38,047 INFO 450: POS,0,C90C,4.06,1.15,-0.01,100,xB4

2018-06-05 14:20:38,147 INFO 451: POS,0,C90C,4.07,1.13,0.00,100,xB5

2018-06-05 14:20:38,247 INFO 452: POS,0,C90C,4.05,1.15,0.01,100,xB6

2018-06-05 14:20:38,347 INFO 453: POS,0,C90C,4.03,1.17,0.02,100,xB7

2018-06-05 14:20:38,447 INFO 454: POS,0,C90C,4.03,1.20,0.02,100,xB8

2018-06-05 14:20:38,547 INFO 455: POS,0,C90C,4.02,1.21,0.04,100,xB9

2018-06-05 14:20:38,647 INFO 456: POS,0,C90C,4.02,1.23,0.05,100,xBA

2018-06-05 14:20:38,747 INFO 457: POS,0,C90C,4.02,1.25,0.05,100,xBB

2018-06-05 14:20:38,847 INFO 458: POS,0,C90C,4.02,1.25,0.05,100,xBC

2018-06-05 14:20:38,947 INFO 459: POS,0,C90C,4.03,1.22,0.05,100,xBD

2018-06-05 14:20:39,047 INFO 460: POS,0,C90C,4.03,1.25,0.04,100,xBE

2018-06-05 14:20:39,147 INFO 461: POS,0,C90C,4.05,1.24,0.04,100,xBF

2018-06-05 14:20:39,247 INFO 462: POS,0,C90C,4.03,1.29,0.01,50,xC0

2018-06-05 14:20:39,347 INFO 463: POS,0,C90C,4.05,1.28,0.02,100,xC1

2018-06-05 14:20:39,447 INFO 464: POS,0,C90C,4.04,1.26,0.03,100,xC2

2018-06-05 14:20:39,547 INFO 465: POS,0,C90C,4.02,1.29,0.03,100,xC3

2018-06-05 14:20:39,647 INFO 466: POS,0,C90C,4.04,1.27,0.03,100,xC4

2018-06-05 14:20:39,747 INFO 467: POS,0,C90C,4.04,1.28,0.04,100,xC5

2018-06-05 14:20:39,847 INFO 468: POS,0,C90C,4.05,1.26,0.05,100,xC6

2018-06-05 14:20:39,947 INFO 469: POS,0,C90C,4.05,1.26,0.05,100,xC7

2018-06-05 14:20:40,045 INFO 470: POS,0,C90C,4.05,1.25,0.05,100,xC8

2018-06-05 14:20:40,145 INFO 471: POS,0,C90C,4.04,1.27,0.07,100,xC9

2018-06-05 14:20:40,245 INFO 472: POS,0,C90C,4.04,1.25,0.08,100,xCA

2018-06-05 14:20:40,345 INFO 473: POS,0,C90C,4.05,1.25,0.07,100,xCB

2018-06-05 14:20:40,445 INFO 474: POS,0,C90C,4.05,1.26,0.07,100,xCC

2018-06-05 14:20:40,545 INFO 475: POS,0,C90C,4.04,1.27,0.08,100,xCD

2018-06-05 14:20:40,645 INFO 476: POS,0,C90C,4.05,1.26,0.07,100,xCE

2018-06-05 14:20:40,745 INFO 477: POS,0,C90C,4.04,1.26,0.07,100,xCF

2018-06-05 14:20:40,845 INFO 478: POS,0,C90C,4.05,1.26,0.09,100,xD0

2018-06-05 14:20:40,945 INFO 479: POS,0,C90C,4.04,1.30,0.08,50,xD1

2018-06-05 14:20:41,045 INFO 480: POS,0,C90C,4.05,1.30,0.07,100,xD2

2018-06-05 14:20:41,145 INFO 481: POS,0,C90C,4.05,1.30,0.07,100,xD3

2018-06-05 14:20:41,245 INFO 482: POS,0,C90C,4.05,1.31,0.08,50,xD4

2018-06-05 14:20:41,345 INFO 483: POS,0,C90C,4.05,1.30,0.07,100,xD5

2018-06-05 14:20:41,445 INFO 484: POS,0,C90C,4.04,1.29,0.07,100,xD6

2018-06-05 14:20:41,545 INFO 485: POS,0,C90C,4.05,1.27,0.06,100,xD7

2018-06-05 14:20:41,645 INFO 486: POS,0,C90C,4.05,1.28,0.07,100,xD8

2018-06-05 14:20:41,745 INFO 487: POS,0,C90C,4.05,1.28,0.08,100,xD9

2018-06-05 14:20:41,845 INFO 488: POS,0,C90C,4.05,1.29,0.09,100,xDA

2018-06-05 14:20:41,945 INFO 489: POS,0,C90C,4.04,1.28,0.09,100,xDB

2018-06-05 14:20:42,045 INFO 490: POS,0,C90C,4.04,1.30,0.10,100,xDC

2018-06-05 14:20:42,145 INFO 491: POS,0,C90C,4.04,1.28,0.09,100,xDD

2018-06-05 14:20:42,245 INFO 492: POS,0,C90C,4.04,1.23,0.07,100,xDE

2018-06-05 14:20:42,345 INFO 493: POS,0,C90C,4.06,1.19,0.05,100,xDF

2018-06-05 14:20:42,445 INFO 494: POS,0,C90C,4.07,1.15,0.04,100,xE0

2018-06-05 14:20:42,545 INFO 495: POS,0,C90C,4.06,1.14,0.02,100,xE1

2018-06-05 14:20:42,645 INFO 496: POS,0,C90C,4.04,1.21,0.01,50,xE2

2018-06-05 14:20:42,745 INFO 497: POS,0,C90C,4.05,1.16,0.00,100,xE3

2018-06-05 14:20:42,845 INFO 498: POS,0,C90C,4.05,1.05,-0.05,100,xE4

2018-06-05 14:20:42,945 INFO 499: POS,0,C90C,4.05,0.97,-0.09,100,xE5

2018-06-05 14:20:43,045 INFO 500: POS,0,C90C,4.05,0.98,-0.08,100,xE6

2018-06-05 14:20:43,145 INFO 501: POS,0,C90C,4.06,1.02,-0.05,100,xE7

2018-06-05 14:20:43,245 INFO 502: POS,0,C90C,4.07,1.06,-0.03,100,xE8

2018-06-05 14:20:43,345 INFO 503: POS,0,C90C,4.06,1.09,-0.02,100,xE9

2018-06-05 14:20:43,445 INFO 504: POS,0,C90C,4.06,1.13,0.01,100,xEA

2018-06-05 14:20:43,545 INFO 505: POS,0,C90C,4.06,1.15,0.03,100,xEB

2018-06-05 14:20:43,645 INFO 506: POS,0,C90C,4.05,1.18,0.04,100,xEC

2018-06-05 14:20:43,745 INFO 507: POS,0,C90C,4.05,1.41,-0.03,100,xED

2018-06-05 14:20:43,845 INFO 508: POS,0,C90C,4.04,1.41,-0.02,100,xEE

2018-06-05 14:20:43,945 INFO 509: POS,0,C90C,4.05,1.36,0.01,100,xEF

2018-06-05 14:20:44,045 INFO 510: POS,0,C90C,4.03,1.38,0.02,100,xF0

2018-06-05 14:20:44,145 INFO 511: POS,0,C90C,3.97,1.50,-0.00,71,xF1

2018-06-05 14:20:44,245 INFO 512: POS,0,C90C,3.99,1.49,0.05,50,xF2

2018-06-05 14:20:44,345 INFO 513: POS,0,C90C,4.01,1.48,0.09,50,xF3

2018-06-05 14:20:44,445 INFO 514: POS,0,C90C,4.00,1.40,0.07,100,xF4

2018-06-05 14:20:44,545 INFO 515: POS,0,C90C,3.96,1.14,-0.01,100,xF5

2018-06-05 14:20:44,645 INFO 516: POS,0,C90C,4.01,1.17,0.05,50,xF6

2018-06-05 14:20:44,745 INFO 517: POS,0,C90C,4.01,1.05,0.14,0,xF7

2018-06-05 14:20:44,845 INFO 518: POS,0,C90C,3.96,0.98,0.05,50,xF8

2018-06-05 14:20:44,945 INFO 519: POS,0,C90C,3.95,0.94,0.10,50,xF9

2018-06-05 14:20:45,045 INFO 520: POS,0,C90C,3.95,0.77,0.11,100,xFA

2018-06-05 14:20:45,145 INFO 521: POS,0,C90C,3.93,0.73,0.10,100,xFB

2018-06-05 14:20:45,245 INFO 522: POS,0,C90C,3.93,0.73,0.13,100,xFC

2018-06-05 14:20:45,345 INFO 523: POS,0,C90C,3.90,0.79,0.13,88,xFD

2018-06-05 14:20:45,445 INFO 524: POS,0,C90C,3.79,0.96,0.09,0,xFE

2018-06-05 14:20:45,545 INFO 525: POS,0,C90C,3.82,0.86,0.13,100,xFF

2018-06-05 14:20:45,646 INFO 526: POS,0,C90C,3.83,0.82,0.14,50,x00

2018-06-05 14:20:45,747 INFO 527: POS,0,C90C,3.81,0.92,0.10,72,x01

2018-06-05 14:20:45,847 INFO 528: POS,0,C90C,3.84,0.91,0.10,88,x02

2018-06-05 14:20:45,947 INFO 529: POS,0,C90C,3.86,0.88,0.09,50,x03

2018-06-05 14:20:46,047 INFO 530: POS,0,C90C,3.90,0.81,0.12,100,x04

2018-06-05 14:20:46,147 INFO 531: POS,0,C90C,3.94,0.76,0.14,100,x05

2018-06-05 14:20:46,247 INFO 532: POS,0,C90C,3.95,0.72,0.16,50,x06

2018-06-05 14:20:46,347 INFO 533: POS,0,C90C,3.96,0.70,0.17,76,x07

2018-06-05 14:20:46,447 INFO 534: POS,0,C90C,3.96,0.69,0.18,74,x08

2018-06-05 14:20:46,547 INFO 535: POS,0,C90C,3.96,0.70,0.18,80,x09

2018-06-05 14:20:46,647 INFO 536: POS,0,C90C,3.96,0.67,0.18,90,x0A

2018-06-05 14:20:46,747 INFO 537: POS,0,C90C,3.96,0.66,0.17,90,x0B

2018-06-05 14:20:46,847 INFO 538: POS,0,C90C,3.95,0.65,0.17,88,x0C

2018-06-05 14:20:46,947 INFO 539: POS,0,C90C,3.94,0.64,0.18,83,x0D

2018-06-05 14:20:47,047 INFO 540: POS,0,C90C,3.93,0.64,0.19,74,x0E

2018-06-05 14:20:47,147 INFO 541: POS,0,C90C,3.92,0.65,0.20,76,x0F

2018-06-05 14:20:47,247 INFO 542: POS,0,C90C,3.92,0.70,0.18,87,x10

2018-06-05 14:20:47,347 INFO 543: POS,0,C90C,3.87,0.79,0.16,50,x11

2018-06-05 14:20:47,447 INFO 544: POS,0,C90C,3.87,0.75,0.14,80,x12

2018-06-05 14:20:47,547 INFO 545: POS,0,C90C,3.86,0.74,0.14,82,x13

2018-06-05 14:20:47,647 INFO 546: POS,0,C90C,3.87,0.72,0.15,50,x14

2018-06-05 14:20:47,747 INFO 547: POS,0,C90C,3.92,0.66,0.17,50,x15

2018-06-05 14:20:47,847 INFO 548: POS,0,C90C,3.93,0.60,0.19,100,x16

2018-06-05 14:20:47,947 INFO 549: POS,0,C90C,3.96,0.58,0.22,50,x17

2018-06-05 14:20:48,047 INFO 550: POS,0,C90C,3.98,0.59,0.24,50,x18

2018-06-05 14:20:48,147 INFO 551: POS,0,C90C,3.99,0.53,0.26,100,x19

2018-06-05 14:20:48,247 INFO 552: POS,0,C90C,4.01,0.44,0.27,100,x1A

2018-06-05 14:20:48,347 INFO 553: POS,0,C90C,4.01,0.41,0.29,100,x1B

2018-06-05 14:20:48,447 INFO 554: POS,0,C90C,4.02,0.38,0.32,100,x1C

2018-06-05 14:20:48,547 INFO 555: POS,0,C90C,4.01,0.44,0.30,84,x1D

2018-06-05 14:20:48,647 INFO 556: POS,0,C90C,3.92,0.62,0.21,0,x1E

2018-06-05 14:20:48,747 INFO 557: POS,0,C90C,3.86,0.74,0.14,59,x1F

2018-06-05 14:20:48,847 INFO 558: POS,0,C90C,3.82,0.82,0.10,56,x20

2018-06-05 14:20:48,945 INFO 559: POS,0,C90C,3.78,0.88,0.06,50,x21

2018-06-05 14:20:49,045 INFO 560: POS,0,C90C,3.75,0.93,0.03,54,x22

2018-06-05 14:20:49,145 INFO 561: POS,0,C90C,3.74,0.97,0.01,58,x23

2018-06-05 14:20:49,245 INFO 562: POS,0,C90C,3.72,1.00,-0.01,60,x24

2018-06-05 14:20:49,345 INFO 563: POS,0,C90C,3.71,1.02,-0.01,58,x25

2018-06-05 14:20:49,445 INFO 564: POS,0,C90C,3.70,1.02,-0.01,55,x26

2018-06-05 14:20:49,545 INFO 565: POS,0,C90C,3.71,1.02,-0.03,73,x27

2018-06-05 14:20:49,645 INFO 566: POS,0,C90C,3.69,1.04,-0.02,57,x28

2018-06-05 14:20:49,747 INFO 567: POS,0,C90C,3.70,1.04,-0.03,62,x29

2018-06-05 14:20:49,847 INFO 568: POS,0,C90C,3.70,1.04,-0.04,67,x2A

2018-06-05 14:20:49,947 INFO 569: POS,0,C90C,3.70,1.04,-0.04,66,x2B

2018-06-05 14:20:50,047 INFO 570: POS,0,C90C,3.70,1.04,-0.04,60,x2C

2018-06-05 14:20:50,147 INFO 571: POS,0,C90C,3.69,1.05,-0.04,64,x2D

2018-06-05 14:20:50,247 INFO 572: POS,0,C90C,3.68,1.07,-0.04,57,x2E

2018-06-05 14:20:50,347 INFO 573: POS,0,C90C,3.68,1.07,-0.04,60,x2F

2018-06-05 14:20:50,447 INFO 574: POS,0,C90C,3.68,1.08,-0.03,53,x30

2018-06-05 14:20:50,547 INFO 575: POS,0,C90C,3.68,1.09,-0.03,55,x31

2018-06-05 14:20:50,647 INFO 576: POS,0,C90C,3.68,1.08,-0.03,54,x32

2018-06-05 14:20:50,747 INFO 577: POS,0,C90C,3.68,1.07,-0.03,63,x33

2018-06-05 14:20:50,847 INFO 578: POS,0,C90C,3.68,1.07,-0.04,66,x34

2018-06-05 14:20:50,947 INFO 579: POS,0,C90C,3.68,1.08,-0.03,58,x35

2018-06-05 14:20:51,047 INFO 580: POS,0,C90C,3.68,1.08,-0.03,58,x36

2018-06-05 14:20:51,147 INFO 581: POS,0,C90C,3.68,1.08,-0.03,56,x37

2018-06-05 14:20:51,247 INFO 582: POS,0,C90C,3.68,1.06,-0.02,60,x38

2018-06-05 14:20:51,347 INFO 583: POS,0,C90C,3.68,1.06,-0.03,62,x39

2018-06-05 14:20:51,447 INFO 584: POS,0,C90C,3.68,1.04,-0.03,61,x3A

2018-06-05 14:20:51,547 INFO 585: POS,0,C90C,3.68,1.05,-0.03,58,x3B

2018-06-05 14:20:51,647 INFO 586: POS,0,C90C,3.68,1.05,-0.03,61,x3C

2018-06-05 14:20:51,747 INFO 587: POS,0,C90C,3.68,1.04,-0.02,58,x3D

2018-06-05 14:20:51,847 INFO 588: POS,0,C90C,3.68,1.05,-0.01,56,x3E

2018-06-05 14:20:51,947 INFO 589: POS,0,C90C,3.68,0.88,-0.08,50,x3F

2018-06-05 14:20:52,047 INFO 590: POS,0,C90C,3.69,0.94,-0.07,59,x40

2018-06-05 14:20:52,147 INFO 591: POS,0,C90C,3.69,0.99,-0.05,53,x41

2018-06-05 14:20:52,247 INFO 592: POS,0,C90C,3.66,0.82,-0.12,50,x42

2018-06-05 14:20:52,347 INFO 593: POS,0,C90C,3.65,0.70,-0.17,50,x43

2018-06-05 14:20:52,447 INFO 594: POS,0,C90C,3.65,0.82,-0.12,0,x44

2018-06-05 14:20:52,547 INFO 595: POS,0,C90C,3.66,0.89,-0.11,0,x45

2018-06-05 14:20:52,647 INFO 596: POS,0,C90C,3.66,0.96,-0.09,57,x46

2018-06-05 14:20:52,747 INFO 597: POS,0,C90C,3.72,0.89,-0.04,86,x47

2018-06-05 14:20:52,847 INFO 598: POS,0,C90C,3.80,0.76,0.07,97,x48

2018-06-05 14:20:52,947 INFO 599: POS,0,C90C,3.86,0.66,0.15,100,x49

2018-06-05 14:20:53,045 INFO 600: POS,0,C90C,3.92,0.56,0.19,100,x4A

2018-06-05 14:20:53,145 INFO 601: POS,0,C90C,3.95,0.52,0.23,100,x4B

2018-06-05 14:20:53,245 INFO 602: POS,0,C90C,3.96,0.48,0.26,100,x4C

2018-06-05 14:20:53,345 INFO 603: POS,0,C90C,3.97,0.44,0.28,100,x4D

2018-06-05 14:20:53,445 INFO 604: POS,0,C90C,3.98,0.43,0.30,100,x4E

2018-06-05 14:20:53,545 INFO 605: POS,0,C90C,3.99,0.40,0.33,100,x4F

2018-06-05 14:20:53,645 INFO 606: POS,0,C90C,4.00,0.38,0.34,100,x50

2018-06-05 14:20:53,745 INFO 607: POS,0,C90C,4.00,0.36,0.34,100,x51

2018-06-05 14:20:53,845 INFO 608: POS,0,C90C,3.93,0.39,0.21,50,x52

2018-06-05 14:20:53,945 INFO 609: POS,0,C90C,3.96,0.38,0.25,100,x53

2018-06-05 14:20:54,045 INFO 610: POS,0,C90C,3.97,0.39,0.26,100,x54

2018-06-05 14:20:54,145 INFO 611: POS,0,C90C,3.97,0.40,0.26,100,x55

2018-06-05 14:20:54,245 INFO 612: POS,0,C90C,3.98,0.42,0.26,100,x56

2018-06-05 14:20:54,345 INFO 613: POS,0,C90C,3.98,0.42,0.27,100,x57

2018-06-05 14:20:54,445 INFO 614: POS,0,C90C,3.99,0.40,0.28,100,x58

2018-06-05 14:20:54,545 INFO 615: POS,0,C90C,4.00,0.40,0.29,100,x59

2018-06-05 14:20:54,645 INFO 616: POS,0,C90C,4.00,0.39,0.30,100,x5A

2018-06-05 14:20:54,745 INFO 617: POS,0,C90C,4.00,0.39,0.32,50,x5B

2018-06-05 14:20:54,845 INFO 618: POS,0,C90C,4.00,0.38,0.33,100,x5C

2018-06-05 14:20:54,945 INFO 619: POS,0,C90C,4.00,0.38,0.33,100,x5D

2018-06-05 14:20:55,045 INFO 620: POS,0,C90C,3.99,0.42,0.29,94,x5E

2018-06-05 14:20:55,145 INFO 621: POS,0,C90C,4.00,0.41,0.29,100,x5F

2018-06-05 14:20:55,245 INFO 622: POS,0,C90C,4.00,0.41,0.29,100,x60

2018-06-05 14:20:55,345 INFO 623: POS,0,C90C,4.00,0.40,0.30,100,x61

2018-06-05 14:20:55,445 INFO 624: POS,0,C90C,4.00,0.39,0.32,100,x62

2018-06-05 14:20:55,545 INFO 625: POS,0,C90C,4.00,0.38,0.32,100,x63

2018-06-05 14:20:55,645 INFO 626: POS,0,C90C,4.00,0.38,0.31,100,x64

2018-06-05 14:20:55,745 INFO 627: POS,0,C90C,4.00,0.38,0.32,100,x65

2018-06-05 14:20:55,845 INFO 628: POS,0,C90C,4.00,0.37,0.33,100,x66

2018-06-05 14:20:55,945 INFO 629: POS,0,C90C,4.02,0.36,0.33,100,x67

2018-06-05 14:20:56,045 INFO 630: POS,0,C90C,4.02,0.36,0.34,100,x68

2018-06-05 14:20:56,145 INFO 631: POS,0,C90C,4.01,0.36,0.34,100,x69

2018-06-05 14:20:56,245 INFO 632: POS,0,C90C,4.03,0.36,0.34,50,x6A

2018-06-05 14:20:56,345 INFO 633: POS,0,C90C,4.02,0.37,0.34,100,x6B

2018-06-05 14:20:56,445 INFO 634: POS,0,C90C,4.03,0.36,0.34,100,x6C

2018-06-05 14:20:56,545 INFO 635: POS,0,C90C,4.03,0.37,0.34,99,x6D

2018-06-05 14:20:56,645 INFO 636: POS,0,C90C,4.03,0.36,0.33,50,x6E

2018-06-05 14:20:56,745 INFO 637: POS,0,C90C,3.98,0.47,0.27,80,x6F

2018-06-05 14:20:56,845 INFO 638: POS,0,C90C,3.98,0.46,0.27,100,x70

2018-06-05 14:20:56,945 INFO 639: POS,0,C90C,3.96,0.53,0.22,87,x71

2018-06-05 14:20:57,045 INFO 640: POS,0,C90C,3.98,0.49,0.24,100,x72

2018-06-05 14:20:57,145 INFO 641: POS,0,C90C,3.98,0.47,0.26,98,x73

2018-06-05 14:20:57,245 INFO 642: POS,0,C90C,3.98,0.47,0.26,50,x74

2018-06-05 14:20:57,345 INFO 643: POS,0,C90C,3.98,0.45,0.28,100,x75

2018-06-05 14:20:57,445 INFO 644: POS,0,C90C,3.98,0.47,0.28,50,x76

2018-06-05 14:20:57,545 INFO 645: POS,0,C90C,3.99,0.44,0.30,99,x77

2018-06-05 14:20:57,645 INFO 646: POS,0,C90C,3.99,0.42,0.31,100,x78

2018-06-05 14:20:57,745 INFO 647: POS,0,C90C,3.99,0.44,0.32,50,x79

2018-06-05 14:20:57,845 INFO 648: POS,0,C90C,3.99,0.41,0.32,100,x7A

2018-06-05 14:20:58,045 INFO 650: POS,0,C90C,4.00,0.39,0.32,100,x7C

2018-06-05 14:20:58,145 INFO 651: POS,0,C90C,4.00,0.39,0.31,100,x7D

2018-06-05 14:20:58,245 INFO 652: POS,0,C90C,4.00,0.39,0.32,96,x7E

2018-06-05 14:20:58,345 INFO 653: POS,0,C90C,4.01,0.40,0.34,50,x7F

2018-06-05 14:20:58,445 INFO 654: POS,0,C90C,4.02,0.41,0.34,50,x80

2018-06-05 14:20:58,545 INFO 655: POS,0,C90C,4.01,0.39,0.34,100,x81

2018-06-05 14:20:58,645 INFO 656: POS,0,C90C,4.01,0.38,0.34,100,x82

2018-06-05 14:20:58,745 INFO 657: POS,0,C90C,4.02,0.37,0.34,100,x83

2018-06-05 14:20:58,845 INFO 658: POS,0,C90C,4.02,0.37,0.35,100,x84

2018-06-05 14:20:58,945 INFO 659: POS,0,C90C,4.01,0.36,0.35,100,x85

2018-06-05 14:20:59,045 INFO 660: POS,0,C90C,4.02,0.35,0.35,100,x86

2018-06-05 14:20:59,145 INFO 661: POS,0,C90C,4.02,0.35,0.36,100,x87

2018-06-05 14:20:59,245 INFO 662: POS,0,C90C,4.03,0.35,0.36,50,x88

2018-06-05 14:20:59,345 INFO 663: POS,0,C90C,4.03,0.37,0.38,50,x89

2018-06-05 14:20:59,445 INFO 664: POS,0,C90C,4.03,0.36,0.39,100,x8A

2018-06-05 14:20:59,545 INFO 665: POS,0,C90C,4.03,0.36,0.38,100,x8B

2018-06-05 14:20:59,645 INFO 666: POS,0,C90C,4.03,0.35,0.38,100,x8C

2018-06-05 14:20:59,745 INFO 667: POS,0,C90C,4.02,0.35,0.38,100,x8D

2018-06-05 14:20:59,845 INFO 668: POS,0,C90C,4.02,0.35,0.37,100,x8E

2018-06-05 14:20:59,945 INFO 669: POS,0,C90C,4.01,0.35,0.37,100,x8F

2018-06-05 14:21:00,045 INFO 670: POS,0,C90C,4.01,0.35,0.36,100,x90

2018-06-05 14:21:00,145 INFO 671: POS,0,C90C,4.01,0.38,0.35,95,x91

2018-06-05 14:21:00,245 INFO 672: POS,0,C90C,3.98,0.46,0.32,73,x92

2018-06-05 14:21:00,345 INFO 673: POS,0,C90C,3.97,0.50,0.32,100,x93

2018-06-05 14:21:00,445 INFO 674: POS,0,C90C,3.95,0.63,0.29,97,x94

2018-06-05 14:21:00,545 INFO 675: POS,0,C90C,3.98,0.72,0.21,100,x95

2018-06-05 14:21:00,645 INFO 676: POS,0,C90C,3.95,0.83,0.15,85,x96

2018-06-05 14:21:00,745 INFO 677: POS,0,C90C,3.97,0.91,0.10,100,x97

2018-06-05 14:21:00,845 INFO 678: POS,0,C90C,3.99,1.01,0.07,100,x98

2018-06-05 14:21:00,945 INFO 679: POS,0,C90C,4.00,1.20,0.04,100,x99

2018-06-05 14:21:01,045 INFO 680: POS,0,C90C,4.01,1.37,0.01,100,x9A

2018-06-05 14:21:01,145 INFO 681: POS,0,C90C,4.01,1.58,0.05,100,x9B

2018-06-05 14:21:01,245 INFO 682: POS,0,C90C,3.99,1.72,0.11,84,x9C

2018-06-05 14:21:01,345 INFO 683: POS,0,C90C,3.99,1.81,0.16,83,x9D

2018-06-05 14:21:01,445 INFO 684: POS,0,C90C,4.00,1.84,0.19,93,x9E

2018-06-05 14:21:01,545 INFO 685: POS,0,C90C,3.99,1.84,0.15,100,x9F

2018-06-05 14:21:01,645 INFO 686: POS,0,C90C,4.00,1.84,0.12,50,xA0

2018-06-05 14:21:01,745 INFO 687: POS,0,C90C,4.03,1.71,0.09,50,xA1

2018-06-05 14:21:01,845 INFO 688: POS,0,C90C,4.02,1.59,0.07,100,xA2

2018-06-05 14:21:01,945 INFO 689: POS,0,C90C,3.98,1.50,0.05,85,xA3

2018-06-05 14:21:02,045 INFO 690: POS,0,C90C,4.03,1.32,0.04,100,xA4

2018-06-05 14:21:02,145 INFO 691: POS,0,C90C,3.96,1.31,0.01,78,xA5

2018-06-05 14:21:02,245 INFO 692: POS,0,C90C,3.93,1.22,0.04,90,xA6

2018-06-05 14:21:02,345 INFO 693: POS,0,C90C,3.86,1.19,0.05,75,xA7

2018-06-05 14:21:02,445 INFO 694: POS,0,C90C,3.84,1.14,0.05,50,xA8

2018-06-05 14:21:02,545 INFO 695: POS,0,C90C,3.85,1.08,0.09,100,xA9

2018-06-05 14:21:02,645 INFO 696: POS,0,C90C,3.86,1.09,0.08,92,xAA

2018-06-05 14:21:02,745 INFO 697: POS,0,C90C,3.83,1.14,0.05,66,xAB

2018-06-05 14:21:02,845 INFO 698: POS,0,C90C,3.86,1.33,-0.05,100,xAC

2018-06-05 14:21:02,945 INFO 699: POS,0,C90C,3.86,1.43,-0.04,85,xAD

2018-06-05 14:21:03,045 INFO 700: POS,0,C90C,3.89,1.63,-0.10,100,xAE

2018-06-05 14:21:03,145 INFO 701: POS,0,C90C,3.90,1.74,-0.08,100,xAF

2018-06-05 14:21:03,245 INFO 702: POS,0,C90C,3.88,1.82,-0.09,50,xB0

2018-06-05 14:21:03,345 INFO 703: POS,0,C90C,3.94,1.87,0.01,90,xB1

2018-06-05 14:21:03,445 INFO 704: POS,0,C90C,3.96,1.89,0.07,74,xB2

2018-06-05 14:21:03,545 INFO 705: POS,0,C90C,3.98,1.91,0.12,87,xB3

2018-06-05 14:21:03,645 INFO 706: POS,0,C90C,3.99,1.88,0.07,100,xB4

2018-06-05 14:21:03,745 INFO 707: POS,0,C90C,3.98,1.90,0.06,50,xB5

2018-06-05 14:21:03,845 INFO 708: POS,0,C90C,3.98,1.99,-0.02,100,xB6

2018-06-05 14:21:03,945 INFO 709: POS,0,C90C,3.99,1.84,-0.01,100,xB7

2018-06-05 14:21:04,045 INFO 710: POS,0,C90C,3.97,1.66,0.02,50,xB8

2018-06-05 14:21:04,145 INFO 711: POS,0,C90C,3.94,1.56,0.01,0,xB9

2018-06-05 14:21:04,245 INFO 712: POS,0,C90C,4.00,1.53,0.09,50,xBA

2018-06-05 14:21:04,345 INFO 713: POS,0,C90C,3.99,1.34,0.10,100,xBB

2018-06-05 14:21:04,445 INFO 714: POS,0,C90C,3.96,1.21,0.14,98,xBC

2018-06-05 14:21:04,545 INFO 715: POS,0,C90C,3.94,1.10,0.17,98,xBD

2018-06-05 14:21:04,645 INFO 716: POS,0,C90C,3.94,1.01,0.18,100,xBE

2018-06-05 14:21:04,745 INFO 717: POS,0,C90C,3.94,0.95,0.18,100,xBF

2018-06-05 14:21:04,845 INFO 718: POS,0,C90C,3.97,0.98,0.15,100,xC0

2018-06-05 14:21:04,945 INFO 719: POS,0,C90C,3.92,1.07,0.09,58,xC1

2018-06-05 14:21:05,045 INFO 720: POS,0,C90C,3.96,1.08,0.07,100,xC2

2018-06-05 14:21:05,145 INFO 721: POS,0,C90C,3.94,1.22,0.04,98,xC3

2018-06-05 14:21:05,245 INFO 722: POS,0,C90C,3.94,1.40,0.02,100,xC4

2018-06-05 14:21:05,345 INFO 723: POS,0,C90C,3.94,1.53,0.03,92,xC5

2018-06-05 14:21:05,445 INFO 724: POS,0,C90C,3.97,1.61,0.02,100,xC6

2018-06-05 14:21:05,545 INFO 725: POS,0,C90C,3.98,1.73,0.08,97,xC7

2018-06-05 14:21:05,645 INFO 726: POS,0,C90C,3.98,1.78,0.11,50,xC8

2018-06-05 14:21:05,745 INFO 727: POS,0,C90C,3.97,1.83,0.08,97,xC9

2018-06-05 14:21:05,845 INFO 728: POS,0,C90C,3.99,1.86,0.07,99,xCA

2018-06-05 14:21:05,945 INFO 729: POS,0,C90C,4.00,1.87,0.07,96,xCB

2018-06-05 14:21:06,045 INFO 730: POS,0,C90C,3.98,1.91,-0.02,100,xCC

2018-06-05 14:21:06,145 INFO 731: POS,0,C90C,3.98,1.82,-0.03,93,xCD

2018-06-05 14:21:06,245 INFO 732: POS,0,C90C,3.98,1.68,-0.02,100,xCE

2018-06-05 14:21:06,345 INFO 733: POS,0,C90C,3.92,1.61,-0.04,78,xCF

2018-06-05 14:21:06,445 INFO 734: POS,0,C90C,3.97,1.54,0.03,50,xD0

2018-06-05 14:21:06,545 INFO 735: POS,0,C90C,3.96,1.36,0.06,100,xD1

2018-06-05 14:21:06,645 INFO 736: POS,0,C90C,3.94,1.24,0.10,100,xD2

2018-06-05 14:21:06,745 INFO 737: POS,0,C90C,3.92,1.17,0.12,100,xD3

2018-06-05 14:21:06,845 INFO 738: POS,0,C90C,3.91,1.09,0.12,100,xD4

2018-06-05 14:21:06,945 INFO 739: POS,0,C90C,3.94,1.16,0.14,50,xD5

2018-06-05 14:21:07,047 INFO 740: POS,0,C90C,3.91,1.18,0.10,50,xD6

2018-06-05 14:21:07,147 INFO 741: POS,0,C90C,3.95,1.16,0.09,50,xD7

2018-06-05 14:21:07,247 INFO 742: POS,0,C90C,3.99,1.14,0.06,100,xD8

2018-06-05 14:21:07,347 INFO 743: POS,0,C90C,4.01,1.17,0.04,100,xD9

2018-06-05 14:21:07,447 INFO 744: POS,0,C90C,4.01,1.47,-0.02,100,xDA

2018-06-05 14:21:07,547 INFO 745: POS,0,C90C,4.02,1.52,0.00,100,xDB

2018-06-05 14:21:07,647 INFO 746: POS,0,C90C,4.02,1.69,0.02,100,xDC

2018-06-05 14:21:07,747 INFO 747: POS,0,C90C,4.01,1.72,-0.02,50,xDD

2018-06-05 14:21:07,847 INFO 748: POS,0,C90C,4.00,1.74,-0.02,100,xDE

2018-06-05 14:21:07,947 INFO 749: POS,0,C90C,4.02,1.78,0.00,93,xDF

2018-06-05 14:21:08,047 INFO 750: POS,0,C90C,4.01,1.79,0.01,100,xE0

2018-06-05 14:21:08,147 INFO 751: POS,0,C90C,3.99,1.71,0.03,50,xE1

2018-06-05 14:21:08,247 INFO 752: POS,0,C90C,4.01,1.58,0.03,100,xE2

2018-06-05 14:21:08,347 INFO 753: POS,0,C90C,4.06,1.48,0.03,100,xE3

2018-06-05 14:21:08,447 INFO 754: POS,0,C90C,4.03,1.42,0.04,86,xE4

2018-06-05 14:21:08,547 INFO 755: POS,0,C90C,4.02,1.31,0.06,100,xE5

2018-06-05 14:21:08,647 INFO 756: POS,0,C90C,4.02,1.19,0.09,50,xE6

2018-06-05 14:21:08,747 INFO 757: POS,0,C90C,3.99,1.12,0.11,93,xE7

2018-06-05 14:21:08,847 INFO 758: POS,0,C90C,3.97,1.07,0.12,50,xE8

2018-06-05 14:21:09,047 INFO 760: POS,0,C90C,3.97,1.03,0.12,100,xEA

2018-06-05 14:21:09,147 INFO 761: POS,0,C90C,3.97,1.06,0.11,90,xEB

2018-06-05 14:21:09,247 INFO 762: POS,0,C90C,4.01,1.12,0.08,50,xEC

2018-06-05 14:21:09,347 INFO 763: POS,0,C90C,4.02,1.14,0.07,100,xED

2018-06-05 14:21:09,448 INFO 764: POS,0,C90C,4.03,1.20,0.06,100,xEE

2018-06-05 14:21:09,547 INFO 765: POS,0,C90C,4.04,1.27,0.04,100,xEF

2018-06-05 14:21:09,647 INFO 766: POS,0,C90C,4.04,1.41,0.06,98,xF0

2018-06-05 14:21:09,748 INFO 767: POS,0,C90C,4.04,1.53,0.06,100,xF1

2018-06-05 14:21:09,847 INFO 768: POS,0,C90C,4.05,1.67,0.07,100,xF2

2018-06-05 14:21:09,948 INFO 769: POS,0,C90C,4.04,1.78,0.07,100,xF3

2018-06-05 14:21:10,048 INFO 770: POS,0,C90C,4.03,1.83,0.05,100,xF4

2018-06-05 14:21:10,147 INFO 771: POS,0,C90C,4.02,1.86,0.06,95,xF5

2018-06-05 14:21:10,248 INFO 772: POS,0,C90C,4.04,1.79,0.04,100,xF6

2018-06-05 14:21:10,348 INFO 773: POS,0,C90C,4.05,1.68,0.03,100,xF7

2018-06-05 14:21:10,445 INFO 774: POS,0,C90C,4.06,1.59,0.05,100,xF8

2018-06-05 14:21:10,545 INFO 775: POS,0,C90C,4.05,1.50,0.06,100,xF9

2018-06-05 14:21:10,645 INFO 776: POS,0,C90C,4.00,1.41,0.04,60,xFA

2018-06-05 14:21:10,745 INFO 777: POS,0,C90C,4.03,1.27,0.03,100,xFB

2018-06-05 14:21:10,845 INFO 778: POS,0,C90C,4.00,1.16,0.07,100,xFC

2018-06-05 14:21:10,945 INFO 779: POS,0,C90C,3.99,1.12,0.11,50,xFD

2018-06-05 14:21:11,045 INFO 780: POS,0,C90C,3.97,1.07,0.11,100,xFE

2018-06-05 14:21:11,145 INFO 781: POS,0,C90C,3.98,1.09,0.14,50,xFF

2018-06-05 14:21:11,245 INFO 782: POS,0,C90C,3.97,1.08,0.10,100,x00

2018-06-05 14:21:11,345 INFO 783: POS,0,C90C,3.94,1.09,0.07,61,x01

2018-06-05 14:21:11,445 INFO 784: POS,0,C90C,3.97,1.12,0.07,100,x02

2018-06-05 14:21:11,545 INFO 785: POS,0,C90C,3.99,1.16,0.06,100,x03

2018-06-05 14:21:11,645 INFO 786: POS,0,C90C,4.01,1.20,0.05,100,x04

2018-06-05 14:21:11,745 INFO 787: POS,0,C90C,4.01,1.32,0.05,100,x05

2018-06-05 14:21:11,845 INFO 788: POS,0,C90C,4.02,1.44,0.04,100,x06

2018-06-05 14:21:11,945 INFO 789: POS,0,C90C,4.03,1.55,0.03,100,x07

2018-06-05 14:21:12,045 INFO 790: POS,0,C90C,4.03,1.64,0.04,100,x08

2018-06-05 14:21:12,145 INFO 791: POS,0,C90C,4.05,1.71,0.02,100,x09

2018-06-05 14:21:12,245 INFO 792: POS,0,C90C,4.04,1.77,0.03,92,x0A

2018-06-05 14:21:12,345 INFO 793: POS,0,C90C,4.06,1.72,0.02,50,x0B

2018-06-05 14:21:12,445 INFO 794: POS,0,C90C,4.07,1.64,0.00,100,x0C

2018-06-05 14:21:12,545 INFO 795: POS,0,C90C,4.06,1.57,0.02,100,x0D

2018-06-05 14:21:12,645 INFO 796: POS,0,C90C,4.08,1.47,0.01,100,x0E

2018-06-05 14:21:12,745 INFO 797: POS,0,C90C,4.05,1.42,0.01,98,x0F

2018-06-05 14:21:12,845 INFO 798: POS,0,C90C,4.00,1.35,-0.00,80,x10

2018-06-05 14:21:12,945 INFO 799: POS,0,C90C,4.02,1.28,0.01,100,x11

2018-06-05 14:21:13,045 INFO 800: POS,0,C90C,4.01,1.17,0.03,100,x12

2018-06-05 14:21:13,145 INFO 801: POS,0,C90C,3.98,1.09,0.05,100,x13

2018-06-05 14:21:13,245 INFO 802: POS,0,C90C,4.02,1.17,0.11,50,x14

2018-06-05 14:21:13,345 INFO 803: POS,0,C90C,4.02,1.13,0.11,100,x15

2018-06-05 14:21:13,445 INFO 804: POS,0,C90C,3.99,1.11,0.09,100,x16

2018-06-05 14:21:13,545 INFO 805: POS,0,C90C,3.99,1.18,0.07,100,x17

2018-06-05 14:21:13,645 INFO 806: POS,0,C90C,4.00,1.18,0.07,50,x18

2018-06-05 14:21:13,745 INFO 807: POS,0,C90C,4.00,1.25,0.07,100,x19

2018-06-05 14:21:13,845 INFO 808: POS,0,C90C,4.03,1.26,0.04,100,x1A

2018-06-05 14:21:13,945 INFO 809: POS,0,C90C,4.04,1.36,0.03,100,x1B

2018-06-05 14:21:14,045 INFO 810: POS,0,C90C,4.02,1.49,0.03,100,x1C

2018-06-05 14:21:14,145 INFO 811: POS,0,C90C,4.03,1.57,0.02,100,x1D

2018-06-05 14:21:14,245 INFO 812: POS,0,C90C,4.04,1.64,0.03,100,x1E

2018-06-05 14:21:14,345 INFO 813: POS,0,C90C,4.03,1.70,0.01,100,x1F

2018-06-05 14:21:14,445 INFO 814: POS,0,C90C,4.05,1.72,0.01,100,x20

2018-06-05 14:21:14,545 INFO 815: POS,0,C90C,4.06,1.65,-0.00,100,x21

2018-06-05 14:21:14,645 INFO 816: POS,0,C90C,4.07,1.58,0.02,100,x22

2018-06-05 14:21:14,745 INFO 817: POS,0,C90C,4.07,1.47,0.01,100,x23

2018-06-05 14:21:14,845 INFO 818: POS,0,C90C,4.05,1.41,0.03,100,x24

2018-06-05 14:21:14,945 INFO 819: POS,0,C90C,3.99,1.36,0.02,52,x25

2018-06-05 14:21:15,045 INFO 820: POS,0,C90C,3.97,1.29,0.01,100,x26

2018-06-05 14:21:15,145 INFO 821: POS,0,C90C,3.97,1.24,0.03,100,x27

2018-06-05 14:21:15,245 INFO 822: POS,0,C90C,4.00,1.18,0.04,100,x28

2018-06-05 14:21:15,345 INFO 823: POS,0,C90C,4.01,1.13,0.03,100,x29

2018-06-05 14:21:15,445 INFO 824: POS,0,C90C,4.02,1.11,0.05,100,x2A

2018-06-05 14:21:15,545 INFO 825: POS,0,C90C,3.97,1.11,0.02,97,x2B

2018-06-05 14:21:15,646 INFO 826: POS,0,C90C,3.99,1.13,0.04,95,x2C

2018-06-05 14:21:15,747 INFO 827: POS,0,C90C,3.98,1.14,0.07,50,x2D

2018-06-05 14:21:15,847 INFO 828: POS,0,C90C,4.00,1.18,0.07,100,x2E

2018-06-05 14:21:15,947 INFO 829: POS,0,C90C,4.02,1.21,0.06,100,x2F

2018-06-05 14:21:16,047 INFO 830: POS,0,C90C,4.03,1.29,0.04,100,x30

2018-06-05 14:21:16,147 INFO 831: POS,0,C90C,4.04,1.42,0.04,100,x31

2018-06-05 14:21:16,247 INFO 832: POS,0,C90C,4.03,1.53,0.04,50,x32

2018-06-05 14:21:16,347 INFO 833: POS,0,C90C,4.03,1.65,0.04,98,x33

2018-06-05 14:21:16,447 INFO 834: POS,0,C90C,4.02,1.73,0.04,98,x34

2018-06-05 14:21:16,547 INFO 835: POS,0,C90C,4.04,1.75,0.05,98,x35

2018-06-05 14:21:16,647 INFO 836: POS,0,C90C,4.02,1.72,0.03,100,x36

2018-06-05 14:21:16,747 INFO 837: POS,0,C90C,4.01,1.64,0.06,50,x37

2018-06-05 14:21:16,847 INFO 838: POS,0,C90C,4.02,1.55,0.06,100,x38

2018-06-05 14:21:16,947 INFO 839: POS,0,C90C,4.04,1.46,0.05,100,x39

2018-06-05 14:21:17,047 INFO 840: POS,0,C90C,4.03,1.41,0.05,50,x3A

2018-06-05 14:21:17,147 INFO 841: POS,0,C90C,3.99,1.32,0.03,100,x3B

2018-06-05 14:21:17,247 INFO 842: POS,0,C90C,3.96,1.24,0.02,100,x3C

2018-06-05 14:21:17,347 INFO 843: POS,0,C90C,3.95,1.23,0.04,100,x3D

2018-06-05 14:21:17,447 INFO 844: POS,0,C90C,3.93,1.22,0.06,100,x3E

2018-06-05 14:21:17,547 INFO 845: POS,0,C90C,3.98,1.15,0.07,100,x3F

2018-06-05 14:21:17,647 INFO 846: POS,0,C90C,3.95,1.13,0.05,94,x40

2018-06-05 14:21:17,747 INFO 847: POS,0,C90C,3.90,1.17,0.02,60,x41

2018-06-05 14:21:17,847 INFO 848: POS,0,C90C,3.93,1.19,0.04,100,x42

2018-06-05 14:21:17,947 INFO 849: POS,0,C90C,3.96,1.19,0.04,100,x43

2018-06-05 14:21:18,047 INFO 850: POS,0,C90C,3.99,1.23,0.04,100,x44

2018-06-05 14:21:18,147 INFO 851: POS,0,C90C,4.03,1.26,0.02,100,x45

2018-06-05 14:21:18,247 INFO 852: POS,0,C90C,4.02,1.36,0.03,100,x46

2018-06-05 14:21:18,347 INFO 853: POS,0,C90C,4.03,1.47,0.04,100,x47

2018-06-05 14:21:18,447 INFO 854: POS,0,C90C,4.04,1.60,0.06,50,x48

2018-06-05 14:21:18,547 INFO 855: POS,0,C90C,4.03,1.66,0.05,100,x49

2018-06-05 14:21:18,647 INFO 856: POS,0,C90C,4.05,1.69,0.05,50,x4A

2018-06-05 14:21:18,747 INFO 857: POS,0,C90C,4.03,1.68,0.06,50,x4B

2018-06-05 14:21:18,847 INFO 858: POS,0,C90C,4.05,1.59,0.03,100,x4C

2018-06-05 14:21:18,945 INFO 859: POS,0,C90C,4.04,1.53,0.03,100,x4D

2018-06-05 14:21:19,045 INFO 860: POS,0,C90C,4.05,1.44,0.04,100,x4E

2018-06-05 14:21:19,145 INFO 861: POS,0,C90C,4.04,1.39,0.05,100,x4F

2018-06-05 14:21:19,245 INFO 862: POS,0,C90C,3.97,1.39,0.02,0,x50

2018-06-05 14:21:19,345 INFO 863: POS,0,C90C,3.92,1.27,-0.01,50,x51

2018-06-05 14:21:19,445 INFO 864: POS,0,C90C,3.93,1.19,-0.00,100,x52

2018-06-05 14:21:19,545 INFO 865: POS,0,C90C,3.96,1.14,0.02,100,x53

2018-06-05 14:21:19,645 INFO 866: POS,0,C90C,3.98,1.09,0.03,100,x54

2018-06-05 14:21:19,745 INFO 867: POS,0,C90C,3.95,1.10,0.02,90,x55

2018-06-05 14:21:19,845 INFO 868: POS,0,C90C,4.03,1.08,-0.02,50,x56

2018-06-05 14:21:19,945 INFO 869: POS,0,C90C,4.02,1.14,0.00,98,x57

2018-06-05 14:21:20,045 INFO 870: POS,0,C90C,4.04,1.15,0.02,100,x58

2018-06-05 14:21:20,145 INFO 871: POS,0,C90C,4.04,1.18,0.04,100,x59

2018-06-05 14:21:20,245 INFO 872: POS,0,C90C,4.05,1.22,0.03,100,x5A

2018-06-05 14:21:20,345 INFO 873: POS,0,C90C,4.05,1.28,0.01,100,x5B

2018-06-05 14:21:20,445 INFO 874: POS,0,C90C,4.05,1.37,0.01,100,x5C

2018-06-05 14:21:20,545 INFO 875: POS,0,C90C,4.05,1.47,0.01,100,x5D

2018-06-05 14:21:20,645 INFO 876: POS,0,C90C,4.06,1.55,0.01,100,x5E

2018-06-05 14:21:20,745 INFO 877: POS,0,C90C,4.07,1.60,0.03,50,x5F

2018-06-05 14:21:20,845 INFO 878: POS,0,C90C,4.05,1.62,0.03,100,x60

2018-06-05 14:21:20,945 INFO 879: POS,0,C90C,4.07,1.54,0.01,100,x61

2018-06-05 14:21:21,045 INFO 880: POS,0,C90C,4.08,1.50,0.02,100,x62

2018-06-05 14:21:21,145 INFO 881: POS,0,C90C,4.09,1.42,0.02,100,x63

2018-06-05 14:21:21,245 INFO 882: POS,0,C90C,4.07,1.39,0.03,100,x64

2018-06-05 14:21:21,345 INFO 883: POS,0,C90C,4.06,1.34,0.03,50,x65

2018-06-05 14:21:21,445 INFO 884: POS,0,C90C,4.00,1.27,0.01,60,x66

2018-06-05 14:21:21,545 INFO 885: POS,0,C90C,3.97,1.23,-0.00,99,x67

2018-06-05 14:21:21,645 INFO 886: POS,0,C90C,3.96,1.17,0.01,100,x68

2018-06-05 14:21:21,745 INFO 887: POS,0,C90C,3.94,1.11,0.04,50,x69

2018-06-05 14:21:21,845 INFO 888: POS,0,C90C,3.92,1.10,0.02,50,x6A

2018-06-05 14:21:21,945 INFO 889: POS,0,C90C,3.89,1.11,0.00,61,x6B

2018-06-05 14:21:22,045 INFO 890: POS,0,C90C,3.92,1.15,0.02,96,x6C

2018-06-05 14:21:22,145 INFO 891: POS,0,C90C,3.95,1.16,0.02,100,x6D

2018-06-05 14:21:22,245 INFO 892: POS,0,C90C,3.97,1.19,0.04,100,x6E

2018-06-05 14:21:22,345 INFO 893: POS,0,C90C,4.00,1.24,0.06,100,x6F

2018-06-05 14:21:22,445 INFO 894: POS,0,C90C,4.03,1.28,0.04,100,x70

2018-06-05 14:21:22,545 INFO 895: POS,0,C90C,4.04,1.38,0.03,100,x71

2018-06-05 14:21:22,645 INFO 896: POS,0,C90C,4.08,1.47,0.03,100,x72

2018-06-05 14:21:22,745 INFO 897: POS,0,C90C,4.07,1.55,0.04,100,x73

2018-06-05 14:21:22,845 INFO 898: POS,0,C90C,4.09,1.62,0.05,100,x74

2018-06-05 14:21:22,945 INFO 899: POS,0,C90C,4.09,1.61,0.05,100,x75

2018-06-05 14:21:23,045 INFO 900: POS,0,C90C,4.10,1.56,0.02,100,x76

2018-06-05 14:21:23,145 INFO 901: POS,0,C90C,4.10,1.50,0.02,100,x77

2018-06-05 14:21:23,245 INFO 902: POS,0,C90C,4.08,1.45,0.03,100,x78

2018-06-05 14:21:23,345 INFO 903: POS,0,C90C,4.08,1.37,0.04,100,x79

2018-06-05 14:21:23,445 INFO 904: POS,0,C90C,4.06,1.35,0.05,100,x7A

2018-06-05 14:21:23,545 INFO 905: POS,0,C90C,4.00,1.31,0.04,63,x7B

2018-06-05 14:21:23,645 INFO 906: POS,0,C90C,3.97,1.27,0.02,91,x7C

2018-06-05 14:21:23,745 INFO 907: POS,0,C90C,3.94,1.21,0.00,100,x7D

2018-06-05 14:21:23,845 INFO 908: POS,0,C90C,3.93,1.15,-0.01,100,x7E

2018-06-05 14:21:23,945 INFO 909: POS,0,C90C,3.91,1.16,-0.01,89,x7F

2018-06-05 14:21:24,045 INFO 910: POS,0,C90C,3.90,1.14,-0.01,90,x80

2018-06-05 14:21:24,145 INFO 911: POS,0,C90C,3.90,1.20,-0.01,79,x81

2018-06-05 14:21:24,245 INFO 912: POS,0,C90C,3.93,1.19,0.00,100,x82

2018-06-05 14:21:24,345 INFO 913: POS,0,C90C,3.97,1.20,0.01,100,x83

2018-06-05 14:21:24,445 INFO 914: POS,0,C90C,3.99,1.23,0.03,100,x84

2018-06-05 14:21:24,545 INFO 915: POS,0,C90C,4.02,1.27,0.03,100,x85

2018-06-05 14:21:24,645 INFO 916: POS,0,C90C,4.03,1.33,0.01,100,x86

2018-06-05 14:21:24,745 INFO 917: POS,0,C90C,4.04,1.39,0.01,100,x87

2018-06-05 14:21:24,845 INFO 918: POS,0,C90C,4.08,1.47,0.02,100,x88

2018-06-05 14:21:24,945 INFO 919: POS,0,C90C,4.10,1.53,0.02,100,x89

2018-06-05 14:21:25,045 INFO 920: POS,0,C90C,4.10,1.55,0.03,100,x8A

2018-06-05 14:21:25,145 INFO 921: POS,0,C90C,4.10,1.55,0.01,100,x8B

2018-06-05 14:21:25,245 INFO 922: POS,0,C90C,4.09,1.52,0.02,100,x8C

2018-06-05 14:21:25,345 INFO 923: POS,0,C90C,4.07,1.49,0.04,50,x8D

2018-06-05 14:21:25,445 INFO 924: POS,0,C90C,4.07,1.41,0.04,100,x8E

2018-06-05 14:21:25,545 INFO 925: POS,0,C90C,4.06,1.34,0.04,100,x8F

2018-06-05 14:21:25,645 INFO 926: POS,0,C90C,4.05,1.31,0.04,96,x90

2018-06-05 14:21:25,745 INFO 927: POS,0,C90C,3.99,1.26,0.05,59,x91

2018-06-05 14:21:25,845 INFO 928: POS,0,C90C,3.96,1.22,0.04,92,x92

2018-06-05 14:21:25,945 INFO 929: POS,0,C90C,3.93,1.19,0.02,100,x93

2018-06-05 14:21:26,045 INFO 930: POS,0,C90C,3.91,1.17,0.01,95,x94

2018-06-05 14:21:26,145 INFO 931: POS,0,C90C,3.89,1.17,-0.00,100,x95

2018-06-05 14:21:26,245 INFO 932: POS,0,C90C,3.88,1.18,-0.01,71,x96

2018-06-05 14:21:26,345 INFO 933: POS,0,C90C,3.92,1.18,0.01,100,x97

2018-06-05 14:21:26,445 INFO 934: POS,0,C90C,3.96,1.19,0.02,100,x98

2018-06-05 14:21:26,545 INFO 935: POS,0,C90C,3.99,1.21,0.04,100,x99

2018-06-05 14:21:26,645 INFO 936: POS,0,C90C,4.01,1.24,0.05,100,x9A

2018-06-05 14:21:26,745 INFO 937: POS,0,C90C,4.02,1.29,0.03,100,x9B

2018-06-05 14:21:26,845 INFO 938: POS,0,C90C,4.03,1.35,0.00,100,x9C

2018-06-05 14:21:26,945 INFO 939: POS,0,C90C,4.04,1.42,0.01,100,x9D

2018-06-05 14:21:27,045 INFO 940: POS,0,C90C,4.06,1.54,0.07,50,x9E

2018-06-05 14:21:27,145 INFO 941: POS,0,C90C,4.05,1.56,0.06,100,x9F

2018-06-05 14:21:27,245 INFO 942: POS,0,C90C,4.05,1.56,0.05,100,xA0

2018-06-05 14:21:27,345 INFO 943: POS,0,C90C,4.06,1.51,0.03,100,xA1

2018-06-05 14:21:27,445 INFO 944: POS,0,C90C,4.04,1.47,0.05,100,xA2

2018-06-05 14:21:27,545 INFO 945: POS,0,C90C,4.06,1.41,0.04,100,xA3

2018-06-05 14:21:27,645 INFO 946: POS,0,C90C,4.07,1.35,0.03,100,xA4

2018-06-05 14:21:27,745 INFO 947: POS,0,C90C,4.05,1.36,0.03,97,xA5

2018-06-05 14:21:27,845 INFO 948: POS,0,C90C,4.00,1.31,0.01,72,xA6

2018-06-05 14:21:27,945 INFO 949: POS,0,C90C,3.96,1.24,0.00,100,xA7

2018-06-05 14:21:28,045 INFO 950: POS,0,C90C,3.94,1.22,-0.02,50,xA8

2018-06-05 14:21:28,145 INFO 951: POS,0,C90C,3.92,1.20,-0.02,90,xA9

2018-06-05 14:21:28,245 INFO 952: POS,0,C90C,3.91,1.16,-0.01,100,xAA

2018-06-05 14:21:28,345 INFO 953: POS,0,C90C,3.86,1.22,-0.02,0,xAB

2018-06-05 14:21:28,445 INFO 954: POS,0,C90C,3.90,1.23,-0.01,100,xAC

2018-06-05 14:21:28,545 INFO 955: POS,0,C90C,3.96,1.22,-0.01,100,xAD

2018-06-05 14:21:28,645 INFO 956: POS,0,C90C,4.00,1.16,-0.02,100,xAE

2018-06-05 14:21:28,745 INFO 957: POS,0,C90C,4.02,1.21,0.00,50,xAF

2018-06-05 14:21:28,845 INFO 958: POS,0,C90C,3.93,1.12,0.04,0,xB0

2018-06-05 14:21:28,945 INFO 959: POS,0,C90C,3.97,1.21,0.02,100,xB1

2018-06-05 14:21:29,045 INFO 960: POS,0,C90C,3.99,1.30,0.00,100,xB2

2018-06-05 14:21:29,145 INFO 961: POS,0,C90C,4.03,1.36,-0.00,100,xB3

2018-06-05 14:21:29,245 INFO 962: POS,0,C90C,4.04,1.37,-0.02,100,xB4

2018-06-05 14:21:29,345 INFO 963: POS,0,C90C,4.05,1.43,-0.02,100,xB5

2018-06-05 14:21:29,445 INFO 964: POS,0,C90C,4.06,1.32,-0.06,50,xB6

2018-06-05 14:21:29,545 INFO 965: POS,0,C90C,4.08,1.32,-0.02,100,xB7

2018-06-05 14:21:29,645 INFO 966: POS,0,C90C,4.06,1.29,-0.00,100,xB8

2018-06-05 14:21:29,745 INFO 967: POS,0,C90C,4.07,1.26,0.01,50,xB9

2018-06-05 14:21:29,845 INFO 968: POS,0,C90C,4.02,1.24,0.06,50,xBA

2018-06-05 14:21:29,945 INFO 969: POS,0,C90C,4.02,1.24,0.04,91,xBB

2018-06-05 14:21:30,045 INFO 970: POS,0,C90C,3.99,1.16,0.03,50,xBC

2018-06-05 14:21:30,145 INFO 971: POS,0,C90C,3.96,1.15,0.00,94,xBD

2018-06-05 14:21:30,245 INFO 972: POS,0,C90C,3.90,1.20,-0.03,74,xBE

2018-06-05 14:21:30,345 INFO 973: POS,0,C90C,3.89,1.16,-0.03,100,xBF

2018-06-05 14:21:30,445 INFO 974: POS,0,C90C,3.87,1.11,-0.06,74,xC0

2018-06-05 14:21:30,545 INFO 975: POS,0,C90C,3.91,1.11,-0.03,100,xC1

2018-06-05 14:21:30,645 INFO 976: POS,0,C90C,3.94,1.16,-0.02,96,xC2

2018-06-05 14:21:30,745 INFO 977: POS,0,C90C,3.97,1.07,-0.05,100,xC3

2018-06-05 14:21:30,845 INFO 978: POS,0,C90C,4.00,1.10,-0.04,100,xC4

2018-06-05 14:21:30,945 INFO 979: POS,0,C90C,4.03,1.18,-0.03,100,xC5

2018-06-05 14:21:31,045 INFO 980: POS,0,C90C,4.05,1.25,-0.01,100,xC6

2018-06-05 14:21:31,145 INFO 981: POS,0,C90C,4.06,1.35,-0.02,100,xC7

2018-06-05 14:21:31,245 INFO 982: POS,0,C90C,4.06,1.41,-0.03,100,xC8

2018-06-05 14:21:31,345 INFO 983: POS,0,C90C,4.07,1.45,-0.02,100,xC9

2018-06-05 14:21:31,445 INFO 984: POS,0,C90C,4.08,1.47,-0.01,100,xCA

2018-06-05 14:21:31,545 INFO 985: POS,0,C90C,4.08,1.45,-0.02,100,xCB

2018-06-05 14:21:31,645 INFO 986: POS,0,C90C,4.08,1.40,0.00,100,xCC

2018-06-05 14:21:31,745 INFO 987: POS,0,C90C,4.09,1.35,0.02,100,xCD

2018-06-05 14:21:31,845 INFO 988: POS,0,C90C,4.09,1.33,0.03,100,xCE

2018-06-05 14:21:31,945 INFO 989: POS,0,C90C,4.06,1.30,0.04,100,xCF

2018-06-05 14:21:32,045 INFO 990: POS,0,C90C,4.06,1.27,0.05,100,xD0

2018-06-05 14:21:32,145 INFO 991: POS,0,C90C,4.00,1.25,0.03,68,xD1

2018-06-05 14:21:32,245 INFO 992: POS,0,C90C,3.97,1.19,0.02,50,xD2

2018-06-05 14:21:32,345 INFO 993: POS,0,C90C,3.93,1.16,0.02,100,xD3

2018-06-05 14:21:32,445 INFO 994: POS,0,C90C,3.91,1.13,0.02,100,xD4

2018-06-05 14:21:32,545 INFO 995: POS,0,C90C,3.89,1.15,0.00,58,xD5

2018-06-05 14:21:32,645 INFO 996: POS,0,C90C,3.93,1.16,0.01,50,xD6

2018-06-05 14:21:32,745 INFO 997: POS,0,C90C,3.95,1.19,0.03,100,xD7

2018-06-05 14:21:32,845 INFO 998: POS,0,C90C,3.99,1.16,0.03,100,xD8

2018-06-05 14:21:32,945 INFO 999: POS,0,C90C,4.01,1.21,0.05,100,xD9

2018-06-05 14:21:33,045 INFO 1000: POS,0,C90C,4.04,1.25,0.05,100,xDA

2018-06-05 14:21:33,145 INFO 1001: POS,0,C90C,4.06,1.26,0.03,100,xDB

2018-06-05 14:21:33,245 INFO 1002: POS,0,C90C,4.09,1.31,0.03,100,xDC

2018-06-05 14:21:33,345 INFO 1003: POS,0,C90C,4.05,1.38,0.05,50,xDD

2018-06-05 14:21:33,445 INFO 1004: POS,0,C90C,4.05,1.42,0.03,100,xDE

2018-06-05 14:21:33,545 INFO 1005: POS,0,C90C,4.04,1.46,0.03,100,xDF

2018-06-05 14:21:33,645 INFO 1006: POS,0,C90C,4.05,1.47,0.02,100,xE0

2018-06-05 14:21:33,745 INFO 1007: POS,0,C90C,4.06,1.44,0.02,100,xE1

2018-06-05 14:21:33,845 INFO 1008: POS,0,C90C,4.05,1.43,0.03,100,xE2

2018-06-05 14:21:33,945 INFO 1009: POS,0,C90C,4.05,1.37,0.03,100,xE3

2018-06-05 14:21:34,045 INFO 1010: POS,0,C90C,4.06,1.32,0.02,100,xE4

2018-06-05 14:21:34,145 INFO 1011: POS,0,C90C,4.04,1.32,0.03,100,xE5

2018-06-05 14:21:34,245 INFO 1012: POS,0,C90C,3.99,1.33,0.02,75,xE6

2018-06-05 14:21:34,345 INFO 1013: POS,0,C90C,3.97,1.25,0.02,64,xE7

2018-06-05 14:21:34,445 INFO 1014: POS,0,C90C,3.95,1.20,0.02,62,xE8

2018-06-05 14:21:34,545 INFO 1015: POS,0,C90C,3.93,1.17,-0.00,99,xE9

2018-06-05 14:21:34,645 INFO 1016: POS,0,C90C,3.89,1.17,-0.02,57,xEA

2018-06-05 14:21:34,745 INFO 1017: POS,0,C90C,3.92,1.18,-0.00,96,xEB

2018-06-05 14:21:34,845 INFO 1018: POS,0,C90C,3.95,1.19,0.02,100,xEC

2018-06-05 14:21:34,945 INFO 1019: POS,0,C90C,3.99,1.19,0.02,100,xED

2018-06-05 14:21:35,045 INFO 1020: POS,0,C90C,4.00,1.21,0.02,100,xEE

2018-06-05 14:21:35,145 INFO 1021: POS,0,C90C,4.02,1.25,0.03,100,xEF

2018-06-05 14:21:35,245 INFO 1022: POS,0,C90C,4.04,1.28,0.03,100,xF0

2018-06-05 14:21:35,345 INFO 1023: POS,0,C90C,4.06,1.31,0.03,100,xF1

2018-06-05 14:21:35,445 INFO 1024: POS,0,C90C,4.07,1.37,0.02,100,xF2

2018-06-05 14:21:35,545 INFO 1025: POS,0,C90C,4.07,1.41,0.02,100,xF3

2018-06-05 14:21:35,645 INFO 1026: POS,0,C90C,4.07,1.45,0.02,100,xF4

2018-06-05 14:21:35,845 INFO 1028: POS,0,C90C,4.08,1.39,0.01,100,xF6

2018-06-05 14:21:35,945 INFO 1029: POS,0,C90C,4.06,1.39,0.02,100,xF7

2018-06-05 14:21:36,045 INFO 1030: POS,0,C90C,4.05,1.37,0.03,100,xF8

2018-06-05 14:21:36,145 INFO 1031: POS,0,C90C,4.06,1.29,0.02,100,xF9

2018-06-05 14:21:36,245 INFO 1032: POS,0,C90C,4.04,1.29,0.05,100,xFA

2018-06-05 14:21:36,345 INFO 1033: POS,0,C90C,4.03,1.30,0.03,50,xFB

2018-06-05 14:21:36,445 INFO 1034: POS,0,C90C,3.97,1.31,0.02,55,xFC

2018-06-05 14:21:36,545 INFO 1035: POS,0,C90C,3.93,1.26,0.01,63,xFD

2018-06-05 14:21:36,645 INFO 1036: POS,0,C90C,4.00,1.27,-0.10,50,xFE

2018-06-05 14:21:36,745 INFO 1037: POS,0,C90C,3.97,1.23,-0.08,62,xFF

2018-06-05 14:21:36,845 INFO 1038: POS,0,C90C,3.96,1.24,-0.06,79,x00

2018-06-05 14:21:36,945 INFO 1039: POS,0,C90C,4.00,1.20,-0.02,100,x01

2018-06-05 14:21:37,045 INFO 1040: POS,0,C90C,3.99,1.20,0.01,50,x02

2018-06-05 14:21:37,145 INFO 1041: POS,0,C90C,4.01,1.21,0.03,50,x03

2018-06-05 14:21:37,245 INFO 1042: POS,0,C90C,4.03,1.25,0.04,100,x04

2018-06-05 14:21:37,345 INFO 1043: POS,0,C90C,4.03,1.25,0.05,100,x05

2018-06-05 14:21:37,445 INFO 1044: POS,0,C90C,4.06,1.27,0.03,100,x06

2018-06-05 14:21:37,545 INFO 1045: POS,0,C90C,4.08,1.33,0.02,100,x07

2018-06-05 14:21:37,645 INFO 1046: POS,0,C90C,4.08,1.38,0.01,100,x08

2018-06-05 14:21:37,745 INFO 1047: POS,0,C90C,4.08,1.42,0.00,100,x09

2018-06-05 14:21:37,845 INFO 1048: POS,0,C90C,4.08,1.41,-0.01,100,x0A

2018-06-05 14:21:37,945 INFO 1049: POS,0,C90C,4.04,1.39,0.03,50,x0B

2018-06-05 14:21:38,045 INFO 1050: POS,0,C90C,4.05,1.37,0.04,100,x0C

2018-06-05 14:21:38,145 INFO 1051: POS,0,C90C,4.04,1.35,0.03,100,x0D

2018-06-05 14:21:38,245 INFO 1052: POS,0,C90C,4.05,1.29,0.03,100,x0E

2018-06-05 14:21:38,345 INFO 1053: POS,0,C90C,4.04,1.28,0.04,100,x0F

2018-06-05 14:21:38,445 INFO 1054: POS,0,C90C,4.03,1.28,0.05,50,x10

2018-06-05 14:21:38,545 INFO 1055: POS,0,C90C,3.99,1.29,0.03,73,x11

2018-06-05 14:21:38,645 INFO 1056: POS,0,C90C,3.95,1.23,0.03,62,x12

2018-06-05 14:21:38,745 INFO 1057: POS,0,C90C,4.00,1.18,-0.03,50,x13

2018-06-05 14:21:38,845 INFO 1058: POS,0,C90C,3.96,1.17,-0.02,54,x14

2018-06-05 14:21:38,945 INFO 1059: POS,0,C90C,3.96,1.18,-0.01,84,x15

2018-06-05 14:21:39,045 INFO 1060: POS,0,C90C,3.99,1.18,0.01,100,x16

2018-06-05 14:21:39,145 INFO 1061: POS,0,C90C,4.00,1.20,0.01,100,x17

2018-06-05 14:21:39,245 INFO 1062: POS,0,C90C,4.02,1.21,0.02,100,x18

2018-06-05 14:21:39,345 INFO 1063: POS,0,C90C,4.03,1.23,0.03,100,x19

2018-06-05 14:21:39,445 INFO 1064: POS,0,C90C,4.06,1.26,0.04,100,x1A

2018-06-05 14:21:39,545 INFO 1065: POS,0,C90C,4.07,1.28,0.03,100,x1B

2018-06-05 14:21:39,645 INFO 1066: POS,0,C90C,4.07,1.32,0.03,100,x1C

2018-06-05 14:21:39,745 INFO 1067: POS,0,C90C,4.06,1.40,0.04,100,x1D

2018-06-05 14:21:39,845 INFO 1068: POS,0,C90C,4.05,1.45,0.04,100,x1E

2018-06-05 14:21:39,945 INFO 1069: POS,0,C90C,4.04,1.46,0.02,100,x1F

2018-06-05 14:21:40,045 INFO 1070: POS,0,C90C,4.06,1.44,0.02,100,x20

2018-06-05 14:21:40,145 INFO 1071: POS,0,C90C,4.06,1.39,0.02,50,x21

2018-06-05 14:21:40,245 INFO 1072: POS,0,C90C,4.05,1.37,0.04,100,x22

2018-06-05 14:21:40,345 INFO 1073: POS,0,C90C,4.05,1.32,0.02,100,x23

2018-06-05 14:21:40,445 INFO 1074: POS,0,C90C,4.06,1.28,0.02,100,x24

2018-06-05 14:21:40,545 INFO 1075: POS,0,C90C,4.04,1.26,0.03,100,x25

2018-06-05 14:21:40,647 INFO 1076: POS,0,C90C,4.02,1.22,0.02,100,x26

2018-06-05 14:21:40,747 INFO 1077: POS,0,C90C,3.97,1.22,-0.00,50,x27

2018-06-05 14:21:40,847 INFO 1078: POS,0,C90C,3.94,1.19,-0.02,64,x28

2018-06-05 14:21:40,947 INFO 1079: POS,0,C90C,3.91,1.20,-0.01,0,x29

2018-06-05 14:21:41,047 INFO 1080: POS,0,C90C,3.90,1.20,-0.02,84,x2A

2018-06-05 14:21:41,147 INFO 1081: POS,0,C90C,3.95,1.17,-0.00,100,x2B

2018-06-05 14:21:41,247 INFO 1082: POS,0,C90C,3.97,1.17,0.02,100,x2C

2018-06-05 14:21:41,347 INFO 1083: POS,0,C90C,4.01,1.17,0.02,100,x2D

2018-06-05 14:21:41,447 INFO 1084: POS,0,C90C,4.04,1.19,0.02,100,x2E

2018-06-05 14:21:41,547 INFO 1085: POS,0,C90C,4.04,1.24,0.03,100,x2F

2018-06-05 14:21:41,647 INFO 1086: POS,0,C90C,4.05,1.26,0.01,100,x30

2018-06-05 14:21:41,747 INFO 1087: POS,0,C90C,4.08,1.28,0.01,100,x31

2018-06-05 14:21:41,847 INFO 1088: POS,0,C90C,4.09,1.33,0.00,100,x32

2018-06-05 14:21:41,947 INFO 1089: POS,0,C90C,4.09,1.38,0.00,100,x33

2018-06-05 14:21:42,047 INFO 1090: POS,0,C90C,4.09,1.39,-0.00,100,x34

2018-06-05 14:21:42,147 INFO 1091: POS,0,C90C,4.10,1.38,-0.01,100,x35

2018-06-05 14:21:42,247 INFO 1092: POS,0,C90C,4.09,1.34,-0.00,100,x36

2018-06-05 14:21:42,347 INFO 1093: POS,0,C90C,4.07,1.35,0.02,100,x37

2018-06-05 14:21:42,447 INFO 1094: POS,0,C90C,4.05,1.34,0.02,100,x38

2018-06-05 14:21:42,547 INFO 1095: POS,0,C90C,4.06,1.28,0.02,100,x39

2018-06-05 14:21:42,647 INFO 1096: POS,0,C90C,4.04,1.24,0.04,100,x3A

2018-06-05 14:21:42,747 INFO 1097: POS,0,C90C,4.02,1.24,0.03,100,x3B

2018-06-05 14:21:42,847 INFO 1098: POS,0,C90C,3.98,1.25,0.03,70,x3C

2018-06-05 14:21:42,947 INFO 1099: POS,0,C90C,3.95,1.25,0.02,58,x3D

2018-06-05 14:21:43,047 INFO 1100: POS,0,C90C,3.92,1.23,0.01,64,x3E

2018-06-05 14:21:43,147 INFO 1101: POS,0,C90C,3.92,1.23,0.00,82,x3F

2018-06-05 14:21:43,247 INFO 1102: POS,0,C90C,3.95,1.20,0.01,100,x40

2018-06-05 14:21:43,347 INFO 1103: POS,0,C90C,3.96,1.22,0.04,50,x41

2018-06-05 14:21:43,447 INFO 1104: POS,0,C90C,4.00,1.20,0.04,100,x42

2018-06-05 14:21:43,547 INFO 1105: POS,0,C90C,4.02,1.22,0.03,100,x43

2018-06-05 14:21:43,647 INFO 1106: POS,0,C90C,4.03,1.28,0.06,50,x44

2018-06-05 14:21:43,747 INFO 1107: POS,0,C90C,4.04,1.28,0.05,100,x45

2018-06-05 14:21:43,847 INFO 1108: POS,0,C90C,4.05,1.29,0.02,50,x46

2018-06-05 14:21:43,945 INFO 1109: POS,0,C90C,4.07,1.31,0.02,100,x47

2018-06-05 14:21:44,045 INFO 1110: POS,0,C90C,4.08,1.34,0.01,100,x48

2018-06-05 14:21:44,145 INFO 1111: POS,0,C90C,4.09,1.37,0.01,100,x49

2018-06-05 14:21:44,245 INFO 1112: POS,0,C90C,4.07,1.39,0.01,100,x4A

2018-06-05 14:21:44,345 INFO 1113: POS,0,C90C,4.08,1.36,0.00,100,x4B

2018-06-05 14:21:44,445 INFO 1114: POS,0,C90C,4.07,1.35,0.03,100,x4C

2018-06-05 14:21:44,545 INFO 1115: POS,0,C90C,4.05,1.33,0.03,100,x4D

2018-06-05 14:21:44,645 INFO 1116: POS,0,C90C,4.05,1.27,0.03,100,x4E

2018-06-05 14:21:44,745 INFO 1117: POS,0,C90C,4.02,1.25,0.04,50,x4F

2018-06-05 14:21:44,845 INFO 1118: POS,0,C90C,4.01,1.25,0.04,100,x50

2018-06-05 14:21:44,945 INFO 1119: POS,0,C90C,3.98,1.27,0.02,78,x51

2018-06-05 14:21:45,045 INFO 1120: POS,0,C90C,3.95,1.30,0.02,58,x52

2018-06-05 14:21:45,245 INFO 1122: POS,0,C90C,3.97,1.27,-0.01,50,x54

2018-06-05 14:21:45,345 INFO 1123: POS,0,C90C,3.98,1.23,0.02,100,x55

2018-06-05 14:21:45,445 INFO 1124: POS,0,C90C,3.99,1.25,0.02,50,x56

2018-06-05 14:21:45,545 INFO 1125: POS,0,C90C,4.02,1.22,0.02,100,x57

2018-06-05 14:21:45,645 INFO 1126: POS,0,C90C,4.03,1.23,0.02,99,x58

2018-06-05 14:21:45,745 INFO 1127: POS,0,C90C,4.04,1.25,0.04,100,x59

2018-06-05 14:21:45,845 INFO 1128: POS,0,C90C,4.06,1.34,0.08,50,x5A

2018-06-05 14:21:45,945 INFO 1129: POS,0,C90C,4.06,1.34,0.07,100,x5B

2018-06-05 14:21:46,045 INFO 1130: POS,0,C90C,4.08,1.33,0.06,100,x5C

2018-06-05 14:21:46,145 INFO 1131: POS,0,C90C,4.09,1.36,0.05,100,x5D

2018-06-05 14:21:46,245 INFO 1132: POS,0,C90C,4.09,1.37,0.02,100,x5E

2018-06-05 14:21:46,345 INFO 1133: POS,0,C90C,4.09,1.38,0.02,100,x5F

2018-06-05 14:21:46,445 INFO 1134: POS,0,C90C,4.09,1.35,-0.00,100,x60

2018-06-05 14:21:46,545 INFO 1135: POS,0,C90C,4.07,1.34,0.02,100,x61

2018-06-05 14:21:46,645 INFO 1136: POS,0,C90C,4.05,1.34,0.02,100,x62

2018-06-05 14:21:46,745 INFO 1137: POS,0,C90C,4.07,1.26,0.01,100,x63

2018-06-05 14:21:46,845 INFO 1138: POS,0,C90C,4.05,1.24,0.02,100,x64

2018-06-05 14:21:46,945 INFO 1139: POS,0,C90C,4.03,1.26,0.02,100,x65

2018-06-05 14:21:47,045 INFO 1140: POS,0,C90C,4.02,1.23,0.03,100,x66

2018-06-05 14:21:47,145 INFO 1141: POS,0,C90C,3.98,1.24,0.02,76,x67

2018-06-05 14:21:47,245 INFO 1142: POS,0,C90C,3.95,1.24,0.01,77,x68

2018-06-05 14:21:47,345 INFO 1143: POS,0,C90C,3.97,1.19,0.02,93,x69

2018-06-05 14:21:47,445 INFO 1144: POS,0,C90C,3.97,1.23,0.02,100,x6A

2018-06-05 14:21:47,545 INFO 1145: POS,0,C90C,3.99,1.21,0.03,100,x6B

2018-06-05 14:21:47,645 INFO 1146: POS,0,C90C,4.00,1.21,0.04,100,x6C

2018-06-05 14:21:47,745 INFO 1147: POS,0,C90C,4.03,1.28,0.08,50,x6D

2018-06-05 14:21:47,845 INFO 1148: POS,0,C90C,4.05,1.29,0.08,100,x6E

2018-06-05 14:21:47,945 INFO 1149: POS,0,C90C,4.06,1.30,0.08,100,x6F

2018-06-05 14:21:48,045 INFO 1150: POS,0,C90C,4.08,1.30,0.06,100,x70

2018-06-05 14:21:48,145 INFO 1151: POS,0,C90C,4.09,1.30,0.03,100,x71

2018-06-05 14:21:48,245 INFO 1152: POS,0,C90C,4.07,1.33,0.03,100,x72

2018-06-05 14:21:48,345 INFO 1153: POS,0,C90C,4.07,1.36,0.03,100,x73

2018-06-05 14:21:48,445 INFO 1154: POS,0,C90C,4.08,1.40,0.02,100,x74

2018-06-05 14:21:48,545 INFO 1155: POS,0,C90C,4.08,1.36,0.02,100,x75

2018-06-05 14:21:48,645 INFO 1156: POS,0,C90C,4.05,1.36,0.02,100,x76

2018-06-05 14:21:48,745 INFO 1157: POS,0,C90C,4.04,1.34,0.04,100,x77

2018-06-05 14:21:48,845 INFO 1158: POS,0,C90C,4.05,1.28,0.04,100,x78

2018-06-05 14:21:48,945 INFO 1159: POS,0,C90C,4.03,1.25,0.03,100,x79

2018-06-05 14:21:49,045 INFO 1160: POS,0,C90C,4.03,1.24,0.04,100,x7A

2018-06-05 14:21:49,145 INFO 1161: POS,0,C90C,4.01,1.25,0.04,98,x7B

2018-06-05 14:21:49,245 INFO 1162: POS,0,C90C,4.00,1.25,0.03,89,x7C

2018-06-05 14:21:49,345 INFO 1163: POS,0,C90C,4.00,1.23,0.03,89,x7D

2018-06-05 14:21:49,445 INFO 1164: POS,0,C90C,4.00,1.20,0.03,93,x7E

2018-06-05 14:21:49,545 INFO 1165: POS,0,C90C,3.99,1.21,0.03,100,x7F

2018-06-05 14:21:49,645 INFO 1166: POS,0,C90C,3.99,1.19,0.05,50,x80

2018-06-05 14:21:49,745 INFO 1167: POS,0,C90C,4.00,1.20,0.04,100,x81

2018-06-05 14:21:49,845 INFO 1168: POS,0,C90C,4.04,1.27,0.09,50,x82

2018-06-05 14:21:49,945 INFO 1169: POS,0,C90C,4.05,1.27,0.07,100,x83

2018-06-05 14:21:50,045 INFO 1170: POS,0,C90C,4.05,1.30,0.08,100,x84

2018-06-05 14:21:50,145 INFO 1171: POS,0,C90C,4.06,1.30,0.08,100,x85

2018-06-05 14:21:50,245 INFO 1172: POS,0,C90C,4.07,1.29,0.06,100,x86

2018-06-05 14:21:50,345 INFO 1173: POS,0,C90C,4.07,1.32,0.05,100,x87

2018-06-05 14:21:50,445 INFO 1174: POS,0,C90C,4.08,1.36,0.04,100,x88

2018-06-05 14:21:50,545 INFO 1175: POS,0,C90C,4.07,1.38,0.03,100,x89

2018-06-05 14:21:50,645 INFO 1176: POS,0,C90C,4.02,1.36,0.06,50,x8A

2018-06-05 14:21:50,745 INFO 1177: POS,0,C90C,4.01,1.36,0.06,100,x8B

2018-06-05 14:21:50,845 INFO 1178: POS,0,C90C,3.99,1.39,0.05,50,x8C

2018-06-05 14:21:50,945 INFO 1179: POS,0,C90C,4.01,1.34,0.05,100,x8D

2018-06-05 14:21:51,045 INFO 1180: POS,0,C90C,4.00,1.30,0.04,100,x8E

2018-06-05 14:21:51,145 INFO 1181: POS,0,C90C,4.00,1.28,0.04,100,x8F

2018-06-05 14:21:51,245 INFO 1182: POS,0,C90C,3.98,1.34,0.03,92,x90

2018-06-05 14:21:51,345 INFO 1183: POS,0,C90C,3.98,1.30,0.01,100,x91

2018-06-05 14:21:51,445 INFO 1184: POS,0,C90C,3.97,1.28,0.01,84,x92

2018-06-05 14:21:51,545 INFO 1185: POS,0,C90C,3.97,1.23,0.00,96,x93

2018-06-05 14:21:51,645 INFO 1186: POS,0,C90C,3.97,1.25,0.01,50,x94

2018-06-05 14:21:51,745 INFO 1187: POS,0,C90C,4.01,1.21,0.01,100,x95

2018-06-05 14:21:51,845 INFO 1188: POS,0,C90C,4.02,1.22,0.01,100,x96

2018-06-05 14:21:51,945 INFO 1189: POS,0,C90C,4.05,1.28,0.06,50,x97

2018-06-05 14:21:52,045 INFO 1190: POS,0,C90C,4.05,1.27,0.05,100,x98

2018-06-05 14:21:52,145 INFO 1191: POS,0,C90C,4.06,1.30,0.06,100,x99

2018-06-05 14:21:52,245 INFO 1192: POS,0,C90C,4.08,1.30,0.06,100,x9A

2018-06-05 14:21:52,345 INFO 1193: POS,0,C90C,4.08,1.32,0.04,100,x9B

2018-06-05 14:21:52,445 INFO 1194: POS,0,C90C,4.09,1.34,0.03,100,x9C

2018-06-05 14:21:52,545 INFO 1195: POS,0,C90C,4.08,1.37,0.04,100,x9D

2018-06-05 14:21:52,645 INFO 1196: POS,0,C90C,4.09,1.38,0.03,100,x9E

2018-06-05 14:21:52,745 INFO 1197: POS,0,C90C,4.09,1.37,0.03,100,x9F

2018-06-05 14:21:52,845 INFO 1198: POS,0,C90C,4.08,1.37,0.03,100,xA0

2018-06-05 14:21:52,945 INFO 1199: POS,0,C90C,4.07,1.38,0.04,100,xA1

2018-06-05 14:21:53,045 INFO 1200: POS,0,C90C,4.07,1.32,0.05,100,xA2

2018-06-05 14:21:53,145 INFO 1201: POS,0,C90C,4.07,1.25,0.04,100,xA3

2018-06-05 14:21:53,245 INFO 1202: POS,0,C90C,4.05,1.23,0.05,100,xA4

2018-06-05 14:21:53,345 INFO 1203: POS,0,C90C,4.04,1.23,0.05,100,xA5

2018-06-05 14:21:53,445 INFO 1204: POS,0,C90C,4.03,1.23,0.04,100,xA6

2018-06-05 14:21:53,545 INFO 1205: POS,0,C90C,4.03,1.20,0.03,100,xA7

2018-06-05 14:21:53,645 INFO 1206: POS,0,C90C,4.03,1.18,0.05,98,xA8

2018-06-05 14:21:53,745 INFO 1207: POS,0,C90C,4.03,1.21,0.05,97,xA9

2018-06-05 14:21:53,845 INFO 1208: POS,0,C90C,4.03,1.21,0.03,100,xAA

2018-06-05 14:21:53,945 INFO 1209: POS,0,C90C,4.05,1.20,0.03,50,xAB

2018-06-05 14:21:54,045 INFO 1210: POS,0,C90C,4.08,1.20,0.03,100,xAC

2018-06-05 14:21:54,145 INFO 1211: POS,0,C90C,4.07,1.21,0.03,100,xAD

2018-06-05 14:21:54,245 INFO 1212: POS,0,C90C,4.08,1.23,0.05,100,xAE

2018-06-05 14:21:54,345 INFO 1213: POS,0,C90C,4.08,1.26,0.05,100,xAF

2018-06-05 14:21:54,445 INFO 1214: POS,0,C90C,4.10,1.26,0.04,100,xB0

2018-06-05 14:21:54,545 INFO 1215: POS,0,C90C,4.10,1.27,0.05,100,xB1

2018-06-05 14:21:54,645 INFO 1216: POS,0,C90C,4.09,1.31,0.04,100,xB2

2018-06-05 14:21:54,745 INFO 1217: POS,0,C90C,4.09,1.33,0.04,100,xB3

2018-06-05 14:21:54,845 INFO 1218: POS,0,C90C,4.10,1.30,0.02,100,xB4

2018-06-05 14:21:54,945 INFO 1219: POS,0,C90C,4.09,1.31,0.04,100,xB5

2018-06-05 14:21:55,045 INFO 1220: POS,0,C90C,4.07,1.33,0.04,100,xB6

2018-06-05 14:21:55,145 INFO 1221: POS,0,C90C,4.05,1.33,0.06,100,xB7

2018-06-05 14:21:55,245 INFO 1222: POS,0,C90C,4.07,1.26,0.04,100,xB8

2018-06-05 14:21:55,345 INFO 1223: POS,0,C90C,4.07,1.24,0.04,100,xB9

2018-06-05 14:21:55,445 INFO 1224: POS,0,C90C,4.04,1.23,0.05,100,xBA

2018-06-05 14:21:55,545 INFO 1225: POS,0,C90C,4.04,1.23,0.03,100,xBB

2018-06-05 14:21:55,645 INFO 1226: POS,0,C90C,4.04,1.20,0.04,100,xBC

2018-06-05 14:21:55,745 INFO 1227: POS,0,C90C,4.04,1.20,0.05,97,xBD

2018-06-05 14:21:55,845 INFO 1228: POS,0,C90C,4.03,1.20,0.05,100,xBE

2018-06-05 14:21:55,945 INFO 1229: POS,0,C90C,4.04,1.22,0.06,100,xBF

2018-06-05 14:21:56,045 INFO 1230: POS,0,C90C,4.05,1.22,0.07,100,xC0

2018-06-05 14:21:56,145 INFO 1231: POS,0,C90C,4.07,1.23,0.06,100,xC1

2018-06-05 14:21:56,245 INFO 1232: POS,0,C90C,4.07,1.24,0.06,100,xC2

2018-06-05 14:21:56,345 INFO 1233: POS,0,C90C,4.07,1.27,0.06,50,xC3

2018-06-05 14:21:56,445 INFO 1234: POS,0,C90C,4.07,1.30,0.07,100,xC4

2018-06-05 14:21:56,545 INFO 1235: POS,0,C90C,4.07,1.30,0.06,100,xC5

2018-06-05 14:21:56,645 INFO 1236: POS,0,C90C,4.08,1.29,0.07,50,xC6

2018-06-05 14:21:56,745 INFO 1237: POS,0,C90C,4.09,1.31,0.06,100,xC7

2018-06-05 14:21:56,845 INFO 1238: POS,0,C90C,4.09,1.33,0.04,100,xC8

2018-06-05 14:21:56,945 INFO 1239: POS,0,C90C,4.08,1.33,0.04,100,xC9

2018-06-05 14:21:57,045 INFO 1240: POS,0,C90C,4.08,1.32,0.03,100,xCA

2018-06-05 14:21:57,145 INFO 1241: POS,0,C90C,4.06,1.34,0.04,100,xCB

2018-06-05 14:21:57,245 INFO 1242: POS,0,C90C,4.04,1.34,0.03,100,xCC

2018-06-05 14:21:57,345 INFO 1243: POS,0,C90C,4.04,1.27,0.02,100,xCD

2018-06-05 14:21:57,445 INFO 1244: POS,0,C90C,4.04,1.23,0.02,100,xCE

2018-06-05 14:21:57,545 INFO 1245: POS,0,C90C,4.03,1.23,0.04,100,xCF

2018-06-05 14:21:57,645 INFO 1246: POS,0,C90C,4.03,1.26,0.03,100,xD0

2018-06-05 14:21:57,745 INFO 1247: POS,0,C90C,4.03,1.23,0.03,100,xD1

2018-06-05 14:21:57,845 INFO 1248: POS,0,C90C,4.03,1.22,0.05,50,xD2

2018-06-05 14:21:57,945 INFO 1249: POS,0,C90C,4.02,1.23,0.05,100,xD3

2018-06-05 14:21:58,045 INFO 1250: POS,0,C90C,4.01,1.25,0.03,100,xD4

2018-06-05 14:21:58,145 INFO 1251: POS,0,C90C,4.03,1.23,0.05,98,xD5

2018-06-05 14:21:58,245 INFO 1252: POS,0,C90C,4.05,1.28,0.08,50,xD6

2018-06-05 14:21:58,345 INFO 1253: POS,0,C90C,4.05,1.26,0.07,100,xD7

2018-06-05 14:21:58,445 INFO 1254: POS,0,C90C,4.06,1.27,0.06,100,xD8

2018-06-05 14:21:58,545 INFO 1255: POS,0,C90C,4.06,1.29,0.06,100,xD9

2018-06-05 14:21:58,645 INFO 1256: POS,0,C90C,4.07,1.38,0.12,50,xDA

2018-06-05 14:21:58,745 INFO 1257: POS,0,C90C,4.08,1.35,0.10,100,xDB

2018-06-05 14:21:58,845 INFO 1258: POS,0,C90C,4.08,1.35,0.09,50,xDC

2018-06-05 14:21:58,945 INFO 1259: POS,0,C90C,4.08,1.35,0.06,100,xDD

2018-06-05 14:21:59,045 INFO 1260: POS,0,C90C,4.07,1.35,0.05,100,xDE

2018-06-05 14:21:59,145 INFO 1261: POS,0,C90C,4.07,1.34,0.04,100,xDF

2018-06-05 14:21:59,245 INFO 1262: POS,0,C90C,4.07,1.32,0.05,100,xE0

2018-06-05 14:21:59,345 INFO 1263: POS,0,C90C,4.05,1.33,0.06,100,xE1

2018-06-05 14:21:59,445 INFO 1264: POS,0,C90C,4.05,1.29,0.05,100,xE2

2018-06-05 14:21:59,545 INFO 1265: POS,0,C90C,4.04,1.24,0.05,100,xE3

2018-06-05 14:21:59,645 INFO 1266: POS,0,C90C,4.03,1.24,0.05,100,xE4

2018-06-05 14:21:59,747 INFO 1267: POS,0,C90C,4.04,1.24,0.05,100,xE5

2018-06-05 14:21:59,847 INFO 1268: POS,0,C90C,4.04,1.22,0.05,100,xE6

2018-06-05 14:21:59,947 INFO 1269: POS,0,C90C,4.03,1.20,0.07,100,xE7

2018-06-05 14:22:00,047 INFO 1270: POS,0,C90C,4.05,1.18,0.07,100,xE8

2018-06-05 14:22:00,147 INFO 1271: POS,0,C90C,4.04,1.18,0.07,100,xE9

2018-06-05 14:22:00,247 INFO 1272: POS,0,C90C,4.06,1.19,0.06,95,xEA

2018-06-05 14:22:00,347 INFO 1273: POS,0,C90C,4.07,1.23,0.06,50,xEB

2018-06-05 14:22:00,447 INFO 1274: POS,0,C90C,4.09,1.29,0.10,50,xEC

2018-06-05 14:22:00,547 INFO 1275: POS,0,C90C,4.08,1.29,0.08,100,xED

2018-06-05 14:22:00,647 INFO 1276: POS,0,C90C,4.07,1.29,0.09,50,xEE

2018-06-05 14:22:00,747 INFO 1277: POS,0,C90C,4.06,1.33,0.09,100,xEF

2018-06-05 14:22:00,847 INFO 1278: POS,0,C90C,4.06,1.35,0.08,100,xF0

2018-06-05 14:22:00,947 INFO 1279: POS,0,C90C,4.02,1.34,0.10,50,xF1

2018-06-05 14:22:01,147 INFO 1281: POS,0,C90C,4.05,1.32,0.05,100,xF3

2018-06-05 14:22:01,247 INFO 1282: POS,0,C90C,4.05,1.32,0.04,100,xF4

2018-06-05 14:22:01,347 INFO 1283: POS,0,C90C,4.06,1.31,0.05,100,xF5

2018-06-05 14:22:01,447 INFO 1284: POS,0,C90C,4.05,1.32,0.07,100,xF6

2018-06-05 14:22:01,547 INFO 1285: POS,0,C90C,4.04,1.28,0.06,100,xF7

2018-06-05 14:22:01,647 INFO 1286: POS,0,C90C,4.05,1.23,0.05,100,xF8

2018-06-05 14:22:01,747 INFO 1287: POS,0,C90C,4.05,1.24,0.04,100,xF9

2018-06-05 14:22:01,847 INFO 1288: POS,0,C90C,4.02,1.26,0.04,100,xFA

2018-06-05 14:22:01,947 INFO 1289: POS,0,C90C,4.01,1.29,0.01,50,xFB

2018-06-05 14:22:02,047 INFO 1290: POS,0,C90C,4.00,1.30,-0.00,98,xFC

2018-06-05 14:22:02,147 INFO 1291: POS,0,C90C,3.98,1.33,-0.02,92,xFD

2018-06-05 14:22:02,247 INFO 1292: POS,0,C90C,3.98,1.35,-0.01,50,xFE

2018-06-05 14:22:02,347 INFO 1293: POS,0,C90C,4.02,1.28,-0.02,100,xFF

2018-06-05 14:22:02,447 INFO 1294: POS,0,C90C,4.04,1.30,-0.00,95,x00

2018-06-05 14:22:02,547 INFO 1295: POS,0,C90C,4.03,1.31,-0.01,100,x01

2018-06-05 14:22:02,647 INFO 1296: POS,0,C90C,3.98,1.41,-0.02,81,x02

2018-06-05 14:22:02,747 INFO 1297: POS,0,C90C,4.00,1.60,-0.11,100,x03

2018-06-05 14:22:02,847 INFO 1298: POS,0,C90C,4.01,1.68,-0.11,100,x04

2018-06-05 14:22:02,947 INFO 1299: POS,0,C90C,3.98,1.71,-0.09,89,x05

2018-06-05 14:22:03,045 INFO 1300: POS,0,C90C,3.98,1.65,-0.06,100,x06

2018-06-05 14:22:03,145 INFO 1301: POS,0,C90C,3.97,1.62,-0.04,100,x07

2018-06-05 14:22:03,245 INFO 1302: POS,0,C90C,3.95,1.60,-0.01,50,x08

2018-06-05 14:22:03,345 INFO 1303: POS,0,C90C,3.95,1.58,0.00,100,x09

2018-06-05 14:22:03,445 INFO 1304: POS,0,C90C,3.93,1.64,0.01,83,x0A

2018-06-05 14:22:03,545 INFO 1305: POS,0,C90C,3.90,1.69,0.01,75,x0B

2018-06-05 14:22:03,645 INFO 1306: POS,0,C90C,3.93,1.57,-0.00,100,x0C

2018-06-05 14:22:03,745 INFO 1307: POS,0,C90C,3.89,1.59,-0.03,86,x0D

2018-06-05 14:22:03,845 INFO 1308: POS,0,C90C,3.89,1.57,-0.04,50,x0E

2018-06-05 14:22:03,945 INFO 1309: POS,0,C90C,3.92,1.53,-0.02,93,x0F

2018-06-05 14:22:04,045 INFO 1310: POS,0,C90C,3.93,1.52,-0.00,100,x10

2018-06-05 14:22:04,145 INFO 1311: POS,0,C90C,3.95,1.47,-0.01,100,x11

2018-06-05 14:22:04,245 INFO 1312: POS,0,C90C,3.95,1.43,-0.03,50,x12

2018-06-05 14:22:04,345 INFO 1313: POS,0,C90C,3.96,1.45,-0.04,75,x13

2018-06-05 14:22:04,445 INFO 1314: POS,0,C90C,3.97,1.45,0.01,77,x14

2018-06-05 14:22:04,545 INFO 1315: POS,0,C90C,3.97,1.45,0.02,50,x15

2018-06-05 14:22:04,645 INFO 1316: POS,0,C90C,3.96,1.46,0.00,96,x16

2018-06-05 14:22:04,745 INFO 1317: POS,0,C90C,3.95,1.45,-0.02,100,x17

2018-06-05 14:22:04,845 INFO 1318: POS,0,C90C,3.93,1.47,-0.03,94,x18

2018-06-05 14:22:04,945 INFO 1319: POS,0,C90C,3.91,1.49,-0.06,90,x19

2018-06-05 14:22:05,045 INFO 1320: POS,0,C90C,3.86,1.54,-0.09,85,x1A

2018-06-05 14:22:05,145 INFO 1321: POS,0,C90C,3.88,1.54,-0.10,50,x1B

2018-06-05 14:22:05,245 INFO 1322: POS,0,C90C,3.89,1.51,-0.09,50,x1C

2018-06-05 14:22:05,345 INFO 1323: POS,0,C90C,3.91,1.50,-0.08,100,x1D

2018-06-05 14:22:05,445 INFO 1324: POS,0,C90C,3.89,1.55,-0.08,77,x1E

2018-06-05 14:22:05,545 INFO 1325: POS,0,C90C,3.87,1.60,-0.08,78,x1F

2018-06-05 14:22:05,645 INFO 1326: POS,0,C90C,3.86,1.67,-0.07,72,x20

2018-06-05 14:22:05,745 INFO 1327: POS,0,C90C,3.85,1.70,-0.07,74,x21

2018-06-05 14:22:05,845 INFO 1328: POS,0,C90C,3.85,1.73,-0.05,69,x22

2018-06-05 14:22:05,945 INFO 1329: POS,0,C90C,3.85,1.75,-0.05,73,x23

2018-06-05 14:22:06,045 INFO 1330: POS,0,C90C,3.85,1.76,-0.05,69,x24

2018-06-05 14:22:06,145 INFO 1331: POS,0,C90C,3.83,1.77,-0.03,64,x25

2018-06-05 14:22:06,245 INFO 1332: POS,0,C90C,3.82,1.78,-0.02,71,x26

2018-06-05 14:22:06,345 INFO 1333: POS,0,C90C,3.86,1.73,-0.02,89,x27

2018-06-05 14:22:06,445 INFO 1334: POS,0,C90C,3.88,1.68,-0.01,93,x28

2018-06-05 14:22:06,545 INFO 1335: POS,0,C90C,3.90,1.62,-0.02,97,x29

2018-06-05 14:22:06,645 INFO 1336: POS,0,C90C,3.92,1.58,-0.02,90,x2A

2018-06-05 14:22:06,745 INFO 1337: POS,0,C90C,3.93,1.54,-0.03,100,x2B

2018-06-05 14:22:06,845 INFO 1338: POS,0,C90C,3.94,1.50,-0.03,100,x2C

2018-06-05 14:22:06,945 INFO 1339: POS,0,C90C,3.95,1.43,-0.03,100,x2D

2018-06-05 14:22:07,045 INFO 1340: POS,0,C90C,3.94,1.42,-0.05,50,x2E

2018-06-05 14:22:07,145 INFO 1341: POS,0,C90C,3.94,1.39,-0.04,100,x2F

2018-06-05 14:22:07,245 INFO 1342: POS,0,C90C,3.95,1.37,-0.05,100,x30

2018-06-05 14:22:07,345 INFO 1343: POS,0,C90C,3.95,1.35,-0.05,100,x31

2018-06-05 14:22:07,445 INFO 1344: POS,0,C90C,3.95,1.33,-0.05,100,x32

2018-06-05 14:22:07,545 INFO 1345: POS,0,C90C,3.96,1.36,-0.05,50,x33

2018-06-05 14:22:07,645 INFO 1346: POS,0,C90C,3.97,1.33,-0.03,100,x34

2018-06-05 14:22:07,745 INFO 1347: POS,0,C90C,3.97,1.34,-0.04,100,x35

2018-06-05 14:22:07,845 INFO 1348: POS,0,C90C,3.97,1.33,-0.03,100,x36

2018-06-05 14:22:07,945 INFO 1349: POS,0,C90C,3.97,1.35,-0.02,99,x37

2018-06-05 14:22:08,045 INFO 1350: POS,0,C90C,3.97,1.36,-0.02,100,x38

2018-06-05 14:22:08,145 INFO 1351: POS,0,C90C,3.98,1.35,-0.03,100,x39

2018-06-05 14:22:08,245 INFO 1352: POS,0,C90C,3.97,1.35,-0.04,100,x3A

2018-06-05 14:22:08,345 INFO 1353: POS,0,C90C,3.98,1.35,-0.04,100,x3B

2018-06-05 14:22:08,445 INFO 1354: POS,0,C90C,3.97,1.35,-0.03,100,x3C

2018-06-05 14:22:08,545 INFO 1355: POS,0,C90C,3.97,1.35,-0.03,100,x3D

2018-06-05 14:22:08,645 INFO 1356: POS,0,C90C,3.97,1.37,-0.03,100,x3E

2018-06-05 14:22:08,745 INFO 1357: POS,0,C90C,3.98,1.37,-0.03,100,x3F

2018-06-05 14:22:08,847 INFO 1358: POS,0,C90C,3.97,1.36,-0.03,100,x40

2018-06-05 14:22:08,947 INFO 1359: POS,0,C90C,3.96,1.36,-0.02,100,x41

2018-06-05 14:22:09,047 INFO 1360: POS,0,C90C,3.97,1.37,-0.02,50,x42

2018-06-05 14:22:09,147 INFO 1361: POS,0,C90C,3.97,1.39,-0.02,96,x43

2018-06-05 14:22:09,247 INFO 1362: POS,0,C90C,3.97,1.38,-0.02,100,x44

2018-06-05 14:22:09,348 INFO 1363: POS,0,C90C,3.98,1.38,-0.01,100,x45

2018-06-05 14:22:09,448 INFO 1364: POS,0,C90C,3.98,1.39,-0.02,100,x46

2018-06-05 14:22:09,547 INFO 1365: POS,0,C90C,3.97,1.38,-0.01,50,x47

2018-06-05 14:22:09,647 INFO 1366: POS,0,C90C,3.96,1.41,-0.03,97,x48

2018-06-05 14:22:09,747 INFO 1367: POS,0,C90C,3.96,1.42,-0.04,100,x49

2018-06-05 14:22:09,847 INFO 1368: POS,0,C90C,3.97,1.43,-0.03,93,x4A

2018-06-05 14:22:09,947 INFO 1369: POS,0,C90C,3.97,1.43,-0.03,100,x4B

2018-06-05 14:22:10,047 INFO 1370: POS,0,C90C,3.96,1.45,-0.02,92,x4C

2018-06-05 14:22:10,147 INFO 1371: POS,0,C90C,3.96,1.47,-0.02,91,x4D

2018-06-05 14:22:10,247 INFO 1372: POS,0,C90C,3.95,1.47,-0.03,98,x4E

2018-06-05 14:22:10,347 INFO 1373: POS,0,C90C,3.95,1.48,-0.03,100,x4F

2018-06-05 14:22:10,447 INFO 1374: POS,0,C90C,3.95,1.47,-0.02,94,x50

2018-06-05 14:22:10,547 INFO 1375: POS,0,C90C,3.95,1.49,-0.02,94,x51

2018-06-05 14:22:10,647 INFO 1376: POS,0,C90C,3.96,1.51,-0.02,90,x52

2018-06-05 14:22:10,747 INFO 1377: POS,0,C90C,3.96,1.49,-0.02,100,x53

2018-06-05 14:22:10,847 INFO 1378: POS,0,C90C,3.96,1.50,-0.03,93,x54

2018-06-05 14:22:10,947 INFO 1379: POS,0,C90C,3.94,1.51,-0.03,50,x55

2018-06-05 14:22:11,047 INFO 1380: POS,0,C90C,3.95,1.50,-0.03,92,x56

2018-06-05 14:22:11,147 INFO 1381: POS,0,C90C,3.95,1.50,-0.04,100,x57

2018-06-05 14:22:11,247 INFO 1382: POS,0,C90C,3.95,1.51,-0.04,100,x58

2018-06-05 14:22:11,347 INFO 1383: POS,0,C90C,3.94,1.51,-0.05,98,x59

2018-06-05 14:22:11,447 INFO 1384: POS,0,C90C,3.95,1.51,-0.04,50,x5A

2018-06-05 14:22:11,547 INFO 1385: POS,0,C90C,3.94,1.51,-0.04,90,x5B

2018-06-05 14:22:11,647 INFO 1386: POS,0,C90C,3.91,1.54,-0.03,83,x5C

2018-06-05 14:22:11,747 INFO 1387: POS,0,C90C,3.90,1.54,-0.02,88,x5D

2018-06-05 14:22:11,847 INFO 1388: POS,0,C90C,3.91,1.54,-0.05,50,x5E

2018-06-05 14:22:11,947 INFO 1389: POS,0,C90C,3.92,1.55,-0.06,92,x5F

2018-06-05 14:22:12,047 INFO 1390: POS,0,C90C,3.92,1.55,-0.07,96,x60

2018-06-05 14:22:12,145 INFO 1391: POS,0,C90C,3.93,1.56,-0.11,50,x61

2018-06-05 14:22:12,245 INFO 1392: POS,0,C90C,3.93,1.65,-0.18,100,x62

